CRITICAL - 2024-11-15 20:36:23 --> CodeIgniter\View\Exceptions\ViewException: Invalid file: "home/booking_appointment.php"
[Method: GET, Route: book-appointment]
in SYSTEMPATH\Exceptions\FrameworkException.php on line 41.
 1 SYSTEMPATH\View\View.php(222): CodeIgniter\Exceptions\FrameworkException::forInvalidFile('home/booking_appointment.php')
 2 SYSTEMPATH\Common.php(1171): CodeIgniter\View\View->render('home/booking_appointment', [], true)
 3 APPPATH\Controllers\AppointmentsController.php(36): view('home/booking_appointment', [...])
 4 SYSTEMPATH\CodeIgniter.php(933): App\Controllers\AppointmentsController->bookAppointment()
 5 SYSTEMPATH\CodeIgniter.php(509): CodeIgniter\CodeIgniter->runController(Object(App\Controllers\AppointmentsController))
 6 SYSTEMPATH\CodeIgniter.php(355): CodeIgniter\CodeIgniter->handleRequest(null, Object(Config\Cache), false)
 7 SYSTEMPATH\Boot.php(325): CodeIgniter\CodeIgniter->run()
 8 SYSTEMPATH\Boot.php(67): CodeIgniter\Boot::runCodeIgniter(Object(CodeIgniter\CodeIgniter))
 9 FCPATH\index.php(56): CodeIgniter\Boot::bootWeb(Object(Config\Paths))
10 SYSTEMPATH\rewrite.php(44): require_once('D:\\Web-project\\health-bridge\\public\\index.php')
CRITICAL - 2024-11-15 20:36:56 --> CodeIgniter\View\Exceptions\ViewException: Invalid file: "home/booking_appointment.php"
[Method: GET, Route: book-appointment]
in SYSTEMPATH\Exceptions\FrameworkException.php on line 41.
 1 SYSTEMPATH\View\View.php(222): CodeIgniter\Exceptions\FrameworkException::forInvalidFile('home/booking_appointment.php')
 2 SYSTEMPATH\Common.php(1171): CodeIgniter\View\View->render('home/booking_appointment', [], true)
 3 APPPATH\Controllers\AppointmentsController.php(36): view('home/booking_appointment', [...])
 4 SYSTEMPATH\CodeIgniter.php(933): App\Controllers\AppointmentsController->bookAppointment()
 5 SYSTEMPATH\CodeIgniter.php(509): CodeIgniter\CodeIgniter->runController(Object(App\Controllers\AppointmentsController))
 6 SYSTEMPATH\CodeIgniter.php(355): CodeIgniter\CodeIgniter->handleRequest(null, Object(Config\Cache), false)
 7 SYSTEMPATH\Boot.php(325): CodeIgniter\CodeIgniter->run()
 8 SYSTEMPATH\Boot.php(67): CodeIgniter\Boot::runCodeIgniter(Object(CodeIgniter\CodeIgniter))
 9 FCPATH\index.php(56): CodeIgniter\Boot::bootWeb(Object(Config\Paths))
10 SYSTEMPATH\rewrite.php(44): require_once('D:\\Web-project\\health-bridge\\public\\index.php')
