CRITICAL - 2024-12-04 11:40:34 --> ArgumentCountError: Too few arguments to function App\Controllers\DoctorController::update(), 0 passed in C:\xampp_\htdocs\health\health_bridge\health-bridge\system\CodeIgniter.php on line 933 and exactly 1 expected
[Method: POST, Route: doctors/update]
in APPPATH\Controllers\DoctorController.php on line 17.
 1 SYSTEMPATH\CodeIgniter.php(933): App\Controllers\DoctorController->update()
 2 SYSTEMPATH\CodeIgniter.php(509): CodeIgniter\CodeIgniter->runController(Object(App\Controllers\DoctorController))
 3 SYSTEMPATH\CodeIgniter.php(355): CodeIgniter\CodeIgniter->handleRequest(null, Object(Config\Cache), false)
 4 SYSTEMPATH\Boot.php(325): CodeIgniter\CodeIgniter->run()
 5 SYSTEMPATH\Boot.php(67): CodeIgniter\Boot::runCodeIgniter(Object(CodeIgniter\CodeIgniter))
 6 FCPATH\index.php(56): CodeIgniter\Boot::bootWeb(Object(Config\Paths))
 7 SYSTEMPATH\rewrite.php(44): require_once('C:\\xampp_\\htdocs\\health\\health_bridge\\health-bridge\\public\\index.php')
CRITICAL - 2024-12-04 11:44:56 --> ArgumentCountError: Too few arguments to function App\Controllers\DoctorController::update(), 0 passed in C:\xampp_\htdocs\health\health_bridge\health-bridge\system\CodeIgniter.php on line 933 and exactly 1 expected
[Method: POST, Route: admin-doctors/update]
in APPPATH\Controllers\DoctorController.php on line 17.
 1 SYSTEMPATH\CodeIgniter.php(933): App\Controllers\DoctorController->update()
 2 SYSTEMPATH\CodeIgniter.php(509): CodeIgniter\CodeIgniter->runController(Object(App\Controllers\DoctorController))
 3 SYSTEMPATH\CodeIgniter.php(355): CodeIgniter\CodeIgniter->handleRequest(null, Object(Config\Cache), false)
 4 SYSTEMPATH\Boot.php(325): CodeIgniter\CodeIgniter->run()
 5 SYSTEMPATH\Boot.php(67): CodeIgniter\Boot::runCodeIgniter(Object(CodeIgniter\CodeIgniter))
 6 FCPATH\index.php(56): CodeIgniter\Boot::bootWeb(Object(Config\Paths))
 7 SYSTEMPATH\rewrite.php(44): require_once('C:\\xampp_\\htdocs\\health\\health_bridge\\health-bridge\\public\\index.php')
CRITICAL - 2024-12-04 11:47:14 --> ArgumentCountError: Too few arguments to function App\Controllers\DoctorController::update(), 0 passed in C:\xampp_\htdocs\health\health_bridge\health-bridge\system\CodeIgniter.php on line 933 and exactly 1 expected
[Method: POST, Route: admin-doctors/update]
in APPPATH\Controllers\DoctorController.php on line 17.
 1 SYSTEMPATH\CodeIgniter.php(933): App\Controllers\DoctorController->update()
 2 SYSTEMPATH\CodeIgniter.php(509): CodeIgniter\CodeIgniter->runController(Object(App\Controllers\DoctorController))
 3 SYSTEMPATH\CodeIgniter.php(355): CodeIgniter\CodeIgniter->handleRequest(null, Object(Config\Cache), false)
 4 SYSTEMPATH\Boot.php(325): CodeIgniter\CodeIgniter->run()
 5 SYSTEMPATH\Boot.php(67): CodeIgniter\Boot::runCodeIgniter(Object(CodeIgniter\CodeIgniter))
 6 FCPATH\index.php(56): CodeIgniter\Boot::bootWeb(Object(Config\Paths))
 7 SYSTEMPATH\rewrite.php(44): require_once('C:\\xampp_\\htdocs\\health\\health_bridge\\health-bridge\\public\\index.php')
ERROR - 2024-12-04 12:15:51 --> mysqli_sql_exception: Cannot add or update a child row: a foreign key constraint fails (`health_bridge`.`patients`, CONSTRAINT `patients_user_id_foreign` FOREIGN KEY (`user_id`) REFERENCES `users` (`id`) ON DELETE CASCADE ON UPDATE CASCADE) in C:\xampp_\htdocs\health\health_bridge\health-bridge\system\Database\MySQLi\Connection.php:312
Stack trace:
#0 C:\xampp_\htdocs\health\health_bridge\health-bridge\system\Database\MySQLi\Connection.php(312): mysqli->query('INSERT INTO `pa...', 0)
#1 C:\xampp_\htdocs\health\health_bridge\health-bridge\system\Database\BaseConnection.php(734): CodeIgniter\Database\MySQLi\Connection->execute('INSERT INTO `pa...')
#2 C:\xampp_\htdocs\health\health_bridge\health-bridge\system\Database\BaseConnection.php(648): CodeIgniter\Database\BaseConnection->simpleQuery('INSERT INTO `pa...')
#3 C:\xampp_\htdocs\health\health_bridge\health-bridge\system\Database\BaseBuilder.php(2340): CodeIgniter\Database\BaseConnection->query('INSERT INTO `pa...', Array, false)
#4 C:\xampp_\htdocs\health\health_bridge\health-bridge\system\Model.php(394): CodeIgniter\Database\BaseBuilder->insert()
#5 C:\xampp_\htdocs\health\health_bridge\health-bridge\system\BaseModel.php(840): CodeIgniter\Model->doInsert(Array)
#6 C:\xampp_\htdocs\health\health_bridge\health-bridge\system\Model.php(802): CodeIgniter\BaseModel->insert(Array, true)
#7 C:\xampp_\htdocs\health\health_bridge\health-bridge\app\Controllers\PatientController.php(28): CodeIgniter\Model->insert(Array)
#8 C:\xampp_\htdocs\health\health_bridge\health-bridge\system\CodeIgniter.php(933): App\Controllers\PatientController->add()
#9 C:\xampp_\htdocs\health\health_bridge\health-bridge\system\CodeIgniter.php(509): CodeIgniter\CodeIgniter->runController(Object(App\Controllers\PatientController))
#10 C:\xampp_\htdocs\health\health_bridge\health-bridge\system\CodeIgniter.php(355): CodeIgniter\CodeIgniter->handleRequest(NULL, Object(Config\Cache), false)
#11 C:\xampp_\htdocs\health\health_bridge\health-bridge\system\Boot.php(325): CodeIgniter\CodeIgniter->run()
#12 C:\xampp_\htdocs\health\health_bridge\health-bridge\system\Boot.php(67): CodeIgniter\Boot::runCodeIgniter(Object(CodeIgniter\CodeIgniter))
#13 C:\xampp_\htdocs\health\health_bridge\health-bridge\public\index.php(56): CodeIgniter\Boot::bootWeb(Object(Config\Paths))
#14 C:\xampp_\htdocs\health\health_bridge\health-bridge\system\rewrite.php(44): require_once('C:\\xampp_\\htdoc...')
#15 {main}
CRITICAL - 2024-12-04 12:15:51 --> CodeIgniter\Database\Exceptions\DatabaseException: Cannot add or update a child row: a foreign key constraint fails (`health_bridge`.`patients`, CONSTRAINT `patients_user_id_foreign` FOREIGN KEY (`user_id`) REFERENCES `users` (`id`) ON DELETE CASCADE ON UPDATE CASCADE)
[Method: POST, Route: admin-patients/add]
in SYSTEMPATH\Database\BaseConnection.php on line 688.
 1 SYSTEMPATH\Database\BaseBuilder.php(2340): CodeIgniter\Database\BaseConnection->query('INSERT INTO `patients` (`phone`, `gender`, `address`, `birth_date`) VALUES (:phone:, :gender:, :address:, :birth_date:)', [...], false)
 2 SYSTEMPATH\Model.php(394): CodeIgniter\Database\BaseBuilder->insert()
 3 SYSTEMPATH\BaseModel.php(840): CodeIgniter\Model->doInsert([...])
 4 SYSTEMPATH\Model.php(802): CodeIgniter\BaseModel->insert([...], true)
 5 APPPATH\Controllers\PatientController.php(28): CodeIgniter\Model->insert([...])
 6 SYSTEMPATH\CodeIgniter.php(933): App\Controllers\PatientController->add()
 7 SYSTEMPATH\CodeIgniter.php(509): CodeIgniter\CodeIgniter->runController(Object(App\Controllers\PatientController))
 8 SYSTEMPATH\CodeIgniter.php(355): CodeIgniter\CodeIgniter->handleRequest(null, Object(Config\Cache), false)
 9 SYSTEMPATH\Boot.php(325): CodeIgniter\CodeIgniter->run()
10 SYSTEMPATH\Boot.php(67): CodeIgniter\Boot::runCodeIgniter(Object(CodeIgniter\CodeIgniter))
11 FCPATH\index.php(56): CodeIgniter\Boot::bootWeb(Object(Config\Paths))
12 SYSTEMPATH\rewrite.php(44): require_once('C:\\xampp_\\htdocs\\health\\health_bridge\\health-bridge\\public\\index.php')
CRITICAL - 2024-12-04 12:15:51 --> [Caused by] CodeIgniter\Database\Exceptions\DatabaseException: Cannot add or update a child row: a foreign key constraint fails (`health_bridge`.`patients`, CONSTRAINT `patients_user_id_foreign` FOREIGN KEY (`user_id`) REFERENCES `users` (`id`) ON DELETE CASCADE ON UPDATE CASCADE)
in SYSTEMPATH\Database\MySQLi\Connection.php on line 317.
 1 SYSTEMPATH\Database\BaseConnection.php(734): CodeIgniter\Database\MySQLi\Connection->execute('INSERT INTO `patients` (`phone`, `gender`, `address`, `birth_date`) VALUES (\'0641529373\', \'Male\', \'LOT TACHBART SIDI BLKASS TAROUDANT, SIDI BLKAS\', \'2002-02-22\')')
 2 SYSTEMPATH\Database\BaseConnection.php(648): CodeIgniter\Database\BaseConnection->simpleQuery('INSERT INTO `patients` (`phone`, `gender`, `address`, `birth_date`) VALUES (\'0641529373\', \'Male\', \'LOT TACHBART SIDI BLKASS TAROUDANT, SIDI BLKAS\', \'2002-02-22\')')
 3 SYSTEMPATH\Database\BaseBuilder.php(2340): CodeIgniter\Database\BaseConnection->query('INSERT INTO `patients` (`phone`, `gender`, `address`, `birth_date`) VALUES (:phone:, :gender:, :address:, :birth_date:)', [...], false)
 4 SYSTEMPATH\Model.php(394): CodeIgniter\Database\BaseBuilder->insert()
 5 SYSTEMPATH\BaseModel.php(840): CodeIgniter\Model->doInsert([...])
 6 SYSTEMPATH\Model.php(802): CodeIgniter\BaseModel->insert([...], true)
 7 APPPATH\Controllers\PatientController.php(28): CodeIgniter\Model->insert([...])
 8 SYSTEMPATH\CodeIgniter.php(933): App\Controllers\PatientController->add()
 9 SYSTEMPATH\CodeIgniter.php(509): CodeIgniter\CodeIgniter->runController(Object(App\Controllers\PatientController))
10 SYSTEMPATH\CodeIgniter.php(355): CodeIgniter\CodeIgniter->handleRequest(null, Object(Config\Cache), false)
11 SYSTEMPATH\Boot.php(325): CodeIgniter\CodeIgniter->run()
12 SYSTEMPATH\Boot.php(67): CodeIgniter\Boot::runCodeIgniter(Object(CodeIgniter\CodeIgniter))
13 FCPATH\index.php(56): CodeIgniter\Boot::bootWeb(Object(Config\Paths))
14 SYSTEMPATH\rewrite.php(44): require_once('C:\\xampp_\\htdocs\\health\\health_bridge\\health-bridge\\public\\index.php')
CRITICAL - 2024-12-04 12:15:51 --> [Caused by] mysqli_sql_exception: Cannot add or update a child row: a foreign key constraint fails (`health_bridge`.`patients`, CONSTRAINT `patients_user_id_foreign` FOREIGN KEY (`user_id`) REFERENCES `users` (`id`) ON DELETE CASCADE ON UPDATE CASCADE)
in SYSTEMPATH\Database\MySQLi\Connection.php on line 312.
 1 SYSTEMPATH\Database\MySQLi\Connection.php(312): mysqli->query('INSERT INTO `patients` (`phone`, `gender`, `address`, `birth_date`) VALUES (\'0641529373\', \'Male\', \'LOT TACHBART SIDI BLKASS TAROUDANT, SIDI BLKAS\', \'2002-02-22\')', 0)
 2 SYSTEMPATH\Database\BaseConnection.php(734): CodeIgniter\Database\MySQLi\Connection->execute('INSERT INTO `patients` (`phone`, `gender`, `address`, `birth_date`) VALUES (\'0641529373\', \'Male\', \'LOT TACHBART SIDI BLKASS TAROUDANT, SIDI BLKAS\', \'2002-02-22\')')
 3 SYSTEMPATH\Database\BaseConnection.php(648): CodeIgniter\Database\BaseConnection->simpleQuery('INSERT INTO `patients` (`phone`, `gender`, `address`, `birth_date`) VALUES (\'0641529373\', \'Male\', \'LOT TACHBART SIDI BLKASS TAROUDANT, SIDI BLKAS\', \'2002-02-22\')')
 4 SYSTEMPATH\Database\BaseBuilder.php(2340): CodeIgniter\Database\BaseConnection->query('INSERT INTO `patients` (`phone`, `gender`, `address`, `birth_date`) VALUES (:phone:, :gender:, :address:, :birth_date:)', [...], false)
 5 SYSTEMPATH\Model.php(394): CodeIgniter\Database\BaseBuilder->insert()
 6 SYSTEMPATH\BaseModel.php(840): CodeIgniter\Model->doInsert([...])
 7 SYSTEMPATH\Model.php(802): CodeIgniter\BaseModel->insert([...], true)
 8 APPPATH\Controllers\PatientController.php(28): CodeIgniter\Model->insert([...])
 9 SYSTEMPATH\CodeIgniter.php(933): App\Controllers\PatientController->add()
10 SYSTEMPATH\CodeIgniter.php(509): CodeIgniter\CodeIgniter->runController(Object(App\Controllers\PatientController))
11 SYSTEMPATH\CodeIgniter.php(355): CodeIgniter\CodeIgniter->handleRequest(null, Object(Config\Cache), false)
12 SYSTEMPATH\Boot.php(325): CodeIgniter\CodeIgniter->run()
13 SYSTEMPATH\Boot.php(67): CodeIgniter\Boot::runCodeIgniter(Object(CodeIgniter\CodeIgniter))
14 FCPATH\index.php(56): CodeIgniter\Boot::bootWeb(Object(Config\Paths))
15 SYSTEMPATH\rewrite.php(44): require_once('C:\\xampp_\\htdocs\\health\\health_bridge\\health-bridge\\public\\index.php')
ERROR - 2024-12-04 12:17:23 --> mysqli_sql_exception: Cannot add or update a child row: a foreign key constraint fails (`health_bridge`.`patients`, CONSTRAINT `patients_user_id_foreign` FOREIGN KEY (`user_id`) REFERENCES `users` (`id`) ON DELETE CASCADE ON UPDATE CASCADE) in C:\xampp_\htdocs\health\health_bridge\health-bridge\system\Database\MySQLi\Connection.php:312
Stack trace:
#0 C:\xampp_\htdocs\health\health_bridge\health-bridge\system\Database\MySQLi\Connection.php(312): mysqli->query('INSERT INTO `pa...', 0)
#1 C:\xampp_\htdocs\health\health_bridge\health-bridge\system\Database\BaseConnection.php(734): CodeIgniter\Database\MySQLi\Connection->execute('INSERT INTO `pa...')
#2 C:\xampp_\htdocs\health\health_bridge\health-bridge\system\Database\BaseConnection.php(648): CodeIgniter\Database\BaseConnection->simpleQuery('INSERT INTO `pa...')
#3 C:\xampp_\htdocs\health\health_bridge\health-bridge\system\Database\BaseBuilder.php(2340): CodeIgniter\Database\BaseConnection->query('INSERT INTO `pa...', Array, false)
#4 C:\xampp_\htdocs\health\health_bridge\health-bridge\system\Model.php(394): CodeIgniter\Database\BaseBuilder->insert()
#5 C:\xampp_\htdocs\health\health_bridge\health-bridge\system\BaseModel.php(840): CodeIgniter\Model->doInsert(Array)
#6 C:\xampp_\htdocs\health\health_bridge\health-bridge\system\Model.php(802): CodeIgniter\BaseModel->insert(Array, true)
#7 C:\xampp_\htdocs\health\health_bridge\health-bridge\app\Controllers\PatientController.php(28): CodeIgniter\Model->insert(Array)
#8 C:\xampp_\htdocs\health\health_bridge\health-bridge\system\CodeIgniter.php(933): App\Controllers\PatientController->add()
#9 C:\xampp_\htdocs\health\health_bridge\health-bridge\system\CodeIgniter.php(509): CodeIgniter\CodeIgniter->runController(Object(App\Controllers\PatientController))
#10 C:\xampp_\htdocs\health\health_bridge\health-bridge\system\CodeIgniter.php(355): CodeIgniter\CodeIgniter->handleRequest(NULL, Object(Config\Cache), false)
#11 C:\xampp_\htdocs\health\health_bridge\health-bridge\system\Boot.php(325): CodeIgniter\CodeIgniter->run()
#12 C:\xampp_\htdocs\health\health_bridge\health-bridge\system\Boot.php(67): CodeIgniter\Boot::runCodeIgniter(Object(CodeIgniter\CodeIgniter))
#13 C:\xampp_\htdocs\health\health_bridge\health-bridge\public\index.php(56): CodeIgniter\Boot::bootWeb(Object(Config\Paths))
#14 C:\xampp_\htdocs\health\health_bridge\health-bridge\system\rewrite.php(44): require_once('C:\\xampp_\\htdoc...')
#15 {main}
CRITICAL - 2024-12-04 12:17:23 --> CodeIgniter\Database\Exceptions\DatabaseException: Cannot add or update a child row: a foreign key constraint fails (`health_bridge`.`patients`, CONSTRAINT `patients_user_id_foreign` FOREIGN KEY (`user_id`) REFERENCES `users` (`id`) ON DELETE CASCADE ON UPDATE CASCADE)
[Method: POST, Route: admin-patients/add]
in SYSTEMPATH\Database\BaseConnection.php on line 688.
 1 SYSTEMPATH\Database\BaseBuilder.php(2340): CodeIgniter\Database\BaseConnection->query('INSERT INTO `patients` (`phone`, `gender`, `address`, `birth_date`) VALUES (:phone:, :gender:, :address:, :birth_date:)', [...], false)
 2 SYSTEMPATH\Model.php(394): CodeIgniter\Database\BaseBuilder->insert()
 3 SYSTEMPATH\BaseModel.php(840): CodeIgniter\Model->doInsert([...])
 4 SYSTEMPATH\Model.php(802): CodeIgniter\BaseModel->insert([...], true)
 5 APPPATH\Controllers\PatientController.php(28): CodeIgniter\Model->insert([...])
 6 SYSTEMPATH\CodeIgniter.php(933): App\Controllers\PatientController->add()
 7 SYSTEMPATH\CodeIgniter.php(509): CodeIgniter\CodeIgniter->runController(Object(App\Controllers\PatientController))
 8 SYSTEMPATH\CodeIgniter.php(355): CodeIgniter\CodeIgniter->handleRequest(null, Object(Config\Cache), false)
 9 SYSTEMPATH\Boot.php(325): CodeIgniter\CodeIgniter->run()
10 SYSTEMPATH\Boot.php(67): CodeIgniter\Boot::runCodeIgniter(Object(CodeIgniter\CodeIgniter))
11 FCPATH\index.php(56): CodeIgniter\Boot::bootWeb(Object(Config\Paths))
12 SYSTEMPATH\rewrite.php(44): require_once('C:\\xampp_\\htdocs\\health\\health_bridge\\health-bridge\\public\\index.php')
CRITICAL - 2024-12-04 12:17:23 --> [Caused by] CodeIgniter\Database\Exceptions\DatabaseException: Cannot add or update a child row: a foreign key constraint fails (`health_bridge`.`patients`, CONSTRAINT `patients_user_id_foreign` FOREIGN KEY (`user_id`) REFERENCES `users` (`id`) ON DELETE CASCADE ON UPDATE CASCADE)
in SYSTEMPATH\Database\MySQLi\Connection.php on line 317.
 1 SYSTEMPATH\Database\BaseConnection.php(734): CodeIgniter\Database\MySQLi\Connection->execute('INSERT INTO `patients` (`phone`, `gender`, `address`, `birth_date`) VALUES (\'0641529373\', \'Male\', \'LOT TACHBART SIDI BLKASS TAROUDANT, SIDI BLKAS\', \'2002-02-22\')')
 2 SYSTEMPATH\Database\BaseConnection.php(648): CodeIgniter\Database\BaseConnection->simpleQuery('INSERT INTO `patients` (`phone`, `gender`, `address`, `birth_date`) VALUES (\'0641529373\', \'Male\', \'LOT TACHBART SIDI BLKASS TAROUDANT, SIDI BLKAS\', \'2002-02-22\')')
 3 SYSTEMPATH\Database\BaseBuilder.php(2340): CodeIgniter\Database\BaseConnection->query('INSERT INTO `patients` (`phone`, `gender`, `address`, `birth_date`) VALUES (:phone:, :gender:, :address:, :birth_date:)', [...], false)
 4 SYSTEMPATH\Model.php(394): CodeIgniter\Database\BaseBuilder->insert()
 5 SYSTEMPATH\BaseModel.php(840): CodeIgniter\Model->doInsert([...])
 6 SYSTEMPATH\Model.php(802): CodeIgniter\BaseModel->insert([...], true)
 7 APPPATH\Controllers\PatientController.php(28): CodeIgniter\Model->insert([...])
 8 SYSTEMPATH\CodeIgniter.php(933): App\Controllers\PatientController->add()
 9 SYSTEMPATH\CodeIgniter.php(509): CodeIgniter\CodeIgniter->runController(Object(App\Controllers\PatientController))
10 SYSTEMPATH\CodeIgniter.php(355): CodeIgniter\CodeIgniter->handleRequest(null, Object(Config\Cache), false)
11 SYSTEMPATH\Boot.php(325): CodeIgniter\CodeIgniter->run()
12 SYSTEMPATH\Boot.php(67): CodeIgniter\Boot::runCodeIgniter(Object(CodeIgniter\CodeIgniter))
13 FCPATH\index.php(56): CodeIgniter\Boot::bootWeb(Object(Config\Paths))
14 SYSTEMPATH\rewrite.php(44): require_once('C:\\xampp_\\htdocs\\health\\health_bridge\\health-bridge\\public\\index.php')
CRITICAL - 2024-12-04 12:17:23 --> [Caused by] mysqli_sql_exception: Cannot add or update a child row: a foreign key constraint fails (`health_bridge`.`patients`, CONSTRAINT `patients_user_id_foreign` FOREIGN KEY (`user_id`) REFERENCES `users` (`id`) ON DELETE CASCADE ON UPDATE CASCADE)
in SYSTEMPATH\Database\MySQLi\Connection.php on line 312.
 1 SYSTEMPATH\Database\MySQLi\Connection.php(312): mysqli->query('INSERT INTO `patients` (`phone`, `gender`, `address`, `birth_date`) VALUES (\'0641529373\', \'Male\', \'LOT TACHBART SIDI BLKASS TAROUDANT, SIDI BLKAS\', \'2002-02-22\')', 0)
 2 SYSTEMPATH\Database\BaseConnection.php(734): CodeIgniter\Database\MySQLi\Connection->execute('INSERT INTO `patients` (`phone`, `gender`, `address`, `birth_date`) VALUES (\'0641529373\', \'Male\', \'LOT TACHBART SIDI BLKASS TAROUDANT, SIDI BLKAS\', \'2002-02-22\')')
 3 SYSTEMPATH\Database\BaseConnection.php(648): CodeIgniter\Database\BaseConnection->simpleQuery('INSERT INTO `patients` (`phone`, `gender`, `address`, `birth_date`) VALUES (\'0641529373\', \'Male\', \'LOT TACHBART SIDI BLKASS TAROUDANT, SIDI BLKAS\', \'2002-02-22\')')
 4 SYSTEMPATH\Database\BaseBuilder.php(2340): CodeIgniter\Database\BaseConnection->query('INSERT INTO `patients` (`phone`, `gender`, `address`, `birth_date`) VALUES (:phone:, :gender:, :address:, :birth_date:)', [...], false)
 5 SYSTEMPATH\Model.php(394): CodeIgniter\Database\BaseBuilder->insert()
 6 SYSTEMPATH\BaseModel.php(840): CodeIgniter\Model->doInsert([...])
 7 SYSTEMPATH\Model.php(802): CodeIgniter\BaseModel->insert([...], true)
 8 APPPATH\Controllers\PatientController.php(28): CodeIgniter\Model->insert([...])
 9 SYSTEMPATH\CodeIgniter.php(933): App\Controllers\PatientController->add()
10 SYSTEMPATH\CodeIgniter.php(509): CodeIgniter\CodeIgniter->runController(Object(App\Controllers\PatientController))
11 SYSTEMPATH\CodeIgniter.php(355): CodeIgniter\CodeIgniter->handleRequest(null, Object(Config\Cache), false)
12 SYSTEMPATH\Boot.php(325): CodeIgniter\CodeIgniter->run()
13 SYSTEMPATH\Boot.php(67): CodeIgniter\Boot::runCodeIgniter(Object(CodeIgniter\CodeIgniter))
14 FCPATH\index.php(56): CodeIgniter\Boot::bootWeb(Object(Config\Paths))
15 SYSTEMPATH\rewrite.php(44): require_once('C:\\xampp_\\htdocs\\health\\health_bridge\\health-bridge\\public\\index.php')
CRITICAL - 2024-12-04 13:31:16 --> ErrorException: Cannot declare class App\Controllers\PatientController, because the name is already in use
[Method: GET, Route: admin-patients]
in APPPATH\Views\admin\patients.php on line 8.
 1 [internal function]: CodeIgniter\Debug\Exceptions->shutdownHandler()
CRITICAL - 2024-12-04 13:31:17 --> ErrorException: Cannot declare class App\Controllers\PatientController, because the name is already in use
[Method: GET, Route: admin-patients]
in APPPATH\Views\admin\patients.php on line 8.
 1 [internal function]: CodeIgniter\Debug\Exceptions->shutdownHandler()
CRITICAL - 2024-12-04 13:32:16 --> ErrorException: Cannot declare class App\Controllers\PatientController, because the name is already in use
[Method: GET, Route: admin-patients]
in APPPATH\Views\admin\patients.php on line 8.
 1 [internal function]: CodeIgniter\Debug\Exceptions->shutdownHandler()
