ERROR - 2024-11-04 11:46:50 --> mysqli_sql_exception: Invalid default value for 'created_at' in D:\Web-project\health-bridge\system\Database\MySQLi\Connection.php:312
Stack trace:
#0 D:\Web-project\health-bridge\system\Database\MySQLi\Connection.php(312): mysqli->query('CREATE TABLE `u...', 0)
#1 D:\Web-project\health-bridge\system\Database\BaseConnection.php(734): CodeIgniter\Database\MySQLi\Connection->execute('CREATE TABLE `u...')
#2 D:\Web-project\health-bridge\system\Database\BaseConnection.php(648): CodeIgniter\Database\BaseConnection->simpleQuery('CREATE TABLE `u...')
#3 D:\Web-project\health-bridge\system\Database\Forge.php(570): CodeIgniter\Database\BaseConnection->query('CREATE TABLE `u...')
#4 D:\Web-project\health-bridge\app\Database\Migrations\2024-11-04-105846_CreateUsersTable.php(20): CodeIgniter\Database\Forge->createTable('users')
#5 D:\Web-project\health-bridge\system\Database\MigrationRunner.php(867): App\Database\Migrations\CreateUsersTable->up()
#6 D:\Web-project\health-bridge\system\Database\MigrationRunner.php(183): CodeIgniter\Database\MigrationRunner->migrate('up', Object(stdClass))
#7 D:\Web-project\health-bridge\system\Commands\Database\Migrate.php(85): CodeIgniter\Database\MigrationRunner->latest(NULL)
#8 D:\Web-project\health-bridge\system\CLI\Commands.php(70): CodeIgniter\Commands\Database\Migrate->run(Array)
#9 D:\Web-project\health-bridge\system\CLI\Console.php(48): CodeIgniter\CLI\Commands->run('migrate', Array)
#10 D:\Web-project\health-bridge\system\Boot.php(351): CodeIgniter\CLI\Console->run()
#11 D:\Web-project\health-bridge\system\Boot.php(104): CodeIgniter\Boot::runCommand(Object(CodeIgniter\CLI\Console))
#12 D:\Web-project\health-bridge\spark(84): CodeIgniter\Boot::bootSpark(Object(Config\Paths))
#13 {main}
ERROR - 2024-11-04 11:51:11 --> mysqli_sql_exception: Invalid default value for 'modified_at' in D:\Web-project\health-bridge\system\Database\MySQLi\Connection.php:312
Stack trace:
#0 D:\Web-project\health-bridge\system\Database\MySQLi\Connection.php(312): mysqli->query('CREATE TABLE `a...', 0)
#1 D:\Web-project\health-bridge\system\Database\BaseConnection.php(734): CodeIgniter\Database\MySQLi\Connection->execute('CREATE TABLE `a...')
#2 D:\Web-project\health-bridge\system\Database\BaseConnection.php(648): CodeIgniter\Database\BaseConnection->simpleQuery('CREATE TABLE `a...')
#3 D:\Web-project\health-bridge\system\Database\Forge.php(570): CodeIgniter\Database\BaseConnection->query('CREATE TABLE `a...')
#4 D:\Web-project\health-bridge\app\Database\Migrations\2024-11-04-105847_CreateAppointmentHistoryTable.php(19): CodeIgniter\Database\Forge->createTable('appointment_his...')
#5 D:\Web-project\health-bridge\system\Database\MigrationRunner.php(867): App\Database\Migrations\CreateAppointmentHistoryTable->up()
#6 D:\Web-project\health-bridge\system\Database\MigrationRunner.php(183): CodeIgniter\Database\MigrationRunner->migrate('up', Object(stdClass))
#7 D:\Web-project\health-bridge\system\Commands\Database\Migrate.php(85): CodeIgniter\Database\MigrationRunner->latest(NULL)
#8 D:\Web-project\health-bridge\system\CLI\Commands.php(70): CodeIgniter\Commands\Database\Migrate->run(Array)
#9 D:\Web-project\health-bridge\system\CLI\Console.php(48): CodeIgniter\CLI\Commands->run('migrate', Array)
#10 D:\Web-project\health-bridge\system\Boot.php(351): CodeIgniter\CLI\Console->run()
#11 D:\Web-project\health-bridge\system\Boot.php(104): CodeIgniter\Boot::runCommand(Object(CodeIgniter\CLI\Console))
#12 D:\Web-project\health-bridge\spark(84): CodeIgniter\Boot::bootSpark(Object(Config\Paths))
#13 {main}
ERROR - 2024-11-04 11:52:23 --> mysqli_sql_exception: Can't create table `health_bridge`.`appointment_history` (errno: 150 "Foreign key constraint is incorrectly formed") in D:\Web-project\health-bridge\system\Database\MySQLi\Connection.php:312
Stack trace:
#0 D:\Web-project\health-bridge\system\Database\MySQLi\Connection.php(312): mysqli->query('CREATE TABLE `a...', 0)
#1 D:\Web-project\health-bridge\system\Database\BaseConnection.php(734): CodeIgniter\Database\MySQLi\Connection->execute('CREATE TABLE `a...')
#2 D:\Web-project\health-bridge\system\Database\BaseConnection.php(648): CodeIgniter\Database\BaseConnection->simpleQuery('CREATE TABLE `a...')
#3 D:\Web-project\health-bridge\system\Database\Forge.php(570): CodeIgniter\Database\BaseConnection->query('CREATE TABLE `a...')
#4 D:\Web-project\health-bridge\app\Database\Migrations\2024-11-04-105847_CreateAppointmentHistoryTable.php(19): CodeIgniter\Database\Forge->createTable('appointment_his...')
#5 D:\Web-project\health-bridge\system\Database\MigrationRunner.php(867): App\Database\Migrations\CreateAppointmentHistoryTable->up()
#6 D:\Web-project\health-bridge\system\Database\MigrationRunner.php(183): CodeIgniter\Database\MigrationRunner->migrate('up', Object(stdClass))
#7 D:\Web-project\health-bridge\system\Commands\Database\Migrate.php(85): CodeIgniter\Database\MigrationRunner->latest(NULL)
#8 D:\Web-project\health-bridge\system\CLI\Commands.php(70): CodeIgniter\Commands\Database\Migrate->run(Array)
#9 D:\Web-project\health-bridge\system\CLI\Console.php(48): CodeIgniter\CLI\Commands->run('migrate', Array)
#10 D:\Web-project\health-bridge\system\Boot.php(351): CodeIgniter\CLI\Console->run()
#11 D:\Web-project\health-bridge\system\Boot.php(104): CodeIgniter\Boot::runCommand(Object(CodeIgniter\CLI\Console))
#12 D:\Web-project\health-bridge\spark(84): CodeIgniter\Boot::bootSpark(Object(Config\Paths))
#13 {main}
ERROR - 2024-11-04 12:08:27 --> mysqli_sql_exception: Can't create table `health_bridge`.`appointment_history` (errno: 150 "Foreign key constraint is incorrectly formed") in D:\Web-project\health-bridge\system\Database\MySQLi\Connection.php:312
Stack trace:
#0 D:\Web-project\health-bridge\system\Database\MySQLi\Connection.php(312): mysqli->query('CREATE TABLE `a...', 0)
#1 D:\Web-project\health-bridge\system\Database\BaseConnection.php(734): CodeIgniter\Database\MySQLi\Connection->execute('CREATE TABLE `a...')
#2 D:\Web-project\health-bridge\system\Database\BaseConnection.php(648): CodeIgniter\Database\BaseConnection->simpleQuery('CREATE TABLE `a...')
#3 D:\Web-project\health-bridge\system\Database\Forge.php(570): CodeIgniter\Database\BaseConnection->query('CREATE TABLE `a...')
#4 D:\Web-project\health-bridge\app\Database\Migrations\2024-11-04-105847_CreateAppointmentHistoryTable.php(19): CodeIgniter\Database\Forge->createTable('appointment_his...')
#5 D:\Web-project\health-bridge\system\Database\MigrationRunner.php(867): App\Database\Migrations\CreateAppointmentHistoryTable->up()
#6 D:\Web-project\health-bridge\system\Database\MigrationRunner.php(183): CodeIgniter\Database\MigrationRunner->migrate('up', Object(stdClass))
#7 D:\Web-project\health-bridge\system\Commands\Database\Migrate.php(85): CodeIgniter\Database\MigrationRunner->latest(NULL)
#8 D:\Web-project\health-bridge\system\CLI\Commands.php(70): CodeIgniter\Commands\Database\Migrate->run(Array)
#9 D:\Web-project\health-bridge\system\CLI\Console.php(48): CodeIgniter\CLI\Commands->run('migrate', Array)
#10 D:\Web-project\health-bridge\system\Boot.php(351): CodeIgniter\CLI\Console->run()
#11 D:\Web-project\health-bridge\system\Boot.php(104): CodeIgniter\Boot::runCommand(Object(CodeIgniter\CLI\Console))
#12 D:\Web-project\health-bridge\spark(84): CodeIgniter\Boot::bootSpark(Object(Config\Paths))
#13 {main}
ERROR - 2024-11-04 12:08:27 --> mysqli_sql_exception: Can't create table `health_bridge`.`appointment_history` (errno: 150 "Foreign key constraint is incorrectly formed") in D:\Web-project\health-bridge\system\Database\MySQLi\Connection.php:312
Stack trace:
#0 D:\Web-project\health-bridge\system\Database\MySQLi\Connection.php(312): mysqli->query('CREATE TABLE `a...', 0)
#1 D:\Web-project\health-bridge\system\Database\BaseConnection.php(734): CodeIgniter\Database\MySQLi\Connection->execute('CREATE TABLE `a...')
#2 D:\Web-project\health-bridge\system\Database\BaseConnection.php(648): CodeIgniter\Database\BaseConnection->simpleQuery('CREATE TABLE `a...')
#3 D:\Web-project\health-bridge\system\Database\Forge.php(570): CodeIgniter\Database\BaseConnection->query('CREATE TABLE `a...')
#4 D:\Web-project\health-bridge\app\Database\Migrations\2024-11-04-105847_CreateAppointmentHistoryTable.php(19): CodeIgniter\Database\Forge->createTable('appointment_his...')
#5 D:\Web-project\health-bridge\system\Database\MigrationRunner.php(867): App\Database\Migrations\CreateAppointmentHistoryTable->up()
#6 D:\Web-project\health-bridge\system\Database\MigrationRunner.php(183): CodeIgniter\Database\MigrationRunner->migrate('up', Object(stdClass))
#7 D:\Web-project\health-bridge\system\Commands\Database\Migrate.php(85): CodeIgniter\Database\MigrationRunner->latest(NULL)
#8 D:\Web-project\health-bridge\system\CLI\Commands.php(70): CodeIgniter\Commands\Database\Migrate->run(Array)
#9 D:\Web-project\health-bridge\system\CLI\Console.php(48): CodeIgniter\CLI\Commands->run('migrate', Array)
#10 D:\Web-project\health-bridge\system\Boot.php(351): CodeIgniter\CLI\Console->run()
#11 D:\Web-project\health-bridge\system\Boot.php(104): CodeIgniter\Boot::runCommand(Object(CodeIgniter\CLI\Console))
#12 D:\Web-project\health-bridge\spark(84): CodeIgniter\Boot::bootSpark(Object(Config\Paths))
#13 {main}
ERROR - 2024-11-04 12:12:17 --> mysqli_sql_exception: Can't create table `health_bridge`.`appointment_history` (errno: 150 "Foreign key constraint is incorrectly formed") in D:\Web-project\health-bridge\system\Database\MySQLi\Connection.php:312
Stack trace:
#0 D:\Web-project\health-bridge\system\Database\MySQLi\Connection.php(312): mysqli->query('CREATE TABLE `a...', 0)
#1 D:\Web-project\health-bridge\system\Database\BaseConnection.php(734): CodeIgniter\Database\MySQLi\Connection->execute('CREATE TABLE `a...')
#2 D:\Web-project\health-bridge\system\Database\BaseConnection.php(648): CodeIgniter\Database\BaseConnection->simpleQuery('CREATE TABLE `a...')
#3 D:\Web-project\health-bridge\system\Database\Forge.php(570): CodeIgniter\Database\BaseConnection->query('CREATE TABLE `a...')
#4 D:\Web-project\health-bridge\app\Database\Migrations\2024-11-04-105847_CreateAppointmentHistoryTable.php(19): CodeIgniter\Database\Forge->createTable('appointment_his...')
#5 D:\Web-project\health-bridge\system\Database\MigrationRunner.php(867): App\Database\Migrations\CreateAppointmentHistoryTable->up()
#6 D:\Web-project\health-bridge\system\Database\MigrationRunner.php(183): CodeIgniter\Database\MigrationRunner->migrate('up', Object(stdClass))
#7 D:\Web-project\health-bridge\system\Commands\Database\Migrate.php(85): CodeIgniter\Database\MigrationRunner->latest(NULL)
#8 D:\Web-project\health-bridge\system\CLI\Commands.php(70): CodeIgniter\Commands\Database\Migrate->run(Array)
#9 D:\Web-project\health-bridge\system\CLI\BaseCommand.php(119): CodeIgniter\CLI\Commands->run('migrate', Array)
#10 D:\Web-project\health-bridge\system\Commands\Database\MigrateRefresh.php(87): CodeIgniter\CLI\BaseCommand->call('migrate', Array)
#11 D:\Web-project\health-bridge\system\CLI\Commands.php(70): CodeIgniter\Commands\Database\MigrateRefresh->run(Array)
#12 D:\Web-project\health-bridge\system\CLI\Console.php(48): CodeIgniter\CLI\Commands->run('migrate:refresh', Array)
#13 D:\Web-project\health-bridge\system\Boot.php(351): CodeIgniter\CLI\Console->run()
#14 D:\Web-project\health-bridge\system\Boot.php(104): CodeIgniter\Boot::runCommand(Object(CodeIgniter\CLI\Console))
#15 D:\Web-project\health-bridge\spark(84): CodeIgniter\Boot::bootSpark(Object(Config\Paths))
#16 {main}
ERROR - 2024-11-04 12:12:19 --> mysqli_sql_exception: Can't create table `health_bridge`.`appointment_history` (errno: 150 "Foreign key constraint is incorrectly formed") in D:\Web-project\health-bridge\system\Database\MySQLi\Connection.php:312
Stack trace:
#0 D:\Web-project\health-bridge\system\Database\MySQLi\Connection.php(312): mysqli->query('CREATE TABLE `a...', 0)
#1 D:\Web-project\health-bridge\system\Database\BaseConnection.php(734): CodeIgniter\Database\MySQLi\Connection->execute('CREATE TABLE `a...')
#2 D:\Web-project\health-bridge\system\Database\BaseConnection.php(648): CodeIgniter\Database\BaseConnection->simpleQuery('CREATE TABLE `a...')
#3 D:\Web-project\health-bridge\system\Database\Forge.php(570): CodeIgniter\Database\BaseConnection->query('CREATE TABLE `a...')
#4 D:\Web-project\health-bridge\app\Database\Migrations\2024-11-04-105847_CreateAppointmentHistoryTable.php(19): CodeIgniter\Database\Forge->createTable('appointment_his...')
#5 D:\Web-project\health-bridge\system\Database\MigrationRunner.php(867): App\Database\Migrations\CreateAppointmentHistoryTable->up()
#6 D:\Web-project\health-bridge\system\Database\MigrationRunner.php(183): CodeIgniter\Database\MigrationRunner->migrate('up', Object(stdClass))
#7 D:\Web-project\health-bridge\system\Commands\Database\Migrate.php(85): CodeIgniter\Database\MigrationRunner->latest(NULL)
#8 D:\Web-project\health-bridge\system\CLI\Commands.php(70): CodeIgniter\Commands\Database\Migrate->run(Array)
#9 D:\Web-project\health-bridge\system\CLI\BaseCommand.php(119): CodeIgniter\CLI\Commands->run('migrate', Array)
#10 D:\Web-project\health-bridge\system\Commands\Database\MigrateRefresh.php(87): CodeIgniter\CLI\BaseCommand->call('migrate', Array)
#11 D:\Web-project\health-bridge\system\CLI\Commands.php(70): CodeIgniter\Commands\Database\MigrateRefresh->run(Array)
#12 D:\Web-project\health-bridge\system\CLI\Console.php(48): CodeIgniter\CLI\Commands->run('migrate:refresh', Array)
#13 D:\Web-project\health-bridge\system\Boot.php(351): CodeIgniter\CLI\Console->run()
#14 D:\Web-project\health-bridge\system\Boot.php(104): CodeIgniter\Boot::runCommand(Object(CodeIgniter\CLI\Console))
#15 D:\Web-project\health-bridge\spark(84): CodeIgniter\Boot::bootSpark(Object(Config\Paths))
#16 {main}
ERROR - 2024-11-04 12:12:23 --> mysqli_sql_exception: Can't create table `health_bridge`.`appointment_history` (errno: 150 "Foreign key constraint is incorrectly formed") in D:\Web-project\health-bridge\system\Database\MySQLi\Connection.php:312
Stack trace:
#0 D:\Web-project\health-bridge\system\Database\MySQLi\Connection.php(312): mysqli->query('CREATE TABLE `a...', 0)
#1 D:\Web-project\health-bridge\system\Database\BaseConnection.php(734): CodeIgniter\Database\MySQLi\Connection->execute('CREATE TABLE `a...')
#2 D:\Web-project\health-bridge\system\Database\BaseConnection.php(648): CodeIgniter\Database\BaseConnection->simpleQuery('CREATE TABLE `a...')
#3 D:\Web-project\health-bridge\system\Database\Forge.php(570): CodeIgniter\Database\BaseConnection->query('CREATE TABLE `a...')
#4 D:\Web-project\health-bridge\app\Database\Migrations\2024-11-04-105847_CreateAppointmentHistoryTable.php(19): CodeIgniter\Database\Forge->createTable('appointment_his...')
#5 D:\Web-project\health-bridge\system\Database\MigrationRunner.php(867): App\Database\Migrations\CreateAppointmentHistoryTable->up()
#6 D:\Web-project\health-bridge\system\Database\MigrationRunner.php(183): CodeIgniter\Database\MigrationRunner->migrate('up', Object(stdClass))
#7 D:\Web-project\health-bridge\system\Commands\Database\Migrate.php(85): CodeIgniter\Database\MigrationRunner->latest(NULL)
#8 D:\Web-project\health-bridge\system\CLI\Commands.php(70): CodeIgniter\Commands\Database\Migrate->run(Array)
#9 D:\Web-project\health-bridge\system\CLI\BaseCommand.php(119): CodeIgniter\CLI\Commands->run('migrate', Array)
#10 D:\Web-project\health-bridge\system\Commands\Database\MigrateRefresh.php(87): CodeIgniter\CLI\BaseCommand->call('migrate', Array)
#11 D:\Web-project\health-bridge\system\CLI\Commands.php(70): CodeIgniter\Commands\Database\MigrateRefresh->run(Array)
#12 D:\Web-project\health-bridge\system\CLI\Console.php(48): CodeIgniter\CLI\Commands->run('migrate:refresh', Array)
#13 D:\Web-project\health-bridge\system\Boot.php(351): CodeIgniter\CLI\Console->run()
#14 D:\Web-project\health-bridge\system\Boot.php(104): CodeIgniter\Boot::runCommand(Object(CodeIgniter\CLI\Console))
#15 D:\Web-project\health-bridge\spark(84): CodeIgniter\Boot::bootSpark(Object(Config\Paths))
#16 {main}
ERROR - 2024-11-04 12:12:24 --> mysqli_sql_exception: Can't create table `health_bridge`.`appointment_history` (errno: 150 "Foreign key constraint is incorrectly formed") in D:\Web-project\health-bridge\system\Database\MySQLi\Connection.php:312
Stack trace:
#0 D:\Web-project\health-bridge\system\Database\MySQLi\Connection.php(312): mysqli->query('CREATE TABLE `a...', 0)
#1 D:\Web-project\health-bridge\system\Database\BaseConnection.php(734): CodeIgniter\Database\MySQLi\Connection->execute('CREATE TABLE `a...')
#2 D:\Web-project\health-bridge\system\Database\BaseConnection.php(648): CodeIgniter\Database\BaseConnection->simpleQuery('CREATE TABLE `a...')
#3 D:\Web-project\health-bridge\system\Database\Forge.php(570): CodeIgniter\Database\BaseConnection->query('CREATE TABLE `a...')
#4 D:\Web-project\health-bridge\app\Database\Migrations\2024-11-04-105847_CreateAppointmentHistoryTable.php(19): CodeIgniter\Database\Forge->createTable('appointment_his...')
#5 D:\Web-project\health-bridge\system\Database\MigrationRunner.php(867): App\Database\Migrations\CreateAppointmentHistoryTable->up()
#6 D:\Web-project\health-bridge\system\Database\MigrationRunner.php(183): CodeIgniter\Database\MigrationRunner->migrate('up', Object(stdClass))
#7 D:\Web-project\health-bridge\system\Commands\Database\Migrate.php(85): CodeIgniter\Database\MigrationRunner->latest(NULL)
#8 D:\Web-project\health-bridge\system\CLI\Commands.php(70): CodeIgniter\Commands\Database\Migrate->run(Array)
#9 D:\Web-project\health-bridge\system\CLI\BaseCommand.php(119): CodeIgniter\CLI\Commands->run('migrate', Array)
#10 D:\Web-project\health-bridge\system\Commands\Database\MigrateRefresh.php(87): CodeIgniter\CLI\BaseCommand->call('migrate', Array)
#11 D:\Web-project\health-bridge\system\CLI\Commands.php(70): CodeIgniter\Commands\Database\MigrateRefresh->run(Array)
#12 D:\Web-project\health-bridge\system\CLI\Console.php(48): CodeIgniter\CLI\Commands->run('migrate:refresh', Array)
#13 D:\Web-project\health-bridge\system\Boot.php(351): CodeIgniter\CLI\Console->run()
#14 D:\Web-project\health-bridge\system\Boot.php(104): CodeIgniter\Boot::runCommand(Object(CodeIgniter\CLI\Console))
#15 D:\Web-project\health-bridge\spark(84): CodeIgniter\Boot::bootSpark(Object(Config\Paths))
#16 {main}
ERROR - 2024-11-04 12:13:55 --> mysqli_sql_exception: Can't create table `health_bridge`.`appointment_history` (errno: 150 "Foreign key constraint is incorrectly formed") in D:\Web-project\health-bridge\system\Database\MySQLi\Connection.php:312
Stack trace:
#0 D:\Web-project\health-bridge\system\Database\MySQLi\Connection.php(312): mysqli->query('CREATE TABLE `a...', 0)
#1 D:\Web-project\health-bridge\system\Database\BaseConnection.php(734): CodeIgniter\Database\MySQLi\Connection->execute('CREATE TABLE `a...')
#2 D:\Web-project\health-bridge\system\Database\BaseConnection.php(648): CodeIgniter\Database\BaseConnection->simpleQuery('CREATE TABLE `a...')
#3 D:\Web-project\health-bridge\system\Database\Forge.php(570): CodeIgniter\Database\BaseConnection->query('CREATE TABLE `a...')
#4 D:\Web-project\health-bridge\app\Database\Migrations\2024-11-04-105847_CreateAppointmentHistoryTable.php(19): CodeIgniter\Database\Forge->createTable('appointment_his...')
#5 D:\Web-project\health-bridge\system\Database\MigrationRunner.php(867): App\Database\Migrations\CreateAppointmentHistoryTable->up()
#6 D:\Web-project\health-bridge\system\Database\MigrationRunner.php(183): CodeIgniter\Database\MigrationRunner->migrate('up', Object(stdClass))
#7 D:\Web-project\health-bridge\system\Commands\Database\Migrate.php(85): CodeIgniter\Database\MigrationRunner->latest(NULL)
#8 D:\Web-project\health-bridge\system\CLI\Commands.php(70): CodeIgniter\Commands\Database\Migrate->run(Array)
#9 D:\Web-project\health-bridge\system\CLI\Console.php(48): CodeIgniter\CLI\Commands->run('migrate', Array)
#10 D:\Web-project\health-bridge\system\Boot.php(351): CodeIgniter\CLI\Console->run()
#11 D:\Web-project\health-bridge\system\Boot.php(104): CodeIgniter\Boot::runCommand(Object(CodeIgniter\CLI\Console))
#12 D:\Web-project\health-bridge\spark(84): CodeIgniter\Boot::bootSpark(Object(Config\Paths))
#13 {main}
ERROR - 2024-11-04 12:13:55 --> mysqli_sql_exception: Can't create table `health_bridge`.`appointment_history` (errno: 150 "Foreign key constraint is incorrectly formed") in D:\Web-project\health-bridge\system\Database\MySQLi\Connection.php:312
Stack trace:
#0 D:\Web-project\health-bridge\system\Database\MySQLi\Connection.php(312): mysqli->query('CREATE TABLE `a...', 0)
#1 D:\Web-project\health-bridge\system\Database\BaseConnection.php(734): CodeIgniter\Database\MySQLi\Connection->execute('CREATE TABLE `a...')
#2 D:\Web-project\health-bridge\system\Database\BaseConnection.php(648): CodeIgniter\Database\BaseConnection->simpleQuery('CREATE TABLE `a...')
#3 D:\Web-project\health-bridge\system\Database\Forge.php(570): CodeIgniter\Database\BaseConnection->query('CREATE TABLE `a...')
#4 D:\Web-project\health-bridge\app\Database\Migrations\2024-11-04-105847_CreateAppointmentHistoryTable.php(19): CodeIgniter\Database\Forge->createTable('appointment_his...')
#5 D:\Web-project\health-bridge\system\Database\MigrationRunner.php(867): App\Database\Migrations\CreateAppointmentHistoryTable->up()
#6 D:\Web-project\health-bridge\system\Database\MigrationRunner.php(183): CodeIgniter\Database\MigrationRunner->migrate('up', Object(stdClass))
#7 D:\Web-project\health-bridge\system\Commands\Database\Migrate.php(85): CodeIgniter\Database\MigrationRunner->latest(NULL)
#8 D:\Web-project\health-bridge\system\CLI\Commands.php(70): CodeIgniter\Commands\Database\Migrate->run(Array)
#9 D:\Web-project\health-bridge\system\CLI\Console.php(48): CodeIgniter\CLI\Commands->run('migrate', Array)
#10 D:\Web-project\health-bridge\system\Boot.php(351): CodeIgniter\CLI\Console->run()
#11 D:\Web-project\health-bridge\system\Boot.php(104): CodeIgniter\Boot::runCommand(Object(CodeIgniter\CLI\Console))
#12 D:\Web-project\health-bridge\spark(84): CodeIgniter\Boot::bootSpark(Object(Config\Paths))
#13 {main}
ERROR - 2024-11-04 12:13:56 --> mysqli_sql_exception: Can't create table `health_bridge`.`appointment_history` (errno: 150 "Foreign key constraint is incorrectly formed") in D:\Web-project\health-bridge\system\Database\MySQLi\Connection.php:312
Stack trace:
#0 D:\Web-project\health-bridge\system\Database\MySQLi\Connection.php(312): mysqli->query('CREATE TABLE `a...', 0)
#1 D:\Web-project\health-bridge\system\Database\BaseConnection.php(734): CodeIgniter\Database\MySQLi\Connection->execute('CREATE TABLE `a...')
#2 D:\Web-project\health-bridge\system\Database\BaseConnection.php(648): CodeIgniter\Database\BaseConnection->simpleQuery('CREATE TABLE `a...')
#3 D:\Web-project\health-bridge\system\Database\Forge.php(570): CodeIgniter\Database\BaseConnection->query('CREATE TABLE `a...')
#4 D:\Web-project\health-bridge\app\Database\Migrations\2024-11-04-105847_CreateAppointmentHistoryTable.php(19): CodeIgniter\Database\Forge->createTable('appointment_his...')
#5 D:\Web-project\health-bridge\system\Database\MigrationRunner.php(867): App\Database\Migrations\CreateAppointmentHistoryTable->up()
#6 D:\Web-project\health-bridge\system\Database\MigrationRunner.php(183): CodeIgniter\Database\MigrationRunner->migrate('up', Object(stdClass))
#7 D:\Web-project\health-bridge\system\Commands\Database\Migrate.php(85): CodeIgniter\Database\MigrationRunner->latest(NULL)
#8 D:\Web-project\health-bridge\system\CLI\Commands.php(70): CodeIgniter\Commands\Database\Migrate->run(Array)
#9 D:\Web-project\health-bridge\system\CLI\Console.php(48): CodeIgniter\CLI\Commands->run('migrate', Array)
#10 D:\Web-project\health-bridge\system\Boot.php(351): CodeIgniter\CLI\Console->run()
#11 D:\Web-project\health-bridge\system\Boot.php(104): CodeIgniter\Boot::runCommand(Object(CodeIgniter\CLI\Console))
#12 D:\Web-project\health-bridge\spark(84): CodeIgniter\Boot::bootSpark(Object(Config\Paths))
#13 {main}
ERROR - 2024-11-04 12:13:56 --> mysqli_sql_exception: Can't create table `health_bridge`.`appointment_history` (errno: 150 "Foreign key constraint is incorrectly formed") in D:\Web-project\health-bridge\system\Database\MySQLi\Connection.php:312
Stack trace:
#0 D:\Web-project\health-bridge\system\Database\MySQLi\Connection.php(312): mysqli->query('CREATE TABLE `a...', 0)
#1 D:\Web-project\health-bridge\system\Database\BaseConnection.php(734): CodeIgniter\Database\MySQLi\Connection->execute('CREATE TABLE `a...')
#2 D:\Web-project\health-bridge\system\Database\BaseConnection.php(648): CodeIgniter\Database\BaseConnection->simpleQuery('CREATE TABLE `a...')
#3 D:\Web-project\health-bridge\system\Database\Forge.php(570): CodeIgniter\Database\BaseConnection->query('CREATE TABLE `a...')
#4 D:\Web-project\health-bridge\app\Database\Migrations\2024-11-04-105847_CreateAppointmentHistoryTable.php(19): CodeIgniter\Database\Forge->createTable('appointment_his...')
#5 D:\Web-project\health-bridge\system\Database\MigrationRunner.php(867): App\Database\Migrations\CreateAppointmentHistoryTable->up()
#6 D:\Web-project\health-bridge\system\Database\MigrationRunner.php(183): CodeIgniter\Database\MigrationRunner->migrate('up', Object(stdClass))
#7 D:\Web-project\health-bridge\system\Commands\Database\Migrate.php(85): CodeIgniter\Database\MigrationRunner->latest(NULL)
#8 D:\Web-project\health-bridge\system\CLI\Commands.php(70): CodeIgniter\Commands\Database\Migrate->run(Array)
#9 D:\Web-project\health-bridge\system\CLI\Console.php(48): CodeIgniter\CLI\Commands->run('migrate', Array)
#10 D:\Web-project\health-bridge\system\Boot.php(351): CodeIgniter\CLI\Console->run()
#11 D:\Web-project\health-bridge\system\Boot.php(104): CodeIgniter\Boot::runCommand(Object(CodeIgniter\CLI\Console))
#12 D:\Web-project\health-bridge\spark(84): CodeIgniter\Boot::bootSpark(Object(Config\Paths))
#13 {main}
