<<<<<<< HEAD
ERROR - 2024-11-27 10:46:49 --> Error connecting to the database: mysqli_sql_exception: Aucune connexion n’a pu être établie car l’ordinateur cible l’a expressément refusée in C:\xampp_\htdocs\health\health_bridge\health-bridge\system\Database\MySQLi\Connection.php:187
Stack trace:
#0 C:\xampp_\htdocs\health\health_bridge\health-bridge\system\Database\MySQLi\Connection.php(187): mysqli->real_connect('localhost', 'root', '', 'health_bridge', 3306, '', 0)
#1 C:\xampp_\htdocs\health\health_bridge\health-bridge\system\Database\BaseConnection.php(421): CodeIgniter\Database\MySQLi\Connection->connect(false)
#2 C:\xampp_\htdocs\health\health_bridge\health-bridge\system\Database\BaseConnection.php(616): CodeIgniter\Database\BaseConnection->initialize()
#3 C:\xampp_\htdocs\health\health_bridge\health-bridge\system\Database\BaseBuilder.php(1644): CodeIgniter\Database\BaseConnection->query('SELECT *\nFROM `...', Array, false)
#4 C:\xampp_\htdocs\health\health_bridge\health-bridge\system\Model.php(330): CodeIgniter\Database\BaseBuilder->get()
#5 C:\xampp_\htdocs\health\health_bridge\health-bridge\system\BaseModel.php(714): CodeIgniter\Model->doFirst()
#6 C:\xampp_\htdocs\health\health_bridge\health-bridge\app\Controllers\Auth.php(90): CodeIgniter\BaseModel->first()
#7 C:\xampp_\htdocs\health\health_bridge\health-bridge\system\CodeIgniter.php(933): App\Controllers\Auth->authenticate()
#8 C:\xampp_\htdocs\health\health_bridge\health-bridge\system\CodeIgniter.php(509): CodeIgniter\CodeIgniter->runController(Object(App\Controllers\Auth))
#9 C:\xampp_\htdocs\health\health_bridge\health-bridge\system\CodeIgniter.php(355): CodeIgniter\CodeIgniter->handleRequest(NULL, Object(Config\Cache), false)
#10 C:\xampp_\htdocs\health\health_bridge\health-bridge\system\Boot.php(325): CodeIgniter\CodeIgniter->run()
#11 C:\xampp_\htdocs\health\health_bridge\health-bridge\system\Boot.php(67): CodeIgniter\Boot::runCodeIgniter(Object(CodeIgniter\CodeIgniter))
#12 C:\xampp_\htdocs\health\health_bridge\health-bridge\public\index.php(56): CodeIgniter\Boot::bootWeb(Object(Config\Paths))
#13 C:\xampp_\htdocs\health\health_bridge\health-bridge\system\rewrite.php(44): require_once('C:\\xampp_\\htdoc...')
#14 {main}

Next CodeIgniter\Database\Exceptions\DatabaseException: Aucune connexion n’a pu être établie car l’ordinateur cible l’a expressément refusée in C:\xampp_\htdocs\health\health_bridge\health-bridge\system\Database\MySQLi\Connection.php:231
Stack trace:
#0 C:\xampp_\htdocs\health\health_bridge\health-bridge\system\Database\BaseConnection.php(421): CodeIgniter\Database\MySQLi\Connection->connect(false)
#1 C:\xampp_\htdocs\health\health_bridge\health-bridge\system\Database\BaseConnection.php(616): CodeIgniter\Database\BaseConnection->initialize()
#2 C:\xampp_\htdocs\health\health_bridge\health-bridge\system\Database\BaseBuilder.php(1644): CodeIgniter\Database\BaseConnection->query('SELECT *\nFROM `...', Array, false)
#3 C:\xampp_\htdocs\health\health_bridge\health-bridge\system\Model.php(330): CodeIgniter\Database\BaseBuilder->get()
#4 C:\xampp_\htdocs\health\health_bridge\health-bridge\system\BaseModel.php(714): CodeIgniter\Model->doFirst()
#5 C:\xampp_\htdocs\health\health_bridge\health-bridge\app\Controllers\Auth.php(90): CodeIgniter\BaseModel->first()
#6 C:\xampp_\htdocs\health\health_bridge\health-bridge\system\CodeIgniter.php(933): App\Controllers\Auth->authenticate()
#7 C:\xampp_\htdocs\health\health_bridge\health-bridge\system\CodeIgniter.php(509): CodeIgniter\CodeIgniter->runController(Object(App\Controllers\Auth))
#8 C:\xampp_\htdocs\health\health_bridge\health-bridge\system\CodeIgniter.php(355): CodeIgniter\CodeIgniter->handleRequest(NULL, Object(Config\Cache), false)
#9 C:\xampp_\htdocs\health\health_bridge\health-bridge\system\Boot.php(325): CodeIgniter\CodeIgniter->run()
#10 C:\xampp_\htdocs\health\health_bridge\health-bridge\system\Boot.php(67): CodeIgniter\Boot::runCodeIgniter(Object(CodeIgniter\CodeIgniter))
#11 C:\xampp_\htdocs\health\health_bridge\health-bridge\public\index.php(56): CodeIgniter\Boot::bootWeb(Object(Config\Paths))
#12 C:\xampp_\htdocs\health\health_bridge\health-bridge\system\rewrite.php(44): require_once('C:\\xampp_\\htdoc...')
#13 {main}
CRITICAL - 2024-11-27 10:46:49 --> CodeIgniter\Database\Exceptions\DatabaseException: Unable to connect to the database.
Main connection [MySQLi]: Aucune connexion n’a pu être établie car l’ordinateur cible l’a expressément refusée
=======
ERROR - 2024-11-27 11:46:00 --> mysqli_sql_exception: Column 'patient_id' cannot be null in D:\Web-project\health-bridge\system\Database\MySQLi\Connection.php:312
Stack trace:
#0 D:\Web-project\health-bridge\system\Database\MySQLi\Connection.php(312): mysqli->query('INSERT INTO `pa...', 0)
#1 D:\Web-project\health-bridge\system\Database\BaseConnection.php(734): CodeIgniter\Database\MySQLi\Connection->execute('INSERT INTO `pa...')
#2 D:\Web-project\health-bridge\system\Database\BaseConnection.php(648): CodeIgniter\Database\BaseConnection->simpleQuery('INSERT INTO `pa...')
#3 D:\Web-project\health-bridge\system\Database\BaseBuilder.php(2340): CodeIgniter\Database\BaseConnection->query('INSERT INTO `pa...', Array, false)
#4 D:\Web-project\health-bridge\system\Model.php(394): CodeIgniter\Database\BaseBuilder->insert()
#5 D:\Web-project\health-bridge\system\BaseModel.php(840): CodeIgniter\Model->doInsert(Array)
#6 D:\Web-project\health-bridge\system\Model.php(802): CodeIgniter\BaseModel->insert(Array, true)
#7 D:\Web-project\health-bridge\app\Controllers\PatientSettingsController.php(46): CodeIgniter\Model->insert(Array)
#8 D:\Web-project\health-bridge\system\CodeIgniter.php(933): App\Controllers\PatientSettingsController->index()
#9 D:\Web-project\health-bridge\system\CodeIgniter.php(509): CodeIgniter\CodeIgniter->runController(Object(App\Controllers\PatientSettingsController))
#10 D:\Web-project\health-bridge\system\CodeIgniter.php(355): CodeIgniter\CodeIgniter->handleRequest(NULL, Object(Config\Cache), false)
#11 D:\Web-project\health-bridge\system\Boot.php(325): CodeIgniter\CodeIgniter->run()
#12 D:\Web-project\health-bridge\system\Boot.php(67): CodeIgniter\Boot::runCodeIgniter(Object(CodeIgniter\CodeIgniter))
#13 D:\Web-project\health-bridge\public\index.php(56): CodeIgniter\Boot::bootWeb(Object(Config\Paths))
#14 D:\Web-project\health-bridge\system\rewrite.php(44): require_once('D:\\Web-project\\...')
#15 {main}
CRITICAL - 2024-11-27 11:46:00 --> CodeIgniter\Database\Exceptions\DatabaseException: Column 'patient_id' cannot be null
[Method: GET, Route: settings]
in SYSTEMPATH\Database\BaseConnection.php on line 688.
 1 SYSTEMPATH\Database\BaseBuilder.php(2340): CodeIgniter\Database\BaseConnection->query('INSERT INTO `patient_settings` (`patient_id`, `notification_preference`, `theme_preference`, `language_preference`, `created_at`, `updated_at`) VALUES (:patient_id:, :notification_preference:, :theme_preference:, :language_preference:, :created_at:, :updated_at:)', [...], false)
 2 SYSTEMPATH\Model.php(394): CodeIgniter\Database\BaseBuilder->insert()
 3 SYSTEMPATH\BaseModel.php(840): CodeIgniter\Model->doInsert([...])
 4 SYSTEMPATH\Model.php(802): CodeIgniter\BaseModel->insert([...], true)
 5 APPPATH\Controllers\PatientSettingsController.php(46): CodeIgniter\Model->insert([...])
 6 SYSTEMPATH\CodeIgniter.php(933): App\Controllers\PatientSettingsController->index()
 7 SYSTEMPATH\CodeIgniter.php(509): CodeIgniter\CodeIgniter->runController(Object(App\Controllers\PatientSettingsController))
 8 SYSTEMPATH\CodeIgniter.php(355): CodeIgniter\CodeIgniter->handleRequest(null, Object(Config\Cache), false)
 9 SYSTEMPATH\Boot.php(325): CodeIgniter\CodeIgniter->run()
10 SYSTEMPATH\Boot.php(67): CodeIgniter\Boot::runCodeIgniter(Object(CodeIgniter\CodeIgniter))
11 FCPATH\index.php(56): CodeIgniter\Boot::bootWeb(Object(Config\Paths))
12 SYSTEMPATH\rewrite.php(44): require_once('D:\\Web-project\\health-bridge\\public\\index.php')
CRITICAL - 2024-11-27 11:46:00 --> [Caused by] CodeIgniter\Database\Exceptions\DatabaseException: Column 'patient_id' cannot be null
in SYSTEMPATH\Database\MySQLi\Connection.php on line 317.
 1 SYSTEMPATH\Database\BaseConnection.php(734): CodeIgniter\Database\MySQLi\Connection->execute('INSERT INTO `patient_settings` (`patient_id`, `notification_preference`, `theme_preference`, `language_preference`, `created_at`, `updated_at`) VALUES (NULL, \'email\', \'light\', \'en\', \'2024-11-27 11:46:00\', \'2024-11-27 11:46:00\')')
 2 SYSTEMPATH\Database\BaseConnection.php(648): CodeIgniter\Database\BaseConnection->simpleQuery('INSERT INTO `patient_settings` (`patient_id`, `notification_preference`, `theme_preference`, `language_preference`, `created_at`, `updated_at`) VALUES (NULL, \'email\', \'light\', \'en\', \'2024-11-27 11:46:00\', \'2024-11-27 11:46:00\')')
 3 SYSTEMPATH\Database\BaseBuilder.php(2340): CodeIgniter\Database\BaseConnection->query('INSERT INTO `patient_settings` (`patient_id`, `notification_preference`, `theme_preference`, `language_preference`, `created_at`, `updated_at`) VALUES (:patient_id:, :notification_preference:, :theme_preference:, :language_preference:, :created_at:, :updated_at:)', [...], false)
 4 SYSTEMPATH\Model.php(394): CodeIgniter\Database\BaseBuilder->insert()
 5 SYSTEMPATH\BaseModel.php(840): CodeIgniter\Model->doInsert([...])
 6 SYSTEMPATH\Model.php(802): CodeIgniter\BaseModel->insert([...], true)
 7 APPPATH\Controllers\PatientSettingsController.php(46): CodeIgniter\Model->insert([...])
 8 SYSTEMPATH\CodeIgniter.php(933): App\Controllers\PatientSettingsController->index()
 9 SYSTEMPATH\CodeIgniter.php(509): CodeIgniter\CodeIgniter->runController(Object(App\Controllers\PatientSettingsController))
10 SYSTEMPATH\CodeIgniter.php(355): CodeIgniter\CodeIgniter->handleRequest(null, Object(Config\Cache), false)
11 SYSTEMPATH\Boot.php(325): CodeIgniter\CodeIgniter->run()
12 SYSTEMPATH\Boot.php(67): CodeIgniter\Boot::runCodeIgniter(Object(CodeIgniter\CodeIgniter))
13 FCPATH\index.php(56): CodeIgniter\Boot::bootWeb(Object(Config\Paths))
14 SYSTEMPATH\rewrite.php(44): require_once('D:\\Web-project\\health-bridge\\public\\index.php')
CRITICAL - 2024-11-27 11:46:00 --> [Caused by] mysqli_sql_exception: Column 'patient_id' cannot be null
in SYSTEMPATH\Database\MySQLi\Connection.php on line 312.
 1 SYSTEMPATH\Database\MySQLi\Connection.php(312): mysqli->query('INSERT INTO `patient_settings` (`patient_id`, `notification_preference`, `theme_preference`, `language_preference`, `created_at`, `updated_at`) VALUES (NULL, \'email\', \'light\', \'en\', \'2024-11-27 11:46:00\', \'2024-11-27 11:46:00\')', 0)
 2 SYSTEMPATH\Database\BaseConnection.php(734): CodeIgniter\Database\MySQLi\Connection->execute('INSERT INTO `patient_settings` (`patient_id`, `notification_preference`, `theme_preference`, `language_preference`, `created_at`, `updated_at`) VALUES (NULL, \'email\', \'light\', \'en\', \'2024-11-27 11:46:00\', \'2024-11-27 11:46:00\')')
 3 SYSTEMPATH\Database\BaseConnection.php(648): CodeIgniter\Database\BaseConnection->simpleQuery('INSERT INTO `patient_settings` (`patient_id`, `notification_preference`, `theme_preference`, `language_preference`, `created_at`, `updated_at`) VALUES (NULL, \'email\', \'light\', \'en\', \'2024-11-27 11:46:00\', \'2024-11-27 11:46:00\')')
 4 SYSTEMPATH\Database\BaseBuilder.php(2340): CodeIgniter\Database\BaseConnection->query('INSERT INTO `patient_settings` (`patient_id`, `notification_preference`, `theme_preference`, `language_preference`, `created_at`, `updated_at`) VALUES (:patient_id:, :notification_preference:, :theme_preference:, :language_preference:, :created_at:, :updated_at:)', [...], false)
 5 SYSTEMPATH\Model.php(394): CodeIgniter\Database\BaseBuilder->insert()
 6 SYSTEMPATH\BaseModel.php(840): CodeIgniter\Model->doInsert([...])
 7 SYSTEMPATH\Model.php(802): CodeIgniter\BaseModel->insert([...], true)
 8 APPPATH\Controllers\PatientSettingsController.php(46): CodeIgniter\Model->insert([...])
 9 SYSTEMPATH\CodeIgniter.php(933): App\Controllers\PatientSettingsController->index()
10 SYSTEMPATH\CodeIgniter.php(509): CodeIgniter\CodeIgniter->runController(Object(App\Controllers\PatientSettingsController))
11 SYSTEMPATH\CodeIgniter.php(355): CodeIgniter\CodeIgniter->handleRequest(null, Object(Config\Cache), false)
12 SYSTEMPATH\Boot.php(325): CodeIgniter\CodeIgniter->run()
13 SYSTEMPATH\Boot.php(67): CodeIgniter\Boot::runCodeIgniter(Object(CodeIgniter\CodeIgniter))
14 FCPATH\index.php(56): CodeIgniter\Boot::bootWeb(Object(Config\Paths))
15 SYSTEMPATH\rewrite.php(44): require_once('D:\\Web-project\\health-bridge\\public\\index.php')
CRITICAL - 2024-11-27 11:54:36 --> CodeIgniter\View\Exceptions\ViewException: Invalid file: "admin/settings.php"
[Method: GET, Route: settings]
in SYSTEMPATH\Exceptions\FrameworkException.php on line 41.
 1 SYSTEMPATH\View\View.php(222): CodeIgniter\Exceptions\FrameworkException::forInvalidFile('admin/settings.php')
 2 SYSTEMPATH\Common.php(1171): CodeIgniter\View\View->render('admin/settings', [], true)
 3 APPPATH\Controllers\PatientSettingsController.php(57): view('admin/settings')
 4 SYSTEMPATH\CodeIgniter.php(933): App\Controllers\PatientSettingsController->index()
 5 SYSTEMPATH\CodeIgniter.php(509): CodeIgniter\CodeIgniter->runController(Object(App\Controllers\PatientSettingsController))
 6 SYSTEMPATH\CodeIgniter.php(355): CodeIgniter\CodeIgniter->handleRequest(null, Object(Config\Cache), false)
 7 SYSTEMPATH\Boot.php(325): CodeIgniter\CodeIgniter->run()
 8 SYSTEMPATH\Boot.php(67): CodeIgniter\Boot::runCodeIgniter(Object(CodeIgniter\CodeIgniter))
 9 FCPATH\index.php(56): CodeIgniter\Boot::bootWeb(Object(Config\Paths))
10 SYSTEMPATH\rewrite.php(44): require_once('D:\\Web-project\\health-bridge\\public\\index.php')
CRITICAL - 2024-11-27 11:54:37 --> CodeIgniter\View\Exceptions\ViewException: Invalid file: "admin/settings.php"
[Method: GET, Route: settings]
in SYSTEMPATH\Exceptions\FrameworkException.php on line 41.
 1 SYSTEMPATH\View\View.php(222): CodeIgniter\Exceptions\FrameworkException::forInvalidFile('admin/settings.php')
 2 SYSTEMPATH\Common.php(1171): CodeIgniter\View\View->render('admin/settings', [], true)
 3 APPPATH\Controllers\PatientSettingsController.php(57): view('admin/settings')
 4 SYSTEMPATH\CodeIgniter.php(933): App\Controllers\PatientSettingsController->index()
 5 SYSTEMPATH\CodeIgniter.php(509): CodeIgniter\CodeIgniter->runController(Object(App\Controllers\PatientSettingsController))
 6 SYSTEMPATH\CodeIgniter.php(355): CodeIgniter\CodeIgniter->handleRequest(null, Object(Config\Cache), false)
 7 SYSTEMPATH\Boot.php(325): CodeIgniter\CodeIgniter->run()
 8 SYSTEMPATH\Boot.php(67): CodeIgniter\Boot::runCodeIgniter(Object(CodeIgniter\CodeIgniter))
 9 FCPATH\index.php(56): CodeIgniter\Boot::bootWeb(Object(Config\Paths))
10 SYSTEMPATH\rewrite.php(44): require_once('D:\\Web-project\\health-bridge\\public\\index.php')
CRITICAL - 2024-11-27 11:54:37 --> CodeIgniter\View\Exceptions\ViewException: Invalid file: "admin/settings.php"
[Method: GET, Route: settings]
in SYSTEMPATH\Exceptions\FrameworkException.php on line 41.
 1 SYSTEMPATH\View\View.php(222): CodeIgniter\Exceptions\FrameworkException::forInvalidFile('admin/settings.php')
 2 SYSTEMPATH\Common.php(1171): CodeIgniter\View\View->render('admin/settings', [], true)
 3 APPPATH\Controllers\PatientSettingsController.php(57): view('admin/settings')
 4 SYSTEMPATH\CodeIgniter.php(933): App\Controllers\PatientSettingsController->index()
 5 SYSTEMPATH\CodeIgniter.php(509): CodeIgniter\CodeIgniter->runController(Object(App\Controllers\PatientSettingsController))
 6 SYSTEMPATH\CodeIgniter.php(355): CodeIgniter\CodeIgniter->handleRequest(null, Object(Config\Cache), false)
 7 SYSTEMPATH\Boot.php(325): CodeIgniter\CodeIgniter->run()
 8 SYSTEMPATH\Boot.php(67): CodeIgniter\Boot::runCodeIgniter(Object(CodeIgniter\CodeIgniter))
 9 FCPATH\index.php(56): CodeIgniter\Boot::bootWeb(Object(Config\Paths))
10 SYSTEMPATH\rewrite.php(44): require_once('D:\\Web-project\\health-bridge\\public\\index.php')
CRITICAL - 2024-11-27 11:54:38 --> CodeIgniter\View\Exceptions\ViewException: Invalid file: "admin/settings.php"
[Method: GET, Route: settings]
in SYSTEMPATH\Exceptions\FrameworkException.php on line 41.
 1 SYSTEMPATH\View\View.php(222): CodeIgniter\Exceptions\FrameworkException::forInvalidFile('admin/settings.php')
 2 SYSTEMPATH\Common.php(1171): CodeIgniter\View\View->render('admin/settings', [], true)
 3 APPPATH\Controllers\PatientSettingsController.php(57): view('admin/settings')
 4 SYSTEMPATH\CodeIgniter.php(933): App\Controllers\PatientSettingsController->index()
 5 SYSTEMPATH\CodeIgniter.php(509): CodeIgniter\CodeIgniter->runController(Object(App\Controllers\PatientSettingsController))
 6 SYSTEMPATH\CodeIgniter.php(355): CodeIgniter\CodeIgniter->handleRequest(null, Object(Config\Cache), false)
 7 SYSTEMPATH\Boot.php(325): CodeIgniter\CodeIgniter->run()
 8 SYSTEMPATH\Boot.php(67): CodeIgniter\Boot::runCodeIgniter(Object(CodeIgniter\CodeIgniter))
 9 FCPATH\index.php(56): CodeIgniter\Boot::bootWeb(Object(Config\Paths))
10 SYSTEMPATH\rewrite.php(44): require_once('D:\\Web-project\\health-bridge\\public\\index.php')
CRITICAL - 2024-11-27 11:55:22 --> ErrorException: Undefined variable $settings
[Method: GET, Route: settings]
in APPPATH\Views\patient\settings.php on line 29.
 1 APPPATH\Views\patient\settings.php(29): CodeIgniter\Debug\Exceptions->errorHandler(2, 'Undefined variable $settings', 'D:\\Web-project\\health-bridge\\app\\Views\\patient\\settings.php', 29)
 2 SYSTEMPATH\View\View.php(234): include('D:\\Web-project\\health-bridge\\app\\Views\\patient\\settings.php')
 3 SYSTEMPATH\View\View.php(237): CodeIgniter\View\View->CodeIgniter\View\{closure}()
 4 SYSTEMPATH\Common.php(1171): CodeIgniter\View\View->render('patient/settings', [], true)
 5 APPPATH\Controllers\PatientSettingsController.php(57): view('patient/settings')
 6 SYSTEMPATH\CodeIgniter.php(933): App\Controllers\PatientSettingsController->index()
 7 SYSTEMPATH\CodeIgniter.php(509): CodeIgniter\CodeIgniter->runController(Object(App\Controllers\PatientSettingsController))
 8 SYSTEMPATH\CodeIgniter.php(355): CodeIgniter\CodeIgniter->handleRequest(null, Object(Config\Cache), false)
 9 SYSTEMPATH\Boot.php(325): CodeIgniter\CodeIgniter->run()
10 SYSTEMPATH\Boot.php(67): CodeIgniter\Boot::runCodeIgniter(Object(CodeIgniter\CodeIgniter))
11 FCPATH\index.php(56): CodeIgniter\Boot::bootWeb(Object(Config\Paths))
12 SYSTEMPATH\rewrite.php(44): require_once('D:\\Web-project\\health-bridge\\public\\index.php')
CRITICAL - 2024-11-27 11:55:24 --> ErrorException: Undefined variable $settings
[Method: GET, Route: settings]
in APPPATH\Views\patient\settings.php on line 29.
 1 APPPATH\Views\patient\settings.php(29): CodeIgniter\Debug\Exceptions->errorHandler(2, 'Undefined variable $settings', 'D:\\Web-project\\health-bridge\\app\\Views\\patient\\settings.php', 29)
 2 SYSTEMPATH\View\View.php(234): include('D:\\Web-project\\health-bridge\\app\\Views\\patient\\settings.php')
 3 SYSTEMPATH\View\View.php(237): CodeIgniter\View\View->CodeIgniter\View\{closure}()
 4 SYSTEMPATH\Common.php(1171): CodeIgniter\View\View->render('patient/settings', [], true)
 5 APPPATH\Controllers\PatientSettingsController.php(57): view('patient/settings')
 6 SYSTEMPATH\CodeIgniter.php(933): App\Controllers\PatientSettingsController->index()
 7 SYSTEMPATH\CodeIgniter.php(509): CodeIgniter\CodeIgniter->runController(Object(App\Controllers\PatientSettingsController))
 8 SYSTEMPATH\CodeIgniter.php(355): CodeIgniter\CodeIgniter->handleRequest(null, Object(Config\Cache), false)
 9 SYSTEMPATH\Boot.php(325): CodeIgniter\CodeIgniter->run()
10 SYSTEMPATH\Boot.php(67): CodeIgniter\Boot::runCodeIgniter(Object(CodeIgniter\CodeIgniter))
11 FCPATH\index.php(56): CodeIgniter\Boot::bootWeb(Object(Config\Paths))
12 SYSTEMPATH\rewrite.php(44): require_once('D:\\Web-project\\health-bridge\\public\\index.php')
ERROR - 2024-11-27 12:03:24 --> Error connecting to the database: mysqli_sql_exception: No connection could be made because the target machine actively refused it in D:\Web-project\health-bridge\system\Database\MySQLi\Connection.php:187
Stack trace:
#0 D:\Web-project\health-bridge\system\Database\MySQLi\Connection.php(187): mysqli->real_connect('localhost', 'root', '', 'health_bridge', 3306, '', 0)
#1 D:\Web-project\health-bridge\system\Database\BaseConnection.php(421): CodeIgniter\Database\MySQLi\Connection->connect(false)
#2 D:\Web-project\health-bridge\system\Database\BaseConnection.php(616): CodeIgniter\Database\BaseConnection->initialize()
#3 D:\Web-project\health-bridge\system\Database\BaseBuilder.php(1644): CodeIgniter\Database\BaseConnection->query('SELECT *\nFROM `...', Array, false)
#4 D:\Web-project\health-bridge\system\Model.php(330): CodeIgniter\Database\BaseBuilder->get()
#5 D:\Web-project\health-bridge\system\BaseModel.php(714): CodeIgniter\Model->doFirst()
#6 D:\Web-project\health-bridge\app\Controllers\Auth.php(91): CodeIgniter\BaseModel->first()
#7 D:\Web-project\health-bridge\system\CodeIgniter.php(933): App\Controllers\Auth->authenticate()
#8 D:\Web-project\health-bridge\system\CodeIgniter.php(509): CodeIgniter\CodeIgniter->runController(Object(App\Controllers\Auth))
#9 D:\Web-project\health-bridge\system\CodeIgniter.php(355): CodeIgniter\CodeIgniter->handleRequest(NULL, Object(Config\Cache), false)
#10 D:\Web-project\health-bridge\system\Boot.php(325): CodeIgniter\CodeIgniter->run()
#11 D:\Web-project\health-bridge\system\Boot.php(67): CodeIgniter\Boot::runCodeIgniter(Object(CodeIgniter\CodeIgniter))
#12 D:\Web-project\health-bridge\public\index.php(56): CodeIgniter\Boot::bootWeb(Object(Config\Paths))
#13 D:\Web-project\health-bridge\system\rewrite.php(44): require_once('D:\\Web-project\\...')
#14 {main}

Next CodeIgniter\Database\Exceptions\DatabaseException: No connection could be made because the target machine actively refused it in D:\Web-project\health-bridge\system\Database\MySQLi\Connection.php:231
Stack trace:
#0 D:\Web-project\health-bridge\system\Database\BaseConnection.php(421): CodeIgniter\Database\MySQLi\Connection->connect(false)
#1 D:\Web-project\health-bridge\system\Database\BaseConnection.php(616): CodeIgniter\Database\BaseConnection->initialize()
#2 D:\Web-project\health-bridge\system\Database\BaseBuilder.php(1644): CodeIgniter\Database\BaseConnection->query('SELECT *\nFROM `...', Array, false)
#3 D:\Web-project\health-bridge\system\Model.php(330): CodeIgniter\Database\BaseBuilder->get()
#4 D:\Web-project\health-bridge\system\BaseModel.php(714): CodeIgniter\Model->doFirst()
#5 D:\Web-project\health-bridge\app\Controllers\Auth.php(91): CodeIgniter\BaseModel->first()
#6 D:\Web-project\health-bridge\system\CodeIgniter.php(933): App\Controllers\Auth->authenticate()
#7 D:\Web-project\health-bridge\system\CodeIgniter.php(509): CodeIgniter\CodeIgniter->runController(Object(App\Controllers\Auth))
#8 D:\Web-project\health-bridge\system\CodeIgniter.php(355): CodeIgniter\CodeIgniter->handleRequest(NULL, Object(Config\Cache), false)
#9 D:\Web-project\health-bridge\system\Boot.php(325): CodeIgniter\CodeIgniter->run()
#10 D:\Web-project\health-bridge\system\Boot.php(67): CodeIgniter\Boot::runCodeIgniter(Object(CodeIgniter\CodeIgniter))
#11 D:\Web-project\health-bridge\public\index.php(56): CodeIgniter\Boot::bootWeb(Object(Config\Paths))
#12 D:\Web-project\health-bridge\system\rewrite.php(44): require_once('D:\\Web-project\\...')
#13 {main}
CRITICAL - 2024-11-27 12:03:24 --> CodeIgniter\Database\Exceptions\DatabaseException: Unable to connect to the database.
Main connection [MySQLi]: No connection could be made because the target machine actively refused it
>>>>>>> 8436638893ddf5782f41b7d08e9faa9eb1ef5cbe
[Method: POST, Route: authenticate]
in SYSTEMPATH\Database\BaseConnection.php on line 467.
 1 SYSTEMPATH\Database\BaseConnection.php(616): CodeIgniter\Database\BaseConnection->initialize()
 2 SYSTEMPATH\Database\BaseBuilder.php(1644): CodeIgniter\Database\BaseConnection->query('SELECT *
FROM `users`
WHERE `email` = :email:
 LIMIT 1', [...], false)
 3 SYSTEMPATH\Model.php(330): CodeIgniter\Database\BaseBuilder->get()
 4 SYSTEMPATH\BaseModel.php(714): CodeIgniter\Model->doFirst()
<<<<<<< HEAD
 5 APPPATH\Controllers\Auth.php(90): CodeIgniter\BaseModel->first()
=======
 5 APPPATH\Controllers\Auth.php(91): CodeIgniter\BaseModel->first()
>>>>>>> 8436638893ddf5782f41b7d08e9faa9eb1ef5cbe
 6 SYSTEMPATH\CodeIgniter.php(933): App\Controllers\Auth->authenticate()
 7 SYSTEMPATH\CodeIgniter.php(509): CodeIgniter\CodeIgniter->runController(Object(App\Controllers\Auth))
 8 SYSTEMPATH\CodeIgniter.php(355): CodeIgniter\CodeIgniter->handleRequest(null, Object(Config\Cache), false)
 9 SYSTEMPATH\Boot.php(325): CodeIgniter\CodeIgniter->run()
10 SYSTEMPATH\Boot.php(67): CodeIgniter\Boot::runCodeIgniter(Object(CodeIgniter\CodeIgniter))
11 FCPATH\index.php(56): CodeIgniter\Boot::bootWeb(Object(Config\Paths))
<<<<<<< HEAD
12 SYSTEMPATH\rewrite.php(44): require_once('C:\\xampp_\\htdocs\\health\\health_bridge\\health-bridge\\public\\index.php')
ERROR - 2024-11-27 10:48:25 --> Error connecting to the database: mysqli_sql_exception: Aucune connexion n’a pu être établie car l’ordinateur cible l’a expressément refusée in C:\xampp_\htdocs\health\health_bridge\health-bridge\system\Database\MySQLi\Connection.php:187
Stack trace:
#0 C:\xampp_\htdocs\health\health_bridge\health-bridge\system\Database\MySQLi\Connection.php(187): mysqli->real_connect('localhost', 'root', '', 'health_bridge', 3306, '', 0)
#1 C:\xampp_\htdocs\health\health_bridge\health-bridge\system\Database\BaseConnection.php(421): CodeIgniter\Database\MySQLi\Connection->connect(false)
#2 C:\xampp_\htdocs\health\health_bridge\health-bridge\system\Database\BaseConnection.php(616): CodeIgniter\Database\BaseConnection->initialize()
#3 C:\xampp_\htdocs\health\health_bridge\health-bridge\system\Database\BaseBuilder.php(1644): CodeIgniter\Database\BaseConnection->query('SELECT *\nFROM `...', Array, false)
#4 C:\xampp_\htdocs\health\health_bridge\health-bridge\system\Model.php(330): CodeIgniter\Database\BaseBuilder->get()
#5 C:\xampp_\htdocs\health\health_bridge\health-bridge\system\BaseModel.php(714): CodeIgniter\Model->doFirst()
#6 C:\xampp_\htdocs\health\health_bridge\health-bridge\app\Controllers\Auth.php(90): CodeIgniter\BaseModel->first()
#7 C:\xampp_\htdocs\health\health_bridge\health-bridge\system\CodeIgniter.php(933): App\Controllers\Auth->authenticate()
#8 C:\xampp_\htdocs\health\health_bridge\health-bridge\system\CodeIgniter.php(509): CodeIgniter\CodeIgniter->runController(Object(App\Controllers\Auth))
#9 C:\xampp_\htdocs\health\health_bridge\health-bridge\system\CodeIgniter.php(355): CodeIgniter\CodeIgniter->handleRequest(NULL, Object(Config\Cache), false)
#10 C:\xampp_\htdocs\health\health_bridge\health-bridge\system\Boot.php(325): CodeIgniter\CodeIgniter->run()
#11 C:\xampp_\htdocs\health\health_bridge\health-bridge\system\Boot.php(67): CodeIgniter\Boot::runCodeIgniter(Object(CodeIgniter\CodeIgniter))
#12 C:\xampp_\htdocs\health\health_bridge\health-bridge\public\index.php(56): CodeIgniter\Boot::bootWeb(Object(Config\Paths))
#13 C:\xampp_\htdocs\health\health_bridge\health-bridge\system\rewrite.php(44): require_once('C:\\xampp_\\htdoc...')
#14 {main}

Next CodeIgniter\Database\Exceptions\DatabaseException: Aucune connexion n’a pu être établie car l’ordinateur cible l’a expressément refusée in C:\xampp_\htdocs\health\health_bridge\health-bridge\system\Database\MySQLi\Connection.php:231
Stack trace:
#0 C:\xampp_\htdocs\health\health_bridge\health-bridge\system\Database\BaseConnection.php(421): CodeIgniter\Database\MySQLi\Connection->connect(false)
#1 C:\xampp_\htdocs\health\health_bridge\health-bridge\system\Database\BaseConnection.php(616): CodeIgniter\Database\BaseConnection->initialize()
#2 C:\xampp_\htdocs\health\health_bridge\health-bridge\system\Database\BaseBuilder.php(1644): CodeIgniter\Database\BaseConnection->query('SELECT *\nFROM `...', Array, false)
#3 C:\xampp_\htdocs\health\health_bridge\health-bridge\system\Model.php(330): CodeIgniter\Database\BaseBuilder->get()
#4 C:\xampp_\htdocs\health\health_bridge\health-bridge\system\BaseModel.php(714): CodeIgniter\Model->doFirst()
#5 C:\xampp_\htdocs\health\health_bridge\health-bridge\app\Controllers\Auth.php(90): CodeIgniter\BaseModel->first()
#6 C:\xampp_\htdocs\health\health_bridge\health-bridge\system\CodeIgniter.php(933): App\Controllers\Auth->authenticate()
#7 C:\xampp_\htdocs\health\health_bridge\health-bridge\system\CodeIgniter.php(509): CodeIgniter\CodeIgniter->runController(Object(App\Controllers\Auth))
#8 C:\xampp_\htdocs\health\health_bridge\health-bridge\system\CodeIgniter.php(355): CodeIgniter\CodeIgniter->handleRequest(NULL, Object(Config\Cache), false)
#9 C:\xampp_\htdocs\health\health_bridge\health-bridge\system\Boot.php(325): CodeIgniter\CodeIgniter->run()
#10 C:\xampp_\htdocs\health\health_bridge\health-bridge\system\Boot.php(67): CodeIgniter\Boot::runCodeIgniter(Object(CodeIgniter\CodeIgniter))
#11 C:\xampp_\htdocs\health\health_bridge\health-bridge\public\index.php(56): CodeIgniter\Boot::bootWeb(Object(Config\Paths))
#12 C:\xampp_\htdocs\health\health_bridge\health-bridge\system\rewrite.php(44): require_once('C:\\xampp_\\htdoc...')
#13 {main}
CRITICAL - 2024-11-27 10:48:25 --> CodeIgniter\Database\Exceptions\DatabaseException: Unable to connect to the database.
Main connection [MySQLi]: Aucune connexion n’a pu être établie car l’ordinateur cible l’a expressément refusée
=======
12 SYSTEMPATH\rewrite.php(44): require_once('D:\\Web-project\\health-bridge\\public\\index.php')
ERROR - 2024-11-27 12:04:26 --> Error connecting to the database: mysqli_sql_exception: No connection could be made because the target machine actively refused it in D:\Web-project\health-bridge\system\Database\MySQLi\Connection.php:187
Stack trace:
#0 D:\Web-project\health-bridge\system\Database\MySQLi\Connection.php(187): mysqli->real_connect('localhost', 'root', '', 'health_bridge', 3306, '', 0)
#1 D:\Web-project\health-bridge\system\Database\BaseConnection.php(421): CodeIgniter\Database\MySQLi\Connection->connect(false)
#2 D:\Web-project\health-bridge\system\Database\BaseConnection.php(616): CodeIgniter\Database\BaseConnection->initialize()
#3 D:\Web-project\health-bridge\system\Database\BaseBuilder.php(1644): CodeIgniter\Database\BaseConnection->query('SELECT *\nFROM `...', Array, false)
#4 D:\Web-project\health-bridge\system\Model.php(330): CodeIgniter\Database\BaseBuilder->get()
#5 D:\Web-project\health-bridge\system\BaseModel.php(714): CodeIgniter\Model->doFirst()
#6 D:\Web-project\health-bridge\app\Controllers\Auth.php(91): CodeIgniter\BaseModel->first()
#7 D:\Web-project\health-bridge\system\CodeIgniter.php(933): App\Controllers\Auth->authenticate()
#8 D:\Web-project\health-bridge\system\CodeIgniter.php(509): CodeIgniter\CodeIgniter->runController(Object(App\Controllers\Auth))
#9 D:\Web-project\health-bridge\system\CodeIgniter.php(355): CodeIgniter\CodeIgniter->handleRequest(NULL, Object(Config\Cache), false)
#10 D:\Web-project\health-bridge\system\Boot.php(325): CodeIgniter\CodeIgniter->run()
#11 D:\Web-project\health-bridge\system\Boot.php(67): CodeIgniter\Boot::runCodeIgniter(Object(CodeIgniter\CodeIgniter))
#12 D:\Web-project\health-bridge\public\index.php(56): CodeIgniter\Boot::bootWeb(Object(Config\Paths))
#13 D:\Web-project\health-bridge\system\rewrite.php(44): require_once('D:\\Web-project\\...')
#14 {main}

Next CodeIgniter\Database\Exceptions\DatabaseException: No connection could be made because the target machine actively refused it in D:\Web-project\health-bridge\system\Database\MySQLi\Connection.php:231
Stack trace:
#0 D:\Web-project\health-bridge\system\Database\BaseConnection.php(421): CodeIgniter\Database\MySQLi\Connection->connect(false)
#1 D:\Web-project\health-bridge\system\Database\BaseConnection.php(616): CodeIgniter\Database\BaseConnection->initialize()
#2 D:\Web-project\health-bridge\system\Database\BaseBuilder.php(1644): CodeIgniter\Database\BaseConnection->query('SELECT *\nFROM `...', Array, false)
#3 D:\Web-project\health-bridge\system\Model.php(330): CodeIgniter\Database\BaseBuilder->get()
#4 D:\Web-project\health-bridge\system\BaseModel.php(714): CodeIgniter\Model->doFirst()
#5 D:\Web-project\health-bridge\app\Controllers\Auth.php(91): CodeIgniter\BaseModel->first()
#6 D:\Web-project\health-bridge\system\CodeIgniter.php(933): App\Controllers\Auth->authenticate()
#7 D:\Web-project\health-bridge\system\CodeIgniter.php(509): CodeIgniter\CodeIgniter->runController(Object(App\Controllers\Auth))
#8 D:\Web-project\health-bridge\system\CodeIgniter.php(355): CodeIgniter\CodeIgniter->handleRequest(NULL, Object(Config\Cache), false)
#9 D:\Web-project\health-bridge\system\Boot.php(325): CodeIgniter\CodeIgniter->run()
#10 D:\Web-project\health-bridge\system\Boot.php(67): CodeIgniter\Boot::runCodeIgniter(Object(CodeIgniter\CodeIgniter))
#11 D:\Web-project\health-bridge\public\index.php(56): CodeIgniter\Boot::bootWeb(Object(Config\Paths))
#12 D:\Web-project\health-bridge\system\rewrite.php(44): require_once('D:\\Web-project\\...')
#13 {main}
CRITICAL - 2024-11-27 12:04:26 --> CodeIgniter\Database\Exceptions\DatabaseException: Unable to connect to the database.
Main connection [MySQLi]: No connection could be made because the target machine actively refused it
>>>>>>> 8436638893ddf5782f41b7d08e9faa9eb1ef5cbe
[Method: POST, Route: authenticate]
in SYSTEMPATH\Database\BaseConnection.php on line 467.
 1 SYSTEMPATH\Database\BaseConnection.php(616): CodeIgniter\Database\BaseConnection->initialize()
 2 SYSTEMPATH\Database\BaseBuilder.php(1644): CodeIgniter\Database\BaseConnection->query('SELECT *
FROM `users`
WHERE `email` = :email:
 LIMIT 1', [...], false)
 3 SYSTEMPATH\Model.php(330): CodeIgniter\Database\BaseBuilder->get()
 4 SYSTEMPATH\BaseModel.php(714): CodeIgniter\Model->doFirst()
<<<<<<< HEAD
 5 APPPATH\Controllers\Auth.php(90): CodeIgniter\BaseModel->first()
=======
 5 APPPATH\Controllers\Auth.php(91): CodeIgniter\BaseModel->first()
>>>>>>> 8436638893ddf5782f41b7d08e9faa9eb1ef5cbe
 6 SYSTEMPATH\CodeIgniter.php(933): App\Controllers\Auth->authenticate()
 7 SYSTEMPATH\CodeIgniter.php(509): CodeIgniter\CodeIgniter->runController(Object(App\Controllers\Auth))
 8 SYSTEMPATH\CodeIgniter.php(355): CodeIgniter\CodeIgniter->handleRequest(null, Object(Config\Cache), false)
 9 SYSTEMPATH\Boot.php(325): CodeIgniter\CodeIgniter->run()
10 SYSTEMPATH\Boot.php(67): CodeIgniter\Boot::runCodeIgniter(Object(CodeIgniter\CodeIgniter))
11 FCPATH\index.php(56): CodeIgniter\Boot::bootWeb(Object(Config\Paths))
<<<<<<< HEAD
12 SYSTEMPATH\rewrite.php(44): require_once('C:\\xampp_\\htdocs\\health\\health_bridge\\health-bridge\\public\\index.php')
CRITICAL - 2024-11-27 11:28:35 --> ErrorException: Undefined array key "name"
[Method: GET, Route: admin-patients]
in APPPATH\Views\admin\patients.php on line 32.
 1 APPPATH\Views\admin\patients.php(32): CodeIgniter\Debug\Exceptions->errorHandler(2, 'Undefined array key "name"', 'C:\\xampp_\\htdocs\\health\\health_bridge\\health-bridge\\app\\Views\\admin\\patients.php', 32)
 2 SYSTEMPATH\View\View.php(234): include('C:\\xampp_\\htdocs\\health\\health_bridge\\health-bridge\\app\\Views\\admin\\patients.php')
 3 SYSTEMPATH\View\View.php(237): CodeIgniter\View\View->CodeIgniter\View\{closure}()
 4 SYSTEMPATH\Common.php(1171): CodeIgniter\View\View->render('admin/patients', [], true)
 5 APPPATH\Controllers\Admin.php(38): view('admin/patients', [...])
 6 SYSTEMPATH\CodeIgniter.php(933): App\Controllers\Admin->patients()
 7 SYSTEMPATH\CodeIgniter.php(509): CodeIgniter\CodeIgniter->runController(Object(App\Controllers\Admin))
=======
12 SYSTEMPATH\rewrite.php(44): require_once('D:\\Web-project\\health-bridge\\public\\index.php')
ERROR - 2024-11-27 12:04:49 --> Error connecting to the database: mysqli_sql_exception: No connection could be made because the target machine actively refused it in D:\Web-project\health-bridge\system\Database\MySQLi\Connection.php:187
Stack trace:
#0 D:\Web-project\health-bridge\system\Database\MySQLi\Connection.php(187): mysqli->real_connect('localhost', 'root', '', 'health_bridge', 3306, '', 0)
#1 D:\Web-project\health-bridge\system\Database\BaseConnection.php(421): CodeIgniter\Database\MySQLi\Connection->connect(false)
#2 D:\Web-project\health-bridge\system\Database\BaseConnection.php(616): CodeIgniter\Database\BaseConnection->initialize()
#3 D:\Web-project\health-bridge\system\Database\BaseBuilder.php(1644): CodeIgniter\Database\BaseConnection->query('SELECT *\nFROM `...', Array, false)
#4 D:\Web-project\health-bridge\system\Model.php(330): CodeIgniter\Database\BaseBuilder->get()
#5 D:\Web-project\health-bridge\system\BaseModel.php(714): CodeIgniter\Model->doFirst()
#6 D:\Web-project\health-bridge\app\Controllers\Auth.php(91): CodeIgniter\BaseModel->first()
#7 D:\Web-project\health-bridge\system\CodeIgniter.php(933): App\Controllers\Auth->authenticate()
#8 D:\Web-project\health-bridge\system\CodeIgniter.php(509): CodeIgniter\CodeIgniter->runController(Object(App\Controllers\Auth))
#9 D:\Web-project\health-bridge\system\CodeIgniter.php(355): CodeIgniter\CodeIgniter->handleRequest(NULL, Object(Config\Cache), false)
#10 D:\Web-project\health-bridge\system\Boot.php(325): CodeIgniter\CodeIgniter->run()
#11 D:\Web-project\health-bridge\system\Boot.php(67): CodeIgniter\Boot::runCodeIgniter(Object(CodeIgniter\CodeIgniter))
#12 D:\Web-project\health-bridge\public\index.php(56): CodeIgniter\Boot::bootWeb(Object(Config\Paths))
#13 D:\Web-project\health-bridge\system\rewrite.php(44): require_once('D:\\Web-project\\...')
#14 {main}

Next CodeIgniter\Database\Exceptions\DatabaseException: No connection could be made because the target machine actively refused it in D:\Web-project\health-bridge\system\Database\MySQLi\Connection.php:231
Stack trace:
#0 D:\Web-project\health-bridge\system\Database\BaseConnection.php(421): CodeIgniter\Database\MySQLi\Connection->connect(false)
#1 D:\Web-project\health-bridge\system\Database\BaseConnection.php(616): CodeIgniter\Database\BaseConnection->initialize()
#2 D:\Web-project\health-bridge\system\Database\BaseBuilder.php(1644): CodeIgniter\Database\BaseConnection->query('SELECT *\nFROM `...', Array, false)
#3 D:\Web-project\health-bridge\system\Model.php(330): CodeIgniter\Database\BaseBuilder->get()
#4 D:\Web-project\health-bridge\system\BaseModel.php(714): CodeIgniter\Model->doFirst()
#5 D:\Web-project\health-bridge\app\Controllers\Auth.php(91): CodeIgniter\BaseModel->first()
#6 D:\Web-project\health-bridge\system\CodeIgniter.php(933): App\Controllers\Auth->authenticate()
#7 D:\Web-project\health-bridge\system\CodeIgniter.php(509): CodeIgniter\CodeIgniter->runController(Object(App\Controllers\Auth))
#8 D:\Web-project\health-bridge\system\CodeIgniter.php(355): CodeIgniter\CodeIgniter->handleRequest(NULL, Object(Config\Cache), false)
#9 D:\Web-project\health-bridge\system\Boot.php(325): CodeIgniter\CodeIgniter->run()
#10 D:\Web-project\health-bridge\system\Boot.php(67): CodeIgniter\Boot::runCodeIgniter(Object(CodeIgniter\CodeIgniter))
#11 D:\Web-project\health-bridge\public\index.php(56): CodeIgniter\Boot::bootWeb(Object(Config\Paths))
#12 D:\Web-project\health-bridge\system\rewrite.php(44): require_once('D:\\Web-project\\...')
#13 {main}
CRITICAL - 2024-11-27 12:04:49 --> CodeIgniter\Database\Exceptions\DatabaseException: Unable to connect to the database.
Main connection [MySQLi]: No connection could be made because the target machine actively refused it
[Method: POST, Route: authenticate]
in SYSTEMPATH\Database\BaseConnection.php on line 467.
 1 SYSTEMPATH\Database\BaseConnection.php(616): CodeIgniter\Database\BaseConnection->initialize()
 2 SYSTEMPATH\Database\BaseBuilder.php(1644): CodeIgniter\Database\BaseConnection->query('SELECT *
FROM `users`
WHERE `email` = :email:
 LIMIT 1', [...], false)
 3 SYSTEMPATH\Model.php(330): CodeIgniter\Database\BaseBuilder->get()
 4 SYSTEMPATH\BaseModel.php(714): CodeIgniter\Model->doFirst()
 5 APPPATH\Controllers\Auth.php(91): CodeIgniter\BaseModel->first()
 6 SYSTEMPATH\CodeIgniter.php(933): App\Controllers\Auth->authenticate()
 7 SYSTEMPATH\CodeIgniter.php(509): CodeIgniter\CodeIgniter->runController(Object(App\Controllers\Auth))
>>>>>>> 8436638893ddf5782f41b7d08e9faa9eb1ef5cbe
 8 SYSTEMPATH\CodeIgniter.php(355): CodeIgniter\CodeIgniter->handleRequest(null, Object(Config\Cache), false)
 9 SYSTEMPATH\Boot.php(325): CodeIgniter\CodeIgniter->run()
10 SYSTEMPATH\Boot.php(67): CodeIgniter\Boot::runCodeIgniter(Object(CodeIgniter\CodeIgniter))
11 FCPATH\index.php(56): CodeIgniter\Boot::bootWeb(Object(Config\Paths))
<<<<<<< HEAD
12 SYSTEMPATH\rewrite.php(44): require_once('C:\\xampp_\\htdocs\\health\\health_bridge\\health-bridge\\public\\index.php')
CRITICAL - 2024-11-27 11:28:56 --> ErrorException: Undefined array key "name"
[Method: GET, Route: admin-patients]
in APPPATH\Views\admin\patients.php on line 32.
 1 APPPATH\Views\admin\patients.php(32): CodeIgniter\Debug\Exceptions->errorHandler(2, 'Undefined array key "name"', 'C:\\xampp_\\htdocs\\health\\health_bridge\\health-bridge\\app\\Views\\admin\\patients.php', 32)
 2 SYSTEMPATH\View\View.php(234): include('C:\\xampp_\\htdocs\\health\\health_bridge\\health-bridge\\app\\Views\\admin\\patients.php')
 3 SYSTEMPATH\View\View.php(237): CodeIgniter\View\View->CodeIgniter\View\{closure}()
 4 SYSTEMPATH\Common.php(1171): CodeIgniter\View\View->render('admin/patients', [], true)
 5 APPPATH\Controllers\Admin.php(38): view('admin/patients', [...])
 6 SYSTEMPATH\CodeIgniter.php(933): App\Controllers\Admin->patients()
 7 SYSTEMPATH\CodeIgniter.php(509): CodeIgniter\CodeIgniter->runController(Object(App\Controllers\Admin))
=======
12 SYSTEMPATH\rewrite.php(44): require_once('D:\\Web-project\\health-bridge\\public\\index.php')
ERROR - 2024-11-27 12:04:57 --> Error connecting to the database: mysqli_sql_exception: No connection could be made because the target machine actively refused it in D:\Web-project\health-bridge\system\Database\MySQLi\Connection.php:187
Stack trace:
#0 D:\Web-project\health-bridge\system\Database\MySQLi\Connection.php(187): mysqli->real_connect('localhost', 'root', '', 'health_bridge', 3306, '', 0)
#1 D:\Web-project\health-bridge\system\Database\BaseConnection.php(421): CodeIgniter\Database\MySQLi\Connection->connect(false)
#2 D:\Web-project\health-bridge\system\Database\BaseConnection.php(616): CodeIgniter\Database\BaseConnection->initialize()
#3 D:\Web-project\health-bridge\system\Database\BaseBuilder.php(1644): CodeIgniter\Database\BaseConnection->query('SELECT *\nFROM `...', Array, false)
#4 D:\Web-project\health-bridge\system\Model.php(330): CodeIgniter\Database\BaseBuilder->get()
#5 D:\Web-project\health-bridge\system\BaseModel.php(714): CodeIgniter\Model->doFirst()
#6 D:\Web-project\health-bridge\app\Controllers\Auth.php(91): CodeIgniter\BaseModel->first()
#7 D:\Web-project\health-bridge\system\CodeIgniter.php(933): App\Controllers\Auth->authenticate()
#8 D:\Web-project\health-bridge\system\CodeIgniter.php(509): CodeIgniter\CodeIgniter->runController(Object(App\Controllers\Auth))
#9 D:\Web-project\health-bridge\system\CodeIgniter.php(355): CodeIgniter\CodeIgniter->handleRequest(NULL, Object(Config\Cache), false)
#10 D:\Web-project\health-bridge\system\Boot.php(325): CodeIgniter\CodeIgniter->run()
#11 D:\Web-project\health-bridge\system\Boot.php(67): CodeIgniter\Boot::runCodeIgniter(Object(CodeIgniter\CodeIgniter))
#12 D:\Web-project\health-bridge\public\index.php(56): CodeIgniter\Boot::bootWeb(Object(Config\Paths))
#13 D:\Web-project\health-bridge\system\rewrite.php(44): require_once('D:\\Web-project\\...')
#14 {main}

Next CodeIgniter\Database\Exceptions\DatabaseException: No connection could be made because the target machine actively refused it in D:\Web-project\health-bridge\system\Database\MySQLi\Connection.php:231
Stack trace:
#0 D:\Web-project\health-bridge\system\Database\BaseConnection.php(421): CodeIgniter\Database\MySQLi\Connection->connect(false)
#1 D:\Web-project\health-bridge\system\Database\BaseConnection.php(616): CodeIgniter\Database\BaseConnection->initialize()
#2 D:\Web-project\health-bridge\system\Database\BaseBuilder.php(1644): CodeIgniter\Database\BaseConnection->query('SELECT *\nFROM `...', Array, false)
#3 D:\Web-project\health-bridge\system\Model.php(330): CodeIgniter\Database\BaseBuilder->get()
#4 D:\Web-project\health-bridge\system\BaseModel.php(714): CodeIgniter\Model->doFirst()
#5 D:\Web-project\health-bridge\app\Controllers\Auth.php(91): CodeIgniter\BaseModel->first()
#6 D:\Web-project\health-bridge\system\CodeIgniter.php(933): App\Controllers\Auth->authenticate()
#7 D:\Web-project\health-bridge\system\CodeIgniter.php(509): CodeIgniter\CodeIgniter->runController(Object(App\Controllers\Auth))
#8 D:\Web-project\health-bridge\system\CodeIgniter.php(355): CodeIgniter\CodeIgniter->handleRequest(NULL, Object(Config\Cache), false)
#9 D:\Web-project\health-bridge\system\Boot.php(325): CodeIgniter\CodeIgniter->run()
#10 D:\Web-project\health-bridge\system\Boot.php(67): CodeIgniter\Boot::runCodeIgniter(Object(CodeIgniter\CodeIgniter))
#11 D:\Web-project\health-bridge\public\index.php(56): CodeIgniter\Boot::bootWeb(Object(Config\Paths))
#12 D:\Web-project\health-bridge\system\rewrite.php(44): require_once('D:\\Web-project\\...')
#13 {main}
CRITICAL - 2024-11-27 12:04:57 --> CodeIgniter\Database\Exceptions\DatabaseException: Unable to connect to the database.
Main connection [MySQLi]: No connection could be made because the target machine actively refused it
[Method: POST, Route: authenticate]
in SYSTEMPATH\Database\BaseConnection.php on line 467.
 1 SYSTEMPATH\Database\BaseConnection.php(616): CodeIgniter\Database\BaseConnection->initialize()
 2 SYSTEMPATH\Database\BaseBuilder.php(1644): CodeIgniter\Database\BaseConnection->query('SELECT *
FROM `users`
WHERE `email` = :email:
 LIMIT 1', [...], false)
 3 SYSTEMPATH\Model.php(330): CodeIgniter\Database\BaseBuilder->get()
 4 SYSTEMPATH\BaseModel.php(714): CodeIgniter\Model->doFirst()
 5 APPPATH\Controllers\Auth.php(91): CodeIgniter\BaseModel->first()
 6 SYSTEMPATH\CodeIgniter.php(933): App\Controllers\Auth->authenticate()
 7 SYSTEMPATH\CodeIgniter.php(509): CodeIgniter\CodeIgniter->runController(Object(App\Controllers\Auth))
>>>>>>> 8436638893ddf5782f41b7d08e9faa9eb1ef5cbe
 8 SYSTEMPATH\CodeIgniter.php(355): CodeIgniter\CodeIgniter->handleRequest(null, Object(Config\Cache), false)
 9 SYSTEMPATH\Boot.php(325): CodeIgniter\CodeIgniter->run()
10 SYSTEMPATH\Boot.php(67): CodeIgniter\Boot::runCodeIgniter(Object(CodeIgniter\CodeIgniter))
11 FCPATH\index.php(56): CodeIgniter\Boot::bootWeb(Object(Config\Paths))
<<<<<<< HEAD
12 SYSTEMPATH\rewrite.php(44): require_once('C:\\xampp_\\htdocs\\health\\health_bridge\\health-bridge\\public\\index.php')
=======
12 SYSTEMPATH\rewrite.php(44): require_once('D:\\Web-project\\health-bridge\\public\\index.php')
ERROR - 2024-11-27 12:05:19 --> Error connecting to the database: mysqli_sql_exception: No connection could be made because the target machine actively refused it in D:\Web-project\health-bridge\system\Database\MySQLi\Connection.php:187
Stack trace:
#0 D:\Web-project\health-bridge\system\Database\MySQLi\Connection.php(187): mysqli->real_connect('localhost', 'root', '', 'health_bridge', 3306, '', 0)
#1 D:\Web-project\health-bridge\system\Database\BaseConnection.php(421): CodeIgniter\Database\MySQLi\Connection->connect(false)
#2 D:\Web-project\health-bridge\system\Database\BaseConnection.php(616): CodeIgniter\Database\BaseConnection->initialize()
#3 D:\Web-project\health-bridge\system\Database\BaseBuilder.php(1644): CodeIgniter\Database\BaseConnection->query('SELECT *\nFROM `...', Array, false)
#4 D:\Web-project\health-bridge\system\Model.php(330): CodeIgniter\Database\BaseBuilder->get()
#5 D:\Web-project\health-bridge\system\BaseModel.php(714): CodeIgniter\Model->doFirst()
#6 D:\Web-project\health-bridge\app\Controllers\Auth.php(91): CodeIgniter\BaseModel->first()
#7 D:\Web-project\health-bridge\system\CodeIgniter.php(933): App\Controllers\Auth->authenticate()
#8 D:\Web-project\health-bridge\system\CodeIgniter.php(509): CodeIgniter\CodeIgniter->runController(Object(App\Controllers\Auth))
#9 D:\Web-project\health-bridge\system\CodeIgniter.php(355): CodeIgniter\CodeIgniter->handleRequest(NULL, Object(Config\Cache), false)
#10 D:\Web-project\health-bridge\system\Boot.php(325): CodeIgniter\CodeIgniter->run()
#11 D:\Web-project\health-bridge\system\Boot.php(67): CodeIgniter\Boot::runCodeIgniter(Object(CodeIgniter\CodeIgniter))
#12 D:\Web-project\health-bridge\public\index.php(56): CodeIgniter\Boot::bootWeb(Object(Config\Paths))
#13 D:\Web-project\health-bridge\system\rewrite.php(44): require_once('D:\\Web-project\\...')
#14 {main}

Next CodeIgniter\Database\Exceptions\DatabaseException: No connection could be made because the target machine actively refused it in D:\Web-project\health-bridge\system\Database\MySQLi\Connection.php:231
Stack trace:
#0 D:\Web-project\health-bridge\system\Database\BaseConnection.php(421): CodeIgniter\Database\MySQLi\Connection->connect(false)
#1 D:\Web-project\health-bridge\system\Database\BaseConnection.php(616): CodeIgniter\Database\BaseConnection->initialize()
#2 D:\Web-project\health-bridge\system\Database\BaseBuilder.php(1644): CodeIgniter\Database\BaseConnection->query('SELECT *\nFROM `...', Array, false)
#3 D:\Web-project\health-bridge\system\Model.php(330): CodeIgniter\Database\BaseBuilder->get()
#4 D:\Web-project\health-bridge\system\BaseModel.php(714): CodeIgniter\Model->doFirst()
#5 D:\Web-project\health-bridge\app\Controllers\Auth.php(91): CodeIgniter\BaseModel->first()
#6 D:\Web-project\health-bridge\system\CodeIgniter.php(933): App\Controllers\Auth->authenticate()
#7 D:\Web-project\health-bridge\system\CodeIgniter.php(509): CodeIgniter\CodeIgniter->runController(Object(App\Controllers\Auth))
#8 D:\Web-project\health-bridge\system\CodeIgniter.php(355): CodeIgniter\CodeIgniter->handleRequest(NULL, Object(Config\Cache), false)
#9 D:\Web-project\health-bridge\system\Boot.php(325): CodeIgniter\CodeIgniter->run()
#10 D:\Web-project\health-bridge\system\Boot.php(67): CodeIgniter\Boot::runCodeIgniter(Object(CodeIgniter\CodeIgniter))
#11 D:\Web-project\health-bridge\public\index.php(56): CodeIgniter\Boot::bootWeb(Object(Config\Paths))
#12 D:\Web-project\health-bridge\system\rewrite.php(44): require_once('D:\\Web-project\\...')
#13 {main}
CRITICAL - 2024-11-27 12:05:19 --> CodeIgniter\Database\Exceptions\DatabaseException: Unable to connect to the database.
Main connection [MySQLi]: No connection could be made because the target machine actively refused it
[Method: POST, Route: authenticate]
in SYSTEMPATH\Database\BaseConnection.php on line 467.
 1 SYSTEMPATH\Database\BaseConnection.php(616): CodeIgniter\Database\BaseConnection->initialize()
 2 SYSTEMPATH\Database\BaseBuilder.php(1644): CodeIgniter\Database\BaseConnection->query('SELECT *
FROM `users`
WHERE `email` = :email:
 LIMIT 1', [...], false)
 3 SYSTEMPATH\Model.php(330): CodeIgniter\Database\BaseBuilder->get()
 4 SYSTEMPATH\BaseModel.php(714): CodeIgniter\Model->doFirst()
 5 APPPATH\Controllers\Auth.php(91): CodeIgniter\BaseModel->first()
 6 SYSTEMPATH\CodeIgniter.php(933): App\Controllers\Auth->authenticate()
 7 SYSTEMPATH\CodeIgniter.php(509): CodeIgniter\CodeIgniter->runController(Object(App\Controllers\Auth))
 8 SYSTEMPATH\CodeIgniter.php(355): CodeIgniter\CodeIgniter->handleRequest(null, Object(Config\Cache), false)
 9 SYSTEMPATH\Boot.php(325): CodeIgniter\CodeIgniter->run()
10 SYSTEMPATH\Boot.php(67): CodeIgniter\Boot::runCodeIgniter(Object(CodeIgniter\CodeIgniter))
11 FCPATH\index.php(56): CodeIgniter\Boot::bootWeb(Object(Config\Paths))
12 SYSTEMPATH\rewrite.php(44): require_once('D:\\Web-project\\health-bridge\\public\\index.php')
ERROR - 2024-11-27 12:05:23 --> Error connecting to the database: mysqli_sql_exception: No connection could be made because the target machine actively refused it in D:\Web-project\health-bridge\system\Database\MySQLi\Connection.php:187
Stack trace:
#0 D:\Web-project\health-bridge\system\Database\MySQLi\Connection.php(187): mysqli->real_connect('localhost', 'root', '', 'health_bridge', 3306, '', 0)
#1 D:\Web-project\health-bridge\system\Database\BaseConnection.php(421): CodeIgniter\Database\MySQLi\Connection->connect(false)
#2 D:\Web-project\health-bridge\system\Database\BaseConnection.php(616): CodeIgniter\Database\BaseConnection->initialize()
#3 D:\Web-project\health-bridge\system\Database\BaseBuilder.php(1644): CodeIgniter\Database\BaseConnection->query('SELECT *\nFROM `...', Array, false)
#4 D:\Web-project\health-bridge\system\Model.php(330): CodeIgniter\Database\BaseBuilder->get()
#5 D:\Web-project\health-bridge\system\BaseModel.php(714): CodeIgniter\Model->doFirst()
#6 D:\Web-project\health-bridge\app\Controllers\Auth.php(91): CodeIgniter\BaseModel->first()
#7 D:\Web-project\health-bridge\system\CodeIgniter.php(933): App\Controllers\Auth->authenticate()
#8 D:\Web-project\health-bridge\system\CodeIgniter.php(509): CodeIgniter\CodeIgniter->runController(Object(App\Controllers\Auth))
#9 D:\Web-project\health-bridge\system\CodeIgniter.php(355): CodeIgniter\CodeIgniter->handleRequest(NULL, Object(Config\Cache), false)
#10 D:\Web-project\health-bridge\system\Boot.php(325): CodeIgniter\CodeIgniter->run()
#11 D:\Web-project\health-bridge\system\Boot.php(67): CodeIgniter\Boot::runCodeIgniter(Object(CodeIgniter\CodeIgniter))
#12 D:\Web-project\health-bridge\public\index.php(56): CodeIgniter\Boot::bootWeb(Object(Config\Paths))
#13 D:\Web-project\health-bridge\system\rewrite.php(44): require_once('D:\\Web-project\\...')
#14 {main}

Next CodeIgniter\Database\Exceptions\DatabaseException: No connection could be made because the target machine actively refused it in D:\Web-project\health-bridge\system\Database\MySQLi\Connection.php:231
Stack trace:
#0 D:\Web-project\health-bridge\system\Database\BaseConnection.php(421): CodeIgniter\Database\MySQLi\Connection->connect(false)
#1 D:\Web-project\health-bridge\system\Database\BaseConnection.php(616): CodeIgniter\Database\BaseConnection->initialize()
#2 D:\Web-project\health-bridge\system\Database\BaseBuilder.php(1644): CodeIgniter\Database\BaseConnection->query('SELECT *\nFROM `...', Array, false)
#3 D:\Web-project\health-bridge\system\Model.php(330): CodeIgniter\Database\BaseBuilder->get()
#4 D:\Web-project\health-bridge\system\BaseModel.php(714): CodeIgniter\Model->doFirst()
#5 D:\Web-project\health-bridge\app\Controllers\Auth.php(91): CodeIgniter\BaseModel->first()
#6 D:\Web-project\health-bridge\system\CodeIgniter.php(933): App\Controllers\Auth->authenticate()
#7 D:\Web-project\health-bridge\system\CodeIgniter.php(509): CodeIgniter\CodeIgniter->runController(Object(App\Controllers\Auth))
#8 D:\Web-project\health-bridge\system\CodeIgniter.php(355): CodeIgniter\CodeIgniter->handleRequest(NULL, Object(Config\Cache), false)
#9 D:\Web-project\health-bridge\system\Boot.php(325): CodeIgniter\CodeIgniter->run()
#10 D:\Web-project\health-bridge\system\Boot.php(67): CodeIgniter\Boot::runCodeIgniter(Object(CodeIgniter\CodeIgniter))
#11 D:\Web-project\health-bridge\public\index.php(56): CodeIgniter\Boot::bootWeb(Object(Config\Paths))
#12 D:\Web-project\health-bridge\system\rewrite.php(44): require_once('D:\\Web-project\\...')
#13 {main}
CRITICAL - 2024-11-27 12:05:23 --> CodeIgniter\Database\Exceptions\DatabaseException: Unable to connect to the database.
Main connection [MySQLi]: No connection could be made because the target machine actively refused it
[Method: POST, Route: authenticate]
in SYSTEMPATH\Database\BaseConnection.php on line 467.
 1 SYSTEMPATH\Database\BaseConnection.php(616): CodeIgniter\Database\BaseConnection->initialize()
 2 SYSTEMPATH\Database\BaseBuilder.php(1644): CodeIgniter\Database\BaseConnection->query('SELECT *
FROM `users`
WHERE `email` = :email:
 LIMIT 1', [...], false)
 3 SYSTEMPATH\Model.php(330): CodeIgniter\Database\BaseBuilder->get()
 4 SYSTEMPATH\BaseModel.php(714): CodeIgniter\Model->doFirst()
 5 APPPATH\Controllers\Auth.php(91): CodeIgniter\BaseModel->first()
 6 SYSTEMPATH\CodeIgniter.php(933): App\Controllers\Auth->authenticate()
 7 SYSTEMPATH\CodeIgniter.php(509): CodeIgniter\CodeIgniter->runController(Object(App\Controllers\Auth))
 8 SYSTEMPATH\CodeIgniter.php(355): CodeIgniter\CodeIgniter->handleRequest(null, Object(Config\Cache), false)
 9 SYSTEMPATH\Boot.php(325): CodeIgniter\CodeIgniter->run()
10 SYSTEMPATH\Boot.php(67): CodeIgniter\Boot::runCodeIgniter(Object(CodeIgniter\CodeIgniter))
11 FCPATH\index.php(56): CodeIgniter\Boot::bootWeb(Object(Config\Paths))
12 SYSTEMPATH\rewrite.php(44): require_once('D:\\Web-project\\health-bridge\\public\\index.php')
>>>>>>> 8436638893ddf5782f41b7d08e9faa9eb1ef5cbe
