CRITICAL - 2024-11-11 18:35:41 --> ErrorException: Type of Config\Filters::$globals must be array (as in class CodeIgniter\Config\Filters)
[Method: GET, Route: book-appointment]
in APPPATH\Config\Filters.php on line 16.
 1 [internal function]: CodeIgniter\Debug\Exceptions->shutdownHandler()
CRITICAL - 2024-11-11 18:36:08 --> ErrorException: Type of Config\Filters::$globals must be array (as in class CodeIgniter\Config\Filters)
[Method: GET, Route: /]
in APPPATH\Config\Filters.php on line 16.
 1 [internal function]: CodeIgniter\Debug\Exceptions->shutdownHandler()
CRITICAL - 2024-11-11 18:36:13 --> ErrorException: Type of Config\Filters::$globals must be array (as in class CodeIgniter\Config\Filters)
[Method: GET, Route: /]
in APPPATH\Config\Filters.php on line 16.
 1 [internal function]: CodeIgniter\Debug\Exceptions->shutdownHandler()
CRITICAL - 2024-11-11 18:36:17 --> ErrorException: Type of Config\Filters::$globals must be array (as in class CodeIgniter\Config\Filters)
[Method: GET, Route: /]
in APPPATH\Config\Filters.php on line 16.
 1 [internal function]: CodeIgniter\Debug\Exceptions->shutdownHandler()
CRITICAL - 2024-11-11 18:36:35 --> ErrorException: Type of Config\Filters::$globals must be array (as in class CodeIgniter\Config\Filters)
[Method: GET, Route: /]
in APPPATH\Config\Filters.php on line 16.
 1 [internal function]: CodeIgniter\Debug\Exceptions->shutdownHandler()
CRITICAL - 2024-11-11 18:36:36 --> ErrorException: Type of Config\Filters::$globals must be array (as in class CodeIgniter\Config\Filters)
[Method: GET, Route: /]
in APPPATH\Config\Filters.php on line 16.
 1 [internal function]: CodeIgniter\Debug\Exceptions->shutdownHandler()
CRITICAL - 2024-11-11 18:37:15 --> ErrorException: Type of Config\Filters::$globals must be array (as in class CodeIgniter\Config\Filters)
[Method: GET, Route: /]
in APPPATH\Config\Filters.php on line 16.
 1 [internal function]: CodeIgniter\Debug\Exceptions->shutdownHandler()
CRITICAL - 2024-11-11 18:39:01 --> ErrorException: Type of Config\Filters::$globals must be array (as in class CodeIgniter\Config\Filters)
[Method: GET, Route: /]
in APPPATH\Config\Filters.php on line 16.
 1 [internal function]: CodeIgniter\Debug\Exceptions->shutdownHandler()
CRITICAL - 2024-11-11 18:39:05 --> ErrorException: Type of Config\Filters::$globals must be array (as in class CodeIgniter\Config\Filters)
[Method: GET, Route: /]
in APPPATH\Config\Filters.php on line 16.
 1 [internal function]: CodeIgniter\Debug\Exceptions->shutdownHandler()
CRITICAL - 2024-11-11 18:40:08 --> ErrorException: Type of Config\Filters::$globals must be array (as in class CodeIgniter\Config\Filters)
[Method: GET, Route: /]
in APPPATH\Config\Filters.php on line 16.
 1 [internal function]: CodeIgniter\Debug\Exceptions->shutdownHandler()
CRITICAL - 2024-11-11 18:40:16 --> ErrorException: Type of Config\Filters::$globals must be array (as in class CodeIgniter\Config\Filters)
[Method: GET, Route: login]
in APPPATH\Config\Filters.php on line 16.
 1 [internal function]: CodeIgniter\Debug\Exceptions->shutdownHandler()
CRITICAL - 2024-11-11 18:40:53 --> ErrorException: Type of Config\Filters::$globals must be array (as in class CodeIgniter\Config\Filters)
[Method: GET, Route: login]
in APPPATH\Config\Filters.php on line 16.
 1 [internal function]: CodeIgniter\Debug\Exceptions->shutdownHandler()
CRITICAL - 2024-11-11 18:40:54 --> ErrorException: Type of Config\Filters::$globals must be array (as in class CodeIgniter\Config\Filters)
[Method: GET, Route: login]
in APPPATH\Config\Filters.php on line 16.
 1 [internal function]: CodeIgniter\Debug\Exceptions->shutdownHandler()
CRITICAL - 2024-11-11 18:40:55 --> ErrorException: Type of Config\Filters::$globals must be array (as in class CodeIgniter\Config\Filters)
[Method: GET, Route: login]
in APPPATH\Config\Filters.php on line 16.
 1 [internal function]: CodeIgniter\Debug\Exceptions->shutdownHandler()
CRITICAL - 2024-11-11 18:40:56 --> ErrorException: Type of Config\Filters::$globals must be array (as in class CodeIgniter\Config\Filters)
[Method: GET, Route: login]
in APPPATH\Config\Filters.php on line 16.
 1 [internal function]: CodeIgniter\Debug\Exceptions->shutdownHandler()
CRITICAL - 2024-11-11 18:40:59 --> ErrorException: Type of Config\Filters::$globals must be array (as in class CodeIgniter\Config\Filters)
[Method: GET, Route: /]
in APPPATH\Config\Filters.php on line 16.
 1 [internal function]: CodeIgniter\Debug\Exceptions->shutdownHandler()
