ERROR - 2024-11-22 11:06:35 --> Error connecting to the database: mysqli_sql_exception: No connection could be made because the target machine actively refused it in D:\Web-project\health-bridge\system\Database\MySQLi\Connection.php:187
Stack trace:
#0 D:\Web-project\health-bridge\system\Database\MySQLi\Connection.php(187): mysqli->real_connect('localhost', 'root', '', 'health_bridge', 3306, '', 0)
#1 D:\Web-project\health-bridge\system\Database\BaseConnection.php(421): CodeIgniter\Database\MySQLi\Connection->connect(false)
#2 D:\Web-project\health-bridge\system\Database\BaseConnection.php(616): CodeIgniter\Database\BaseConnection->initialize()
#3 D:\Web-project\health-bridge\system\Database\BaseBuilder.php(1644): CodeIgniter\Database\BaseConnection->query('SELECT *\nFROM `...', Array, false)
#4 D:\Web-project\health-bridge\system\Model.php(330): CodeIgniter\Database\BaseBuilder->get()
#5 D:\Web-project\health-bridge\system\BaseModel.php(714): CodeIgniter\Model->doFirst()
#6 D:\Web-project\health-bridge\app\Controllers\Auth.php(90): CodeIgniter\BaseModel->first()
#7 D:\Web-project\health-bridge\system\CodeIgniter.php(933): App\Controllers\Auth->authenticate()
#8 D:\Web-project\health-bridge\system\CodeIgniter.php(509): CodeIgniter\CodeIgniter->runController(Object(App\Controllers\Auth))
#9 D:\Web-project\health-bridge\system\CodeIgniter.php(355): CodeIgniter\CodeIgniter->handleRequest(NULL, Object(Config\Cache), false)
#10 D:\Web-project\health-bridge\system\Boot.php(325): CodeIgniter\CodeIgniter->run()
#11 D:\Web-project\health-bridge\system\Boot.php(67): CodeIgniter\Boot::runCodeIgniter(Object(CodeIgniter\CodeIgniter))
#12 D:\Web-project\health-bridge\public\index.php(56): CodeIgniter\Boot::bootWeb(Object(Config\Paths))
#13 D:\Web-project\health-bridge\system\rewrite.php(44): require_once('D:\\Web-project\\...')
#14 {main}

Next CodeIgniter\Database\Exceptions\DatabaseException: No connection could be made because the target machine actively refused it in D:\Web-project\health-bridge\system\Database\MySQLi\Connection.php:231
Stack trace:
#0 D:\Web-project\health-bridge\system\Database\BaseConnection.php(421): CodeIgniter\Database\MySQLi\Connection->connect(false)
#1 D:\Web-project\health-bridge\system\Database\BaseConnection.php(616): CodeIgniter\Database\BaseConnection->initialize()
#2 D:\Web-project\health-bridge\system\Database\BaseBuilder.php(1644): CodeIgniter\Database\BaseConnection->query('SELECT *\nFROM `...', Array, false)
#3 D:\Web-project\health-bridge\system\Model.php(330): CodeIgniter\Database\BaseBuilder->get()
#4 D:\Web-project\health-bridge\system\BaseModel.php(714): CodeIgniter\Model->doFirst()
#5 D:\Web-project\health-bridge\app\Controllers\Auth.php(90): CodeIgniter\BaseModel->first()
#6 D:\Web-project\health-bridge\system\CodeIgniter.php(933): App\Controllers\Auth->authenticate()
#7 D:\Web-project\health-bridge\system\CodeIgniter.php(509): CodeIgniter\CodeIgniter->runController(Object(App\Controllers\Auth))
#8 D:\Web-project\health-bridge\system\CodeIgniter.php(355): CodeIgniter\CodeIgniter->handleRequest(NULL, Object(Config\Cache), false)
#9 D:\Web-project\health-bridge\system\Boot.php(325): CodeIgniter\CodeIgniter->run()
#10 D:\Web-project\health-bridge\system\Boot.php(67): CodeIgniter\Boot::runCodeIgniter(Object(CodeIgniter\CodeIgniter))
#11 D:\Web-project\health-bridge\public\index.php(56): CodeIgniter\Boot::bootWeb(Object(Config\Paths))
#12 D:\Web-project\health-bridge\system\rewrite.php(44): require_once('D:\\Web-project\\...')
#13 {main}
CRITICAL - 2024-11-22 11:06:35 --> CodeIgniter\Database\Exceptions\DatabaseException: Unable to connect to the database.
Main connection [MySQLi]: No connection could be made because the target machine actively refused it
[Method: POST, Route: authenticate]
in SYSTEMPATH\Database\BaseConnection.php on line 467.
 1 SYSTEMPATH\Database\BaseConnection.php(616): CodeIgniter\Database\BaseConnection->initialize()
 2 SYSTEMPATH\Database\BaseBuilder.php(1644): CodeIgniter\Database\BaseConnection->query('SELECT *
FROM `users`
WHERE `email` = :email:
 LIMIT 1', [...], false)
 3 SYSTEMPATH\Model.php(330): CodeIgniter\Database\BaseBuilder->get()
 4 SYSTEMPATH\BaseModel.php(714): CodeIgniter\Model->doFirst()
 5 APPPATH\Controllers\Auth.php(90): CodeIgniter\BaseModel->first()
 6 SYSTEMPATH\CodeIgniter.php(933): App\Controllers\Auth->authenticate()
 7 SYSTEMPATH\CodeIgniter.php(509): CodeIgniter\CodeIgniter->runController(Object(App\Controllers\Auth))
 8 SYSTEMPATH\CodeIgniter.php(355): CodeIgniter\CodeIgniter->handleRequest(null, Object(Config\Cache), false)
 9 SYSTEMPATH\Boot.php(325): CodeIgniter\CodeIgniter->run()
10 SYSTEMPATH\Boot.php(67): CodeIgniter\Boot::runCodeIgniter(Object(CodeIgniter\CodeIgniter))
11 FCPATH\index.php(56): CodeIgniter\Boot::bootWeb(Object(Config\Paths))
12 SYSTEMPATH\rewrite.php(44): require_once('D:\\Web-project\\health-bridge\\public\\index.php')
CRITICAL - 2024-11-22 18:40:48 --> ErrorException: Undefined variable $doctors
[Method: GET, Route: personal-space]
in APPPATH\Views\patient\booking_appointment.php on line 38.
 1 APPPATH\Views\patient\booking_appointment.php(38): CodeIgniter\Debug\Exceptions->errorHandler(2, 'Undefined variable $doctors', 'D:\\Web-project\\health-bridge\\app\\Views\\patient\\booking_appointment.php', 38)
 2 SYSTEMPATH\View\View.php(234): include('D:\\Web-project\\health-bridge\\app\\Views\\patient\\booking_appointment.php')
 3 SYSTEMPATH\View\View.php(237): CodeIgniter\View\View->CodeIgniter\View\{closure}()
 4 SYSTEMPATH\Common.php(1171): CodeIgniter\View\View->render('patient/booking_appointment', [], true)
 5 APPPATH\Controllers\PatientInterfaceController.php(11): view('patient/booking_appointment')
 6 SYSTEMPATH\CodeIgniter.php(933): App\Controllers\PatientInterfaceController->index()
 7 SYSTEMPATH\CodeIgniter.php(509): CodeIgniter\CodeIgniter->runController(Object(App\Controllers\PatientInterfaceController))
 8 SYSTEMPATH\CodeIgniter.php(355): CodeIgniter\CodeIgniter->handleRequest(null, Object(Config\Cache), false)
 9 SYSTEMPATH\Boot.php(325): CodeIgniter\CodeIgniter->run()
10 SYSTEMPATH\Boot.php(67): CodeIgniter\Boot::runCodeIgniter(Object(CodeIgniter\CodeIgniter))
11 FCPATH\index.php(56): CodeIgniter\Boot::bootWeb(Object(Config\Paths))
12 SYSTEMPATH\rewrite.php(44): require_once('D:\\Web-project\\health-bridge\\public\\index.php')
CRITICAL - 2024-11-22 18:46:21 --> ErrorException: Undefined variable $doctors
[Method: GET, Route: personal-space]
in APPPATH\Views\patient\booking_appointment.php on line 38.
 1 APPPATH\Views\patient\booking_appointment.php(38): CodeIgniter\Debug\Exceptions->errorHandler(2, 'Undefined variable $doctors', 'D:\\Web-project\\health-bridge\\app\\Views\\patient\\booking_appointment.php', 38)
 2 SYSTEMPATH\View\View.php(234): include('D:\\Web-project\\health-bridge\\app\\Views\\patient\\booking_appointment.php')
 3 SYSTEMPATH\View\View.php(237): CodeIgniter\View\View->CodeIgniter\View\{closure}()
 4 SYSTEMPATH\Common.php(1171): CodeIgniter\View\View->render('patient/booking_appointment', [], true)
 5 APPPATH\Controllers\PatientInterfaceController.php(11): view('patient/booking_appointment')
 6 SYSTEMPATH\CodeIgniter.php(933): App\Controllers\PatientInterfaceController->index()
 7 SYSTEMPATH\CodeIgniter.php(509): CodeIgniter\CodeIgniter->runController(Object(App\Controllers\PatientInterfaceController))
 8 SYSTEMPATH\CodeIgniter.php(355): CodeIgniter\CodeIgniter->handleRequest(null, Object(Config\Cache), false)
 9 SYSTEMPATH\Boot.php(325): CodeIgniter\CodeIgniter->run()
10 SYSTEMPATH\Boot.php(67): CodeIgniter\Boot::runCodeIgniter(Object(CodeIgniter\CodeIgniter))
11 FCPATH\index.php(56): CodeIgniter\Boot::bootWeb(Object(Config\Paths))
12 SYSTEMPATH\rewrite.php(44): require_once('D:\\Web-project\\health-bridge\\public\\index.php')
CRITICAL - 2024-11-22 18:47:45 --> CodeIgniter\View\Exceptions\ViewException: Invalid file: "base_layout.php"
[Method: GET, Route: personal-space]
in SYSTEMPATH\Exceptions\FrameworkException.php on line 41.
 1 SYSTEMPATH\View\View.php(222): CodeIgniter\Exceptions\FrameworkException::forInvalidFile('base_layout.php')
 2 SYSTEMPATH\Common.php(1171): CodeIgniter\View\View->render('base_layout', [], true)
 3 APPPATH\Controllers\PatientInterfaceController.php(17): view('base_layout', [...])
 4 SYSTEMPATH\CodeIgniter.php(933): App\Controllers\PatientInterfaceController->index()
 5 SYSTEMPATH\CodeIgniter.php(509): CodeIgniter\CodeIgniter->runController(Object(App\Controllers\PatientInterfaceController))
 6 SYSTEMPATH\CodeIgniter.php(355): CodeIgniter\CodeIgniter->handleRequest(null, Object(Config\Cache), false)
 7 SYSTEMPATH\Boot.php(325): CodeIgniter\CodeIgniter->run()
 8 SYSTEMPATH\Boot.php(67): CodeIgniter\Boot::runCodeIgniter(Object(CodeIgniter\CodeIgniter))
 9 FCPATH\index.php(56): CodeIgniter\Boot::bootWeb(Object(Config\Paths))
10 SYSTEMPATH\rewrite.php(44): require_once('D:\\Web-project\\health-bridge\\public\\index.php')
CRITICAL - 2024-11-22 18:49:43 --> CodeIgniter\View\Exceptions\ViewException: Invalid file: "base_layout.php"
[Method: GET, Route: personal-space]
in SYSTEMPATH\Exceptions\FrameworkException.php on line 41.
 1 SYSTEMPATH\View\View.php(222): CodeIgniter\Exceptions\FrameworkException::forInvalidFile('base_layout.php')
 2 SYSTEMPATH\Common.php(1171): CodeIgniter\View\View->render('base_layout', [], true)
 3 APPPATH\Controllers\PatientInterfaceController.php(17): view('base_layout', [...])
 4 SYSTEMPATH\CodeIgniter.php(933): App\Controllers\PatientInterfaceController->index()
 5 SYSTEMPATH\CodeIgniter.php(509): CodeIgniter\CodeIgniter->runController(Object(App\Controllers\PatientInterfaceController))
 6 SYSTEMPATH\CodeIgniter.php(355): CodeIgniter\CodeIgniter->handleRequest(null, Object(Config\Cache), false)
 7 SYSTEMPATH\Boot.php(325): CodeIgniter\CodeIgniter->run()
 8 SYSTEMPATH\Boot.php(67): CodeIgniter\Boot::runCodeIgniter(Object(CodeIgniter\CodeIgniter))
 9 FCPATH\index.php(56): CodeIgniter\Boot::bootWeb(Object(Config\Paths))
10 SYSTEMPATH\rewrite.php(44): require_once('D:\\Web-project\\health-bridge\\public\\index.php')
CRITICAL - 2024-11-22 18:53:30 --> CodeIgniter\View\Exceptions\ViewException: Invalid file: "base_layout.php"
[Method: GET, Route: personal-space]
in SYSTEMPATH\Exceptions\FrameworkException.php on line 41.
 1 SYSTEMPATH\View\View.php(222): CodeIgniter\Exceptions\FrameworkException::forInvalidFile('base_layout.php')
 2 SYSTEMPATH\Common.php(1171): CodeIgniter\View\View->render('base_layout', [], true)
 3 APPPATH\Controllers\PatientInterfaceController.php(17): view('base_layout', [...])
 4 SYSTEMPATH\CodeIgniter.php(933): App\Controllers\PatientInterfaceController->index()
 5 SYSTEMPATH\CodeIgniter.php(509): CodeIgniter\CodeIgniter->runController(Object(App\Controllers\PatientInterfaceController))
 6 SYSTEMPATH\CodeIgniter.php(355): CodeIgniter\CodeIgniter->handleRequest(null, Object(Config\Cache), false)
 7 SYSTEMPATH\Boot.php(325): CodeIgniter\CodeIgniter->run()
 8 SYSTEMPATH\Boot.php(67): CodeIgniter\Boot::runCodeIgniter(Object(CodeIgniter\CodeIgniter))
 9 FCPATH\index.php(56): CodeIgniter\Boot::bootWeb(Object(Config\Paths))
10 SYSTEMPATH\rewrite.php(44): require_once('D:\\Web-project\\health-bridge\\public\\index.php')
CRITICAL - 2024-11-22 18:53:31 --> CodeIgniter\View\Exceptions\ViewException: Invalid file: "base_layout.php"
[Method: GET, Route: personal-space]
in SYSTEMPATH\Exceptions\FrameworkException.php on line 41.
 1 SYSTEMPATH\View\View.php(222): CodeIgniter\Exceptions\FrameworkException::forInvalidFile('base_layout.php')
 2 SYSTEMPATH\Common.php(1171): CodeIgniter\View\View->render('base_layout', [], true)
 3 APPPATH\Controllers\PatientInterfaceController.php(17): view('base_layout', [...])
 4 SYSTEMPATH\CodeIgniter.php(933): App\Controllers\PatientInterfaceController->index()
 5 SYSTEMPATH\CodeIgniter.php(509): CodeIgniter\CodeIgniter->runController(Object(App\Controllers\PatientInterfaceController))
 6 SYSTEMPATH\CodeIgniter.php(355): CodeIgniter\CodeIgniter->handleRequest(null, Object(Config\Cache), false)
 7 SYSTEMPATH\Boot.php(325): CodeIgniter\CodeIgniter->run()
 8 SYSTEMPATH\Boot.php(67): CodeIgniter\Boot::runCodeIgniter(Object(CodeIgniter\CodeIgniter))
 9 FCPATH\index.php(56): CodeIgniter\Boot::bootWeb(Object(Config\Paths))
10 SYSTEMPATH\rewrite.php(44): require_once('D:\\Web-project\\health-bridge\\public\\index.php')
CRITICAL - 2024-11-22 18:53:32 --> CodeIgniter\View\Exceptions\ViewException: Invalid file: "base_layout.php"
[Method: GET, Route: personal-space]
in SYSTEMPATH\Exceptions\FrameworkException.php on line 41.
 1 SYSTEMPATH\View\View.php(222): CodeIgniter\Exceptions\FrameworkException::forInvalidFile('base_layout.php')
 2 SYSTEMPATH\Common.php(1171): CodeIgniter\View\View->render('base_layout', [], true)
 3 APPPATH\Controllers\PatientInterfaceController.php(17): view('base_layout', [...])
 4 SYSTEMPATH\CodeIgniter.php(933): App\Controllers\PatientInterfaceController->index()
 5 SYSTEMPATH\CodeIgniter.php(509): CodeIgniter\CodeIgniter->runController(Object(App\Controllers\PatientInterfaceController))
 6 SYSTEMPATH\CodeIgniter.php(355): CodeIgniter\CodeIgniter->handleRequest(null, Object(Config\Cache), false)
 7 SYSTEMPATH\Boot.php(325): CodeIgniter\CodeIgniter->run()
 8 SYSTEMPATH\Boot.php(67): CodeIgniter\Boot::runCodeIgniter(Object(CodeIgniter\CodeIgniter))
 9 FCPATH\index.php(56): CodeIgniter\Boot::bootWeb(Object(Config\Paths))
10 SYSTEMPATH\rewrite.php(44): require_once('D:\\Web-project\\health-bridge\\public\\index.php')
CRITICAL - 2024-11-22 18:53:59 --> CodeIgniter\View\Exceptions\ViewException: Invalid file: "base_layout.php"
[Method: GET, Route: personal-space]
in SYSTEMPATH\Exceptions\FrameworkException.php on line 41.
 1 SYSTEMPATH\View\View.php(222): CodeIgniter\Exceptions\FrameworkException::forInvalidFile('base_layout.php')
 2 SYSTEMPATH\Common.php(1171): CodeIgniter\View\View->render('base_layout', [], true)
 3 APPPATH\Controllers\PatientInterfaceController.php(17): view('base_layout', [...])
 4 SYSTEMPATH\CodeIgniter.php(933): App\Controllers\PatientInterfaceController->index()
 5 SYSTEMPATH\CodeIgniter.php(509): CodeIgniter\CodeIgniter->runController(Object(App\Controllers\PatientInterfaceController))
 6 SYSTEMPATH\CodeIgniter.php(355): CodeIgniter\CodeIgniter->handleRequest(null, Object(Config\Cache), false)
 7 SYSTEMPATH\Boot.php(325): CodeIgniter\CodeIgniter->run()
 8 SYSTEMPATH\Boot.php(67): CodeIgniter\Boot::runCodeIgniter(Object(CodeIgniter\CodeIgniter))
 9 FCPATH\index.php(56): CodeIgniter\Boot::bootWeb(Object(Config\Paths))
10 SYSTEMPATH\rewrite.php(44): require_once('D:\\Web-project\\health-bridge\\public\\index.php')
CRITICAL - 2024-11-22 18:54:08 --> CodeIgniter\View\Exceptions\ViewException: Invalid file: "base_layout.php"
[Method: GET, Route: personal-space]
in SYSTEMPATH\Exceptions\FrameworkException.php on line 41.
 1 SYSTEMPATH\View\View.php(222): CodeIgniter\Exceptions\FrameworkException::forInvalidFile('base_layout.php')
 2 SYSTEMPATH\Common.php(1171): CodeIgniter\View\View->render('base_layout', [], true)
 3 APPPATH\Controllers\PatientInterfaceController.php(17): view('base_layout', [...])
 4 SYSTEMPATH\CodeIgniter.php(933): App\Controllers\PatientInterfaceController->index()
 5 SYSTEMPATH\CodeIgniter.php(509): CodeIgniter\CodeIgniter->runController(Object(App\Controllers\PatientInterfaceController))
 6 SYSTEMPATH\CodeIgniter.php(355): CodeIgniter\CodeIgniter->handleRequest(null, Object(Config\Cache), false)
 7 SYSTEMPATH\Boot.php(325): CodeIgniter\CodeIgniter->run()
 8 SYSTEMPATH\Boot.php(67): CodeIgniter\Boot::runCodeIgniter(Object(CodeIgniter\CodeIgniter))
 9 FCPATH\index.php(56): CodeIgniter\Boot::bootWeb(Object(Config\Paths))
10 SYSTEMPATH\rewrite.php(44): require_once('D:\\Web-project\\health-bridge\\public\\index.php')
CRITICAL - 2024-11-22 19:00:38 --> CodeIgniter\View\Exceptions\ViewException: Invalid file: "base_layout.php"
[Method: GET, Route: personal-space]
in SYSTEMPATH\Exceptions\FrameworkException.php on line 41.
 1 SYSTEMPATH\View\View.php(222): CodeIgniter\Exceptions\FrameworkException::forInvalidFile('base_layout.php')
 2 SYSTEMPATH\Common.php(1171): CodeIgniter\View\View->render('base_layout', [], true)
 3 APPPATH\Controllers\PatientInterfaceController.php(17): view('base_layout', [...])
 4 SYSTEMPATH\CodeIgniter.php(933): App\Controllers\PatientInterfaceController->index()
 5 SYSTEMPATH\CodeIgniter.php(509): CodeIgniter\CodeIgniter->runController(Object(App\Controllers\PatientInterfaceController))
 6 SYSTEMPATH\CodeIgniter.php(355): CodeIgniter\CodeIgniter->handleRequest(null, Object(Config\Cache), false)
 7 SYSTEMPATH\Boot.php(325): CodeIgniter\CodeIgniter->run()
 8 SYSTEMPATH\Boot.php(67): CodeIgniter\Boot::runCodeIgniter(Object(CodeIgniter\CodeIgniter))
 9 FCPATH\index.php(56): CodeIgniter\Boot::bootWeb(Object(Config\Paths))
10 SYSTEMPATH\rewrite.php(44): require_once('D:\\Web-project\\health-bridge\\public\\index.php')
CRITICAL - 2024-11-22 19:00:50 --> CodeIgniter\View\Exceptions\ViewException: Invalid file: "base_layout.php"
[Method: GET, Route: personal-space]
in SYSTEMPATH\Exceptions\FrameworkException.php on line 41.
 1 SYSTEMPATH\View\View.php(222): CodeIgniter\Exceptions\FrameworkException::forInvalidFile('base_layout.php')
 2 SYSTEMPATH\Common.php(1171): CodeIgniter\View\View->render('base_layout', [], true)
 3 APPPATH\Controllers\PatientInterfaceController.php(17): view('base_layout', [...])
 4 SYSTEMPATH\CodeIgniter.php(933): App\Controllers\PatientInterfaceController->index()
 5 SYSTEMPATH\CodeIgniter.php(509): CodeIgniter\CodeIgniter->runController(Object(App\Controllers\PatientInterfaceController))
 6 SYSTEMPATH\CodeIgniter.php(355): CodeIgniter\CodeIgniter->handleRequest(null, Object(Config\Cache), false)
 7 SYSTEMPATH\Boot.php(325): CodeIgniter\CodeIgniter->run()
 8 SYSTEMPATH\Boot.php(67): CodeIgniter\Boot::runCodeIgniter(Object(CodeIgniter\CodeIgniter))
 9 FCPATH\index.php(56): CodeIgniter\Boot::bootWeb(Object(Config\Paths))
10 SYSTEMPATH\rewrite.php(44): require_once('D:\\Web-project\\health-bridge\\public\\index.php')
CRITICAL - 2024-11-22 19:04:03 --> CodeIgniter\View\Exceptions\ViewException: Invalid file: "base_layout.php"
[Method: GET, Route: book-appointment]
in SYSTEMPATH\Exceptions\FrameworkException.php on line 41.
 1 SYSTEMPATH\View\View.php(222): CodeIgniter\Exceptions\FrameworkException::forInvalidFile('base_layout.php')
 2 SYSTEMPATH\View\View.php(250): CodeIgniter\View\View->render('base_layout', [], true)
 3 SYSTEMPATH\Common.php(1171): CodeIgniter\View\View->render('patient/booking_appointment', [], true)
 4 APPPATH\Controllers\AppointmentController.php(53): view('patient/booking_appointment', [...])
 5 SYSTEMPATH\CodeIgniter.php(933): App\Controllers\AppointmentController->index()
 6 SYSTEMPATH\CodeIgniter.php(509): CodeIgniter\CodeIgniter->runController(Object(App\Controllers\AppointmentController))
 7 SYSTEMPATH\CodeIgniter.php(355): CodeIgniter\CodeIgniter->handleRequest(null, Object(Config\Cache), false)
 8 SYSTEMPATH\Boot.php(325): CodeIgniter\CodeIgniter->run()
 9 SYSTEMPATH\Boot.php(67): CodeIgniter\Boot::runCodeIgniter(Object(CodeIgniter\CodeIgniter))
10 FCPATH\index.php(56): CodeIgniter\Boot::bootWeb(Object(Config\Paths))
11 SYSTEMPATH\rewrite.php(44): require_once('D:\\Web-project\\health-bridge\\public\\index.php')
CRITICAL - 2024-11-22 19:05:13 --> CodeIgniter\View\Exceptions\ViewException: Invalid file: "base_layout.php"
[Method: GET, Route: book-appointment]
in SYSTEMPATH\Exceptions\FrameworkException.php on line 41.
 1 SYSTEMPATH\View\View.php(222): CodeIgniter\Exceptions\FrameworkException::forInvalidFile('base_layout.php')
 2 SYSTEMPATH\View\View.php(250): CodeIgniter\View\View->render('base_layout', [], true)
 3 SYSTEMPATH\Common.php(1171): CodeIgniter\View\View->render('patient/booking_appointment', [], true)
 4 APPPATH\Controllers\AppointmentController.php(53): view('patient/booking_appointment', [...])
 5 SYSTEMPATH\CodeIgniter.php(933): App\Controllers\AppointmentController->index()
 6 SYSTEMPATH\CodeIgniter.php(509): CodeIgniter\CodeIgniter->runController(Object(App\Controllers\AppointmentController))
 7 SYSTEMPATH\CodeIgniter.php(355): CodeIgniter\CodeIgniter->handleRequest(null, Object(Config\Cache), false)
 8 SYSTEMPATH\Boot.php(325): CodeIgniter\CodeIgniter->run()
 9 SYSTEMPATH\Boot.php(67): CodeIgniter\Boot::runCodeIgniter(Object(CodeIgniter\CodeIgniter))
10 FCPATH\index.php(56): CodeIgniter\Boot::bootWeb(Object(Config\Paths))
11 SYSTEMPATH\rewrite.php(44): require_once('D:\\Web-project\\health-bridge\\public\\index.php')
CRITICAL - 2024-11-22 19:05:17 --> CodeIgniter\View\Exceptions\ViewException: Invalid file: "base_layout.php"
[Method: GET, Route: personal-space]
in SYSTEMPATH\Exceptions\FrameworkException.php on line 41.
 1 SYSTEMPATH\View\View.php(222): CodeIgniter\Exceptions\FrameworkException::forInvalidFile('base_layout.php')
 2 SYSTEMPATH\View\View.php(250): CodeIgniter\View\View->render('base_layout', [], true)
 3 SYSTEMPATH\Common.php(1171): CodeIgniter\View\View->render('patient/dashboard', [], true)
 4 APPPATH\Controllers\PatientInterfaceController.php(11): view('patient/dashboard')
 5 SYSTEMPATH\CodeIgniter.php(933): App\Controllers\PatientInterfaceController->index()
 6 SYSTEMPATH\CodeIgniter.php(509): CodeIgniter\CodeIgniter->runController(Object(App\Controllers\PatientInterfaceController))
 7 SYSTEMPATH\CodeIgniter.php(355): CodeIgniter\CodeIgniter->handleRequest(null, Object(Config\Cache), false)
 8 SYSTEMPATH\Boot.php(325): CodeIgniter\CodeIgniter->run()
 9 SYSTEMPATH\Boot.php(67): CodeIgniter\Boot::runCodeIgniter(Object(CodeIgniter\CodeIgniter))
10 FCPATH\index.php(56): CodeIgniter\Boot::bootWeb(Object(Config\Paths))
11 SYSTEMPATH\rewrite.php(44): require_once('D:\\Web-project\\health-bridge\\public\\index.php')
CRITICAL - 2024-11-22 19:05:19 --> CodeIgniter\View\Exceptions\ViewException: Invalid file: "base_layout.php"
[Method: GET, Route: personal-space]
in SYSTEMPATH\Exceptions\FrameworkException.php on line 41.
 1 SYSTEMPATH\View\View.php(222): CodeIgniter\Exceptions\FrameworkException::forInvalidFile('base_layout.php')
 2 SYSTEMPATH\View\View.php(250): CodeIgniter\View\View->render('base_layout', [], true)
 3 SYSTEMPATH\Common.php(1171): CodeIgniter\View\View->render('patient/dashboard', [], true)
 4 APPPATH\Controllers\PatientInterfaceController.php(11): view('patient/dashboard')
 5 SYSTEMPATH\CodeIgniter.php(933): App\Controllers\PatientInterfaceController->index()
 6 SYSTEMPATH\CodeIgniter.php(509): CodeIgniter\CodeIgniter->runController(Object(App\Controllers\PatientInterfaceController))
 7 SYSTEMPATH\CodeIgniter.php(355): CodeIgniter\CodeIgniter->handleRequest(null, Object(Config\Cache), false)
 8 SYSTEMPATH\Boot.php(325): CodeIgniter\CodeIgniter->run()
 9 SYSTEMPATH\Boot.php(67): CodeIgniter\Boot::runCodeIgniter(Object(CodeIgniter\CodeIgniter))
10 FCPATH\index.php(56): CodeIgniter\Boot::bootWeb(Object(Config\Paths))
11 SYSTEMPATH\rewrite.php(44): require_once('D:\\Web-project\\health-bridge\\public\\index.php')
CRITICAL - 2024-11-22 19:08:20 --> CodeIgniter\View\Exceptions\ViewException: Invalid file: "layouts/base_layout.php"
[Method: GET, Route: dashboard]
in SYSTEMPATH\Exceptions\FrameworkException.php on line 41.
 1 SYSTEMPATH\View\View.php(222): CodeIgniter\Exceptions\FrameworkException::forInvalidFile('layouts/base_layout.php')
 2 SYSTEMPATH\View\View.php(250): CodeIgniter\View\View->render('layouts/base_layout', [], true)
 3 SYSTEMPATH\Common.php(1171): CodeIgniter\View\View->render('patient/dashboard', [], true)
 4 APPPATH\Controllers\DashboardController.php(19): view('patient/dashboard', [...])
 5 SYSTEMPATH\CodeIgniter.php(933): App\Controllers\DashboardController->index()
 6 SYSTEMPATH\CodeIgniter.php(509): CodeIgniter\CodeIgniter->runController(Object(App\Controllers\DashboardController))
 7 SYSTEMPATH\CodeIgniter.php(355): CodeIgniter\CodeIgniter->handleRequest(null, Object(Config\Cache), false)
 8 SYSTEMPATH\Boot.php(325): CodeIgniter\CodeIgniter->run()
 9 SYSTEMPATH\Boot.php(67): CodeIgniter\Boot::runCodeIgniter(Object(CodeIgniter\CodeIgniter))
10 FCPATH\index.php(56): CodeIgniter\Boot::bootWeb(Object(Config\Paths))
11 SYSTEMPATH\rewrite.php(44): require_once('D:\\Web-project\\health-bridge\\public\\index.php')
CRITICAL - 2024-11-22 19:08:22 --> CodeIgniter\View\Exceptions\ViewException: Invalid file: "layouts/base_layout.php"
[Method: GET, Route: dashboard]
in SYSTEMPATH\Exceptions\FrameworkException.php on line 41.
 1 SYSTEMPATH\View\View.php(222): CodeIgniter\Exceptions\FrameworkException::forInvalidFile('layouts/base_layout.php')
 2 SYSTEMPATH\View\View.php(250): CodeIgniter\View\View->render('layouts/base_layout', [], true)
 3 SYSTEMPATH\Common.php(1171): CodeIgniter\View\View->render('patient/dashboard', [], true)
 4 APPPATH\Controllers\DashboardController.php(19): view('patient/dashboard', [...])
 5 SYSTEMPATH\CodeIgniter.php(933): App\Controllers\DashboardController->index()
 6 SYSTEMPATH\CodeIgniter.php(509): CodeIgniter\CodeIgniter->runController(Object(App\Controllers\DashboardController))
 7 SYSTEMPATH\CodeIgniter.php(355): CodeIgniter\CodeIgniter->handleRequest(null, Object(Config\Cache), false)
 8 SYSTEMPATH\Boot.php(325): CodeIgniter\CodeIgniter->run()
 9 SYSTEMPATH\Boot.php(67): CodeIgniter\Boot::runCodeIgniter(Object(CodeIgniter\CodeIgniter))
10 FCPATH\index.php(56): CodeIgniter\Boot::bootWeb(Object(Config\Paths))
11 SYSTEMPATH\rewrite.php(44): require_once('D:\\Web-project\\health-bridge\\public\\index.php')
CRITICAL - 2024-11-22 19:35:20 --> CodeIgniter\View\Exceptions\ViewException: Invalid file: "my_appointments.php"
[Method: GET, Route: my_appointments]
in SYSTEMPATH\Exceptions\FrameworkException.php on line 41.
 1 SYSTEMPATH\View\View.php(222): CodeIgniter\Exceptions\FrameworkException::forInvalidFile('my_appointments.php')
 2 SYSTEMPATH\Common.php(1171): CodeIgniter\View\View->render('my_appointments', [], true)
 3 APPPATH\Controllers\AppointmentController.php(35): view('my_appointments')
 4 SYSTEMPATH\CodeIgniter.php(933): App\Controllers\AppointmentController->index()
 5 SYSTEMPATH\CodeIgniter.php(509): CodeIgniter\CodeIgniter->runController(Object(App\Controllers\AppointmentController))
 6 SYSTEMPATH\CodeIgniter.php(355): CodeIgniter\CodeIgniter->handleRequest(null, Object(Config\Cache), false)
 7 SYSTEMPATH\Boot.php(325): CodeIgniter\CodeIgniter->run()
 8 SYSTEMPATH\Boot.php(67): CodeIgniter\Boot::runCodeIgniter(Object(CodeIgniter\CodeIgniter))
 9 FCPATH\index.php(56): CodeIgniter\Boot::bootWeb(Object(Config\Paths))
10 SYSTEMPATH\rewrite.php(44): require_once('D:\\Web-project\\health-bridge\\public\\index.php')
