ERROR - 2024-11-05 09:09:30 --> mysqli_sql_exception: Can't create table `health_bridge`.`appointments` (errno: 150 "Foreign key constraint is incorrectly formed") in D:\Web-project\health-bridge\system\Database\MySQLi\Connection.php:312
Stack trace:
#0 D:\Web-project\health-bridge\system\Database\MySQLi\Connection.php(312): mysqli->query('CREATE TABLE `a...', 0)
#1 D:\Web-project\health-bridge\system\Database\BaseConnection.php(734): CodeIgniter\Database\MySQLi\Connection->execute('CREATE TABLE `a...')
#2 D:\Web-project\health-bridge\system\Database\BaseConnection.php(648): CodeIgniter\Database\BaseConnection->simpleQuery('CREATE TABLE `a...')
#3 D:\Web-project\health-bridge\system\Database\Forge.php(570): CodeIgniter\Database\BaseConnection->query('CREATE TABLE `a...')
#4 D:\Web-project\health-bridge\app\Database\Migrations\2024-11-05-090408_CreateAppointmentsTable.php(38): CodeIgniter\Database\Forge->createTable('appointments')
#5 D:\Web-project\health-bridge\system\Database\MigrationRunner.php(867): App\Database\Migrations\CreateAppointmentsTable->up()
#6 D:\Web-project\health-bridge\system\Database\MigrationRunner.php(183): CodeIgniter\Database\MigrationRunner->migrate('up', Object(stdClass))
#7 D:\Web-project\health-bridge\system\Commands\Database\Migrate.php(85): CodeIgniter\Database\MigrationRunner->latest(NULL)
#8 D:\Web-project\health-bridge\system\CLI\Commands.php(70): CodeIgniter\Commands\Database\Migrate->run(Array)
#9 D:\Web-project\health-bridge\system\CLI\Console.php(48): CodeIgniter\CLI\Commands->run('migrate', Array)
#10 D:\Web-project\health-bridge\system\Boot.php(351): CodeIgniter\CLI\Console->run()
#11 D:\Web-project\health-bridge\system\Boot.php(104): CodeIgniter\Boot::runCommand(Object(CodeIgniter\CLI\Console))
#12 D:\Web-project\health-bridge\spark(84): CodeIgniter\Boot::bootSpark(Object(Config\Paths))
#13 {main}
ERROR - 2024-11-05 09:09:30 --> mysqli_sql_exception: Can't create table `health_bridge`.`appointments` (errno: 150 "Foreign key constraint is incorrectly formed") in D:\Web-project\health-bridge\system\Database\MySQLi\Connection.php:312
Stack trace:
#0 D:\Web-project\health-bridge\system\Database\MySQLi\Connection.php(312): mysqli->query('CREATE TABLE `a...', 0)
#1 D:\Web-project\health-bridge\system\Database\BaseConnection.php(734): CodeIgniter\Database\MySQLi\Connection->execute('CREATE TABLE `a...')
#2 D:\Web-project\health-bridge\system\Database\BaseConnection.php(648): CodeIgniter\Database\BaseConnection->simpleQuery('CREATE TABLE `a...')
#3 D:\Web-project\health-bridge\system\Database\Forge.php(570): CodeIgniter\Database\BaseConnection->query('CREATE TABLE `a...')
#4 D:\Web-project\health-bridge\app\Database\Migrations\2024-11-05-090408_CreateAppointmentsTable.php(38): CodeIgniter\Database\Forge->createTable('appointments')
#5 D:\Web-project\health-bridge\system\Database\MigrationRunner.php(867): App\Database\Migrations\CreateAppointmentsTable->up()
#6 D:\Web-project\health-bridge\system\Database\MigrationRunner.php(183): CodeIgniter\Database\MigrationRunner->migrate('up', Object(stdClass))
#7 D:\Web-project\health-bridge\system\Commands\Database\Migrate.php(85): CodeIgniter\Database\MigrationRunner->latest(NULL)
#8 D:\Web-project\health-bridge\system\CLI\Commands.php(70): CodeIgniter\Commands\Database\Migrate->run(Array)
#9 D:\Web-project\health-bridge\system\CLI\Console.php(48): CodeIgniter\CLI\Commands->run('migrate', Array)
#10 D:\Web-project\health-bridge\system\Boot.php(351): CodeIgniter\CLI\Console->run()
#11 D:\Web-project\health-bridge\system\Boot.php(104): CodeIgniter\Boot::runCommand(Object(CodeIgniter\CLI\Console))
#12 D:\Web-project\health-bridge\spark(84): CodeIgniter\Boot::bootSpark(Object(Config\Paths))
#13 {main}
ERROR - 2024-11-05 09:09:31 --> mysqli_sql_exception: Can't create table `health_bridge`.`appointments` (errno: 150 "Foreign key constraint is incorrectly formed") in D:\Web-project\health-bridge\system\Database\MySQLi\Connection.php:312
Stack trace:
#0 D:\Web-project\health-bridge\system\Database\MySQLi\Connection.php(312): mysqli->query('CREATE TABLE `a...', 0)
#1 D:\Web-project\health-bridge\system\Database\BaseConnection.php(734): CodeIgniter\Database\MySQLi\Connection->execute('CREATE TABLE `a...')
#2 D:\Web-project\health-bridge\system\Database\BaseConnection.php(648): CodeIgniter\Database\BaseConnection->simpleQuery('CREATE TABLE `a...')
#3 D:\Web-project\health-bridge\system\Database\Forge.php(570): CodeIgniter\Database\BaseConnection->query('CREATE TABLE `a...')
#4 D:\Web-project\health-bridge\app\Database\Migrations\2024-11-05-090408_CreateAppointmentsTable.php(38): CodeIgniter\Database\Forge->createTable('appointments')
#5 D:\Web-project\health-bridge\system\Database\MigrationRunner.php(867): App\Database\Migrations\CreateAppointmentsTable->up()
#6 D:\Web-project\health-bridge\system\Database\MigrationRunner.php(183): CodeIgniter\Database\MigrationRunner->migrate('up', Object(stdClass))
#7 D:\Web-project\health-bridge\system\Commands\Database\Migrate.php(85): CodeIgniter\Database\MigrationRunner->latest(NULL)
#8 D:\Web-project\health-bridge\system\CLI\Commands.php(70): CodeIgniter\Commands\Database\Migrate->run(Array)
#9 D:\Web-project\health-bridge\system\CLI\Console.php(48): CodeIgniter\CLI\Commands->run('migrate', Array)
#10 D:\Web-project\health-bridge\system\Boot.php(351): CodeIgniter\CLI\Console->run()
#11 D:\Web-project\health-bridge\system\Boot.php(104): CodeIgniter\Boot::runCommand(Object(CodeIgniter\CLI\Console))
#12 D:\Web-project\health-bridge\spark(84): CodeIgniter\Boot::bootSpark(Object(Config\Paths))
#13 {main}
ERROR - 2024-11-05 09:09:31 --> mysqli_sql_exception: Can't create table `health_bridge`.`appointments` (errno: 150 "Foreign key constraint is incorrectly formed") in D:\Web-project\health-bridge\system\Database\MySQLi\Connection.php:312
Stack trace:
#0 D:\Web-project\health-bridge\system\Database\MySQLi\Connection.php(312): mysqli->query('CREATE TABLE `a...', 0)
#1 D:\Web-project\health-bridge\system\Database\BaseConnection.php(734): CodeIgniter\Database\MySQLi\Connection->execute('CREATE TABLE `a...')
#2 D:\Web-project\health-bridge\system\Database\BaseConnection.php(648): CodeIgniter\Database\BaseConnection->simpleQuery('CREATE TABLE `a...')
#3 D:\Web-project\health-bridge\system\Database\Forge.php(570): CodeIgniter\Database\BaseConnection->query('CREATE TABLE `a...')
#4 D:\Web-project\health-bridge\app\Database\Migrations\2024-11-05-090408_CreateAppointmentsTable.php(38): CodeIgniter\Database\Forge->createTable('appointments')
#5 D:\Web-project\health-bridge\system\Database\MigrationRunner.php(867): App\Database\Migrations\CreateAppointmentsTable->up()
#6 D:\Web-project\health-bridge\system\Database\MigrationRunner.php(183): CodeIgniter\Database\MigrationRunner->migrate('up', Object(stdClass))
#7 D:\Web-project\health-bridge\system\Commands\Database\Migrate.php(85): CodeIgniter\Database\MigrationRunner->latest(NULL)
#8 D:\Web-project\health-bridge\system\CLI\Commands.php(70): CodeIgniter\Commands\Database\Migrate->run(Array)
#9 D:\Web-project\health-bridge\system\CLI\Console.php(48): CodeIgniter\CLI\Commands->run('migrate', Array)
#10 D:\Web-project\health-bridge\system\Boot.php(351): CodeIgniter\CLI\Console->run()
#11 D:\Web-project\health-bridge\system\Boot.php(104): CodeIgniter\Boot::runCommand(Object(CodeIgniter\CLI\Console))
#12 D:\Web-project\health-bridge\spark(84): CodeIgniter\Boot::bootSpark(Object(Config\Paths))
#13 {main}
ERROR - 2024-11-05 09:09:31 --> mysqli_sql_exception: Can't create table `health_bridge`.`appointments` (errno: 150 "Foreign key constraint is incorrectly formed") in D:\Web-project\health-bridge\system\Database\MySQLi\Connection.php:312
Stack trace:
#0 D:\Web-project\health-bridge\system\Database\MySQLi\Connection.php(312): mysqli->query('CREATE TABLE `a...', 0)
#1 D:\Web-project\health-bridge\system\Database\BaseConnection.php(734): CodeIgniter\Database\MySQLi\Connection->execute('CREATE TABLE `a...')
#2 D:\Web-project\health-bridge\system\Database\BaseConnection.php(648): CodeIgniter\Database\BaseConnection->simpleQuery('CREATE TABLE `a...')
#3 D:\Web-project\health-bridge\system\Database\Forge.php(570): CodeIgniter\Database\BaseConnection->query('CREATE TABLE `a...')
#4 D:\Web-project\health-bridge\app\Database\Migrations\2024-11-05-090408_CreateAppointmentsTable.php(38): CodeIgniter\Database\Forge->createTable('appointments')
#5 D:\Web-project\health-bridge\system\Database\MigrationRunner.php(867): App\Database\Migrations\CreateAppointmentsTable->up()
#6 D:\Web-project\health-bridge\system\Database\MigrationRunner.php(183): CodeIgniter\Database\MigrationRunner->migrate('up', Object(stdClass))
#7 D:\Web-project\health-bridge\system\Commands\Database\Migrate.php(85): CodeIgniter\Database\MigrationRunner->latest(NULL)
#8 D:\Web-project\health-bridge\system\CLI\Commands.php(70): CodeIgniter\Commands\Database\Migrate->run(Array)
#9 D:\Web-project\health-bridge\system\CLI\Console.php(48): CodeIgniter\CLI\Commands->run('migrate', Array)
#10 D:\Web-project\health-bridge\system\Boot.php(351): CodeIgniter\CLI\Console->run()
#11 D:\Web-project\health-bridge\system\Boot.php(104): CodeIgniter\Boot::runCommand(Object(CodeIgniter\CLI\Console))
#12 D:\Web-project\health-bridge\spark(84): CodeIgniter\Boot::bootSpark(Object(Config\Paths))
#13 {main}
ERROR - 2024-11-05 09:09:31 --> mysqli_sql_exception: Can't create table `health_bridge`.`appointments` (errno: 150 "Foreign key constraint is incorrectly formed") in D:\Web-project\health-bridge\system\Database\MySQLi\Connection.php:312
Stack trace:
#0 D:\Web-project\health-bridge\system\Database\MySQLi\Connection.php(312): mysqli->query('CREATE TABLE `a...', 0)
#1 D:\Web-project\health-bridge\system\Database\BaseConnection.php(734): CodeIgniter\Database\MySQLi\Connection->execute('CREATE TABLE `a...')
#2 D:\Web-project\health-bridge\system\Database\BaseConnection.php(648): CodeIgniter\Database\BaseConnection->simpleQuery('CREATE TABLE `a...')
#3 D:\Web-project\health-bridge\system\Database\Forge.php(570): CodeIgniter\Database\BaseConnection->query('CREATE TABLE `a...')
#4 D:\Web-project\health-bridge\app\Database\Migrations\2024-11-05-090408_CreateAppointmentsTable.php(38): CodeIgniter\Database\Forge->createTable('appointments')
#5 D:\Web-project\health-bridge\system\Database\MigrationRunner.php(867): App\Database\Migrations\CreateAppointmentsTable->up()
#6 D:\Web-project\health-bridge\system\Database\MigrationRunner.php(183): CodeIgniter\Database\MigrationRunner->migrate('up', Object(stdClass))
#7 D:\Web-project\health-bridge\system\Commands\Database\Migrate.php(85): CodeIgniter\Database\MigrationRunner->latest(NULL)
#8 D:\Web-project\health-bridge\system\CLI\Commands.php(70): CodeIgniter\Commands\Database\Migrate->run(Array)
#9 D:\Web-project\health-bridge\system\CLI\Console.php(48): CodeIgniter\CLI\Commands->run('migrate', Array)
#10 D:\Web-project\health-bridge\system\Boot.php(351): CodeIgniter\CLI\Console->run()
#11 D:\Web-project\health-bridge\system\Boot.php(104): CodeIgniter\Boot::runCommand(Object(CodeIgniter\CLI\Console))
#12 D:\Web-project\health-bridge\spark(84): CodeIgniter\Boot::bootSpark(Object(Config\Paths))
#13 {main}
ERROR - 2024-11-05 09:15:41 --> mysqli_sql_exception: Can't create table `health_bridge`.`appointments` (errno: 150 "Foreign key constraint is incorrectly formed") in D:\Web-project\health-bridge\system\Database\MySQLi\Connection.php:312
Stack trace:
#0 D:\Web-project\health-bridge\system\Database\MySQLi\Connection.php(312): mysqli->query('CREATE TABLE `a...', 0)
#1 D:\Web-project\health-bridge\system\Database\BaseConnection.php(734): CodeIgniter\Database\MySQLi\Connection->execute('CREATE TABLE `a...')
#2 D:\Web-project\health-bridge\system\Database\BaseConnection.php(648): CodeIgniter\Database\BaseConnection->simpleQuery('CREATE TABLE `a...')
#3 D:\Web-project\health-bridge\system\Database\Forge.php(570): CodeIgniter\Database\BaseConnection->query('CREATE TABLE `a...')
#4 D:\Web-project\health-bridge\app\Database\Migrations\2024-11-05-090408_CreateAppointmentsTable.php(38): CodeIgniter\Database\Forge->createTable('appointments')
#5 D:\Web-project\health-bridge\system\Database\MigrationRunner.php(867): App\Database\Migrations\CreateAppointmentsTable->up()
#6 D:\Web-project\health-bridge\system\Database\MigrationRunner.php(183): CodeIgniter\Database\MigrationRunner->migrate('up', Object(stdClass))
#7 D:\Web-project\health-bridge\system\Commands\Database\Migrate.php(85): CodeIgniter\Database\MigrationRunner->latest(NULL)
#8 D:\Web-project\health-bridge\system\CLI\Commands.php(70): CodeIgniter\Commands\Database\Migrate->run(Array)
#9 D:\Web-project\health-bridge\system\CLI\Console.php(48): CodeIgniter\CLI\Commands->run('migrate', Array)
#10 D:\Web-project\health-bridge\system\Boot.php(351): CodeIgniter\CLI\Console->run()
#11 D:\Web-project\health-bridge\system\Boot.php(104): CodeIgniter\Boot::runCommand(Object(CodeIgniter\CLI\Console))
#12 D:\Web-project\health-bridge\spark(84): CodeIgniter\Boot::bootSpark(Object(Config\Paths))
#13 {main}
ERROR - 2024-11-05 09:19:37 --> mysqli_sql_exception: Can't create table `health_bridge`.`appointments` (errno: 150 "Foreign key constraint is incorrectly formed") in D:\Web-project\health-bridge\system\Database\MySQLi\Connection.php:312
Stack trace:
#0 D:\Web-project\health-bridge\system\Database\MySQLi\Connection.php(312): mysqli->query('CREATE TABLE `a...', 0)
#1 D:\Web-project\health-bridge\system\Database\BaseConnection.php(734): CodeIgniter\Database\MySQLi\Connection->execute('CREATE TABLE `a...')
#2 D:\Web-project\health-bridge\system\Database\BaseConnection.php(648): CodeIgniter\Database\BaseConnection->simpleQuery('CREATE TABLE `a...')
#3 D:\Web-project\health-bridge\system\Database\Forge.php(570): CodeIgniter\Database\BaseConnection->query('CREATE TABLE `a...')
#4 D:\Web-project\health-bridge\app\Database\Migrations\2024-11-05-090408_CreateAppointmentsTable.php(38): CodeIgniter\Database\Forge->createTable('appointments')
#5 D:\Web-project\health-bridge\system\Database\MigrationRunner.php(867): App\Database\Migrations\CreateAppointmentsTable->up()
#6 D:\Web-project\health-bridge\system\Database\MigrationRunner.php(183): CodeIgniter\Database\MigrationRunner->migrate('up', Object(stdClass))
#7 D:\Web-project\health-bridge\system\Commands\Database\Migrate.php(85): CodeIgniter\Database\MigrationRunner->latest(NULL)
#8 D:\Web-project\health-bridge\system\CLI\Commands.php(70): CodeIgniter\Commands\Database\Migrate->run(Array)
#9 D:\Web-project\health-bridge\system\CLI\Console.php(48): CodeIgniter\CLI\Commands->run('migrate', Array)
#10 D:\Web-project\health-bridge\system\Boot.php(351): CodeIgniter\CLI\Console->run()
#11 D:\Web-project\health-bridge\system\Boot.php(104): CodeIgniter\Boot::runCommand(Object(CodeIgniter\CLI\Console))
#12 D:\Web-project\health-bridge\spark(84): CodeIgniter\Boot::bootSpark(Object(Config\Paths))
#13 {main}
ERROR - 2024-11-05 09:19:42 --> mysqli_sql_exception: Can't create table `health_bridge`.`appointments` (errno: 150 "Foreign key constraint is incorrectly formed") in D:\Web-project\health-bridge\system\Database\MySQLi\Connection.php:312
Stack trace:
#0 D:\Web-project\health-bridge\system\Database\MySQLi\Connection.php(312): mysqli->query('CREATE TABLE `a...', 0)
#1 D:\Web-project\health-bridge\system\Database\BaseConnection.php(734): CodeIgniter\Database\MySQLi\Connection->execute('CREATE TABLE `a...')
#2 D:\Web-project\health-bridge\system\Database\BaseConnection.php(648): CodeIgniter\Database\BaseConnection->simpleQuery('CREATE TABLE `a...')
#3 D:\Web-project\health-bridge\system\Database\Forge.php(570): CodeIgniter\Database\BaseConnection->query('CREATE TABLE `a...')
#4 D:\Web-project\health-bridge\app\Database\Migrations\2024-11-05-090408_CreateAppointmentsTable.php(38): CodeIgniter\Database\Forge->createTable('appointments')
#5 D:\Web-project\health-bridge\system\Database\MigrationRunner.php(867): App\Database\Migrations\CreateAppointmentsTable->up()
#6 D:\Web-project\health-bridge\system\Database\MigrationRunner.php(183): CodeIgniter\Database\MigrationRunner->migrate('up', Object(stdClass))
#7 D:\Web-project\health-bridge\system\Commands\Database\Migrate.php(85): CodeIgniter\Database\MigrationRunner->latest(NULL)
#8 D:\Web-project\health-bridge\system\CLI\Commands.php(70): CodeIgniter\Commands\Database\Migrate->run(Array)
#9 D:\Web-project\health-bridge\system\CLI\Console.php(48): CodeIgniter\CLI\Commands->run('migrate', Array)
#10 D:\Web-project\health-bridge\system\Boot.php(351): CodeIgniter\CLI\Console->run()
#11 D:\Web-project\health-bridge\system\Boot.php(104): CodeIgniter\Boot::runCommand(Object(CodeIgniter\CLI\Console))
#12 D:\Web-project\health-bridge\spark(84): CodeIgniter\Boot::bootSpark(Object(Config\Paths))
#13 {main}
ERROR - 2024-11-05 09:19:59 --> mysqli_sql_exception: Can't create table `health_bridge`.`doctors` (errno: 150 "Foreign key constraint is incorrectly formed") in D:\Web-project\health-bridge\system\Database\MySQLi\Connection.php:312
Stack trace:
#0 D:\Web-project\health-bridge\system\Database\MySQLi\Connection.php(312): mysqli->query('CREATE TABLE `d...', 0)
#1 D:\Web-project\health-bridge\system\Database\BaseConnection.php(734): CodeIgniter\Database\MySQLi\Connection->execute('CREATE TABLE `d...')
#2 D:\Web-project\health-bridge\system\Database\BaseConnection.php(648): CodeIgniter\Database\BaseConnection->simpleQuery('CREATE TABLE `d...')
#3 D:\Web-project\health-bridge\system\Database\Forge.php(570): CodeIgniter\Database\BaseConnection->query('CREATE TABLE `d...')
#4 D:\Web-project\health-bridge\app\Database\Migrations\2024-11-05-090408_CreateDoctorsTable.php(37): CodeIgniter\Database\Forge->createTable('doctors')
#5 D:\Web-project\health-bridge\system\Database\MigrationRunner.php(867): App\Database\Migrations\CreateDoctorsTable->up()
#6 D:\Web-project\health-bridge\system\Database\MigrationRunner.php(183): CodeIgniter\Database\MigrationRunner->migrate('up', Object(stdClass))
#7 D:\Web-project\health-bridge\system\Commands\Database\Migrate.php(85): CodeIgniter\Database\MigrationRunner->latest(NULL)
#8 D:\Web-project\health-bridge\system\CLI\Commands.php(70): CodeIgniter\Commands\Database\Migrate->run(Array)
#9 D:\Web-project\health-bridge\system\CLI\Console.php(48): CodeIgniter\CLI\Commands->run('migrate', Array)
#10 D:\Web-project\health-bridge\system\Boot.php(351): CodeIgniter\CLI\Console->run()
#11 D:\Web-project\health-bridge\system\Boot.php(104): CodeIgniter\Boot::runCommand(Object(CodeIgniter\CLI\Console))
#12 D:\Web-project\health-bridge\spark(84): CodeIgniter\Boot::bootSpark(Object(Config\Paths))
#13 {main}
ERROR - 2024-11-05 09:21:58 --> mysqli_sql_exception: Invalid default value for 'created_at' in D:\Web-project\health-bridge\system\Database\MySQLi\Connection.php:312
Stack trace:
#0 D:\Web-project\health-bridge\system\Database\MySQLi\Connection.php(312): mysqli->query('CREATE TABLE `u...', 0)
#1 D:\Web-project\health-bridge\system\Database\BaseConnection.php(734): CodeIgniter\Database\MySQLi\Connection->execute('CREATE TABLE `u...')
#2 D:\Web-project\health-bridge\system\Database\BaseConnection.php(648): CodeIgniter\Database\BaseConnection->simpleQuery('CREATE TABLE `u...')
#3 D:\Web-project\health-bridge\system\Database\Forge.php(570): CodeIgniter\Database\BaseConnection->query('CREATE TABLE `u...')
#4 D:\Web-project\health-bridge\app\Database\Migrations\2024-11-05-090408_CreateUsersTable.php(48): CodeIgniter\Database\Forge->createTable('users')
#5 D:\Web-project\health-bridge\system\Database\MigrationRunner.php(867): App\Database\Migrations\CreateUsersTable->up()
#6 D:\Web-project\health-bridge\system\Database\MigrationRunner.php(183): CodeIgniter\Database\MigrationRunner->migrate('up', Object(stdClass))
#7 D:\Web-project\health-bridge\system\Commands\Database\Migrate.php(85): CodeIgniter\Database\MigrationRunner->latest(NULL)
#8 D:\Web-project\health-bridge\system\CLI\Commands.php(70): CodeIgniter\Commands\Database\Migrate->run(Array)
#9 D:\Web-project\health-bridge\system\CLI\Console.php(48): CodeIgniter\CLI\Commands->run('migrate', Array)
#10 D:\Web-project\health-bridge\system\Boot.php(351): CodeIgniter\CLI\Console->run()
#11 D:\Web-project\health-bridge\system\Boot.php(104): CodeIgniter\Boot::runCommand(Object(CodeIgniter\CLI\Console))
#12 D:\Web-project\health-bridge\spark(84): CodeIgniter\Boot::bootSpark(Object(Config\Paths))
#13 {main}
ERROR - 2024-11-05 09:23:20 --> mysqli_sql_exception: Can't create table `health_bridge`.`appointments` (errno: 150 "Foreign key constraint is incorrectly formed") in D:\Web-project\health-bridge\system\Database\MySQLi\Connection.php:312
Stack trace:
#0 D:\Web-project\health-bridge\system\Database\MySQLi\Connection.php(312): mysqli->query('CREATE TABLE `a...', 0)
#1 D:\Web-project\health-bridge\system\Database\BaseConnection.php(734): CodeIgniter\Database\MySQLi\Connection->execute('CREATE TABLE `a...')
#2 D:\Web-project\health-bridge\system\Database\BaseConnection.php(648): CodeIgniter\Database\BaseConnection->simpleQuery('CREATE TABLE `a...')
#3 D:\Web-project\health-bridge\system\Database\Forge.php(570): CodeIgniter\Database\BaseConnection->query('CREATE TABLE `a...')
#4 D:\Web-project\health-bridge\app\Database\Migrations\2024-11-05-090408_CreateAppointmentsTable.php(38): CodeIgniter\Database\Forge->createTable('appointments')
#5 D:\Web-project\health-bridge\system\Database\MigrationRunner.php(867): App\Database\Migrations\CreateAppointmentsTable->up()
#6 D:\Web-project\health-bridge\system\Database\MigrationRunner.php(183): CodeIgniter\Database\MigrationRunner->migrate('up', Object(stdClass))
#7 D:\Web-project\health-bridge\system\Commands\Database\Migrate.php(85): CodeIgniter\Database\MigrationRunner->latest(NULL)
#8 D:\Web-project\health-bridge\system\CLI\Commands.php(70): CodeIgniter\Commands\Database\Migrate->run(Array)
#9 D:\Web-project\health-bridge\system\CLI\Console.php(48): CodeIgniter\CLI\Commands->run('migrate', Array)
#10 D:\Web-project\health-bridge\system\Boot.php(351): CodeIgniter\CLI\Console->run()
#11 D:\Web-project\health-bridge\system\Boot.php(104): CodeIgniter\Boot::runCommand(Object(CodeIgniter\CLI\Console))
#12 D:\Web-project\health-bridge\spark(84): CodeIgniter\Boot::bootSpark(Object(Config\Paths))
#13 {main}
ERROR - 2024-11-05 09:24:20 --> mysqli_sql_exception: Invalid default value for 'created_at' in D:\Web-project\health-bridge\system\Database\MySQLi\Connection.php:312
Stack trace:
#0 D:\Web-project\health-bridge\system\Database\MySQLi\Connection.php(312): mysqli->query('CREATE TABLE `u...', 0)
#1 D:\Web-project\health-bridge\system\Database\BaseConnection.php(734): CodeIgniter\Database\MySQLi\Connection->execute('CREATE TABLE `u...')
#2 D:\Web-project\health-bridge\system\Database\BaseConnection.php(648): CodeIgniter\Database\BaseConnection->simpleQuery('CREATE TABLE `u...')
#3 D:\Web-project\health-bridge\system\Database\Forge.php(570): CodeIgniter\Database\BaseConnection->query('CREATE TABLE `u...')
#4 D:\Web-project\health-bridge\app\Database\Migrations\2024-11-05-090408_CreateUsersTable.php(50): CodeIgniter\Database\Forge->createTable('users')
#5 D:\Web-project\health-bridge\system\Database\MigrationRunner.php(867): App\Database\Migrations\CreateUsersTable->up()
#6 D:\Web-project\health-bridge\system\Database\MigrationRunner.php(183): CodeIgniter\Database\MigrationRunner->migrate('up', Object(stdClass))
#7 D:\Web-project\health-bridge\system\Commands\Database\Migrate.php(85): CodeIgniter\Database\MigrationRunner->latest(NULL)
#8 D:\Web-project\health-bridge\system\CLI\Commands.php(70): CodeIgniter\Commands\Database\Migrate->run(Array)
#9 D:\Web-project\health-bridge\system\CLI\Console.php(48): CodeIgniter\CLI\Commands->run('migrate', Array)
#10 D:\Web-project\health-bridge\system\Boot.php(351): CodeIgniter\CLI\Console->run()
#11 D:\Web-project\health-bridge\system\Boot.php(104): CodeIgniter\Boot::runCommand(Object(CodeIgniter\CLI\Console))
#12 D:\Web-project\health-bridge\spark(84): CodeIgniter\Boot::bootSpark(Object(Config\Paths))
#13 {main}
ERROR - 2024-11-05 09:25:12 --> mysqli_sql_exception: Can't create table `health_bridge`.`appointments` (errno: 150 "Foreign key constraint is incorrectly formed") in D:\Web-project\health-bridge\system\Database\MySQLi\Connection.php:312
Stack trace:
#0 D:\Web-project\health-bridge\system\Database\MySQLi\Connection.php(312): mysqli->query('CREATE TABLE `a...', 0)
#1 D:\Web-project\health-bridge\system\Database\BaseConnection.php(734): CodeIgniter\Database\MySQLi\Connection->execute('CREATE TABLE `a...')
#2 D:\Web-project\health-bridge\system\Database\BaseConnection.php(648): CodeIgniter\Database\BaseConnection->simpleQuery('CREATE TABLE `a...')
#3 D:\Web-project\health-bridge\system\Database\Forge.php(570): CodeIgniter\Database\BaseConnection->query('CREATE TABLE `a...')
#4 D:\Web-project\health-bridge\app\Database\Migrations\2024-11-05-090408_CreateAppointmentsTable.php(38): CodeIgniter\Database\Forge->createTable('appointments')
#5 D:\Web-project\health-bridge\system\Database\MigrationRunner.php(867): App\Database\Migrations\CreateAppointmentsTable->up()
#6 D:\Web-project\health-bridge\system\Database\MigrationRunner.php(183): CodeIgniter\Database\MigrationRunner->migrate('up', Object(stdClass))
#7 D:\Web-project\health-bridge\system\Commands\Database\Migrate.php(85): CodeIgniter\Database\MigrationRunner->latest(NULL)
#8 D:\Web-project\health-bridge\system\CLI\Commands.php(70): CodeIgniter\Commands\Database\Migrate->run(Array)
#9 D:\Web-project\health-bridge\system\CLI\Console.php(48): CodeIgniter\CLI\Commands->run('migrate', Array)
#10 D:\Web-project\health-bridge\system\Boot.php(351): CodeIgniter\CLI\Console->run()
#11 D:\Web-project\health-bridge\system\Boot.php(104): CodeIgniter\Boot::runCommand(Object(CodeIgniter\CLI\Console))
#12 D:\Web-project\health-bridge\spark(84): CodeIgniter\Boot::bootSpark(Object(Config\Paths))
#13 {main}
ERROR - 2024-11-05 09:25:53 --> mysqli_sql_exception: Can't create table `health_bridge`.`appointments` (errno: 150 "Foreign key constraint is incorrectly formed") in D:\Web-project\health-bridge\system\Database\MySQLi\Connection.php:312
Stack trace:
#0 D:\Web-project\health-bridge\system\Database\MySQLi\Connection.php(312): mysqli->query('CREATE TABLE `a...', 0)
#1 D:\Web-project\health-bridge\system\Database\BaseConnection.php(734): CodeIgniter\Database\MySQLi\Connection->execute('CREATE TABLE `a...')
#2 D:\Web-project\health-bridge\system\Database\BaseConnection.php(648): CodeIgniter\Database\BaseConnection->simpleQuery('CREATE TABLE `a...')
#3 D:\Web-project\health-bridge\system\Database\Forge.php(570): CodeIgniter\Database\BaseConnection->query('CREATE TABLE `a...')
#4 D:\Web-project\health-bridge\app\Database\Migrations\2024-11-05-090408_CreateAppointmentsTable.php(38): CodeIgniter\Database\Forge->createTable('appointments')
#5 D:\Web-project\health-bridge\system\Database\MigrationRunner.php(867): App\Database\Migrations\CreateAppointmentsTable->up()
#6 D:\Web-project\health-bridge\system\Database\MigrationRunner.php(183): CodeIgniter\Database\MigrationRunner->migrate('up', Object(stdClass))
#7 D:\Web-project\health-bridge\system\Commands\Database\Migrate.php(85): CodeIgniter\Database\MigrationRunner->latest(NULL)
#8 D:\Web-project\health-bridge\system\CLI\Commands.php(70): CodeIgniter\Commands\Database\Migrate->run(Array)
#9 D:\Web-project\health-bridge\system\CLI\Console.php(48): CodeIgniter\CLI\Commands->run('migrate', Array)
#10 D:\Web-project\health-bridge\system\Boot.php(351): CodeIgniter\CLI\Console->run()
#11 D:\Web-project\health-bridge\system\Boot.php(104): CodeIgniter\Boot::runCommand(Object(CodeIgniter\CLI\Console))
#12 D:\Web-project\health-bridge\spark(84): CodeIgniter\Boot::bootSpark(Object(Config\Paths))
#13 {main}
CRITICAL - 2024-11-05 09:32:13 --> CodeIgniter\View\Exceptions\ViewException: Invalid file: "auth/login.php"
[Method: GET, Route: login]
in SYSTEMPATH\Exceptions\FrameworkException.php on line 41.
 1 SYSTEMPATH\View\View.php(222): CodeIgniter\Exceptions\FrameworkException::forInvalidFile('auth/login.php')
 2 SYSTEMPATH\Common.php(1171): CodeIgniter\View\View->render('auth/login', [], true)
 3 APPPATH\Controllers\Auth.php(12): view('auth/login')
 4 SYSTEMPATH\CodeIgniter.php(933): App\Controllers\Auth->login()
 5 SYSTEMPATH\CodeIgniter.php(509): CodeIgniter\CodeIgniter->runController(Object(App\Controllers\Auth))
 6 SYSTEMPATH\CodeIgniter.php(355): CodeIgniter\CodeIgniter->handleRequest(null, Object(Config\Cache), false)
 7 SYSTEMPATH\Boot.php(325): CodeIgniter\CodeIgniter->run()
 8 SYSTEMPATH\Boot.php(67): CodeIgniter\Boot::runCodeIgniter(Object(CodeIgniter\CodeIgniter))
 9 FCPATH\index.php(56): CodeIgniter\Boot::bootWeb(Object(Config\Paths))
10 SYSTEMPATH\rewrite.php(44): require_once('D:\\Web-project\\health-bridge\\public\\index.php')
CRITICAL - 2024-11-05 09:32:58 --> CodeIgniter\View\Exceptions\ViewException: Invalid file: "auth/login.php"
[Method: GET, Route: login]
in SYSTEMPATH\Exceptions\FrameworkException.php on line 41.
 1 SYSTEMPATH\View\View.php(222): CodeIgniter\Exceptions\FrameworkException::forInvalidFile('auth/login.php')
 2 SYSTEMPATH\Common.php(1171): CodeIgniter\View\View->render('auth/login', [], true)
 3 APPPATH\Controllers\Auth.php(12): view('auth/login')
 4 SYSTEMPATH\CodeIgniter.php(933): App\Controllers\Auth->login()
 5 SYSTEMPATH\CodeIgniter.php(509): CodeIgniter\CodeIgniter->runController(Object(App\Controllers\Auth))
 6 SYSTEMPATH\CodeIgniter.php(355): CodeIgniter\CodeIgniter->handleRequest(null, Object(Config\Cache), false)
 7 SYSTEMPATH\Boot.php(325): CodeIgniter\CodeIgniter->run()
 8 SYSTEMPATH\Boot.php(67): CodeIgniter\Boot::runCodeIgniter(Object(CodeIgniter\CodeIgniter))
 9 FCPATH\index.php(56): CodeIgniter\Boot::bootWeb(Object(Config\Paths))
10 SYSTEMPATH\rewrite.php(44): require_once('D:\\Web-project\\health-bridge\\public\\index.php')
CRITICAL - 2024-11-05 09:34:06 --> CodeIgniter\View\Exceptions\ViewException: Invalid file: "auth/login.php"
[Method: GET, Route: login]
in SYSTEMPATH\Exceptions\FrameworkException.php on line 41.
 1 SYSTEMPATH\View\View.php(222): CodeIgniter\Exceptions\FrameworkException::forInvalidFile('auth/login.php')
 2 SYSTEMPATH\Common.php(1171): CodeIgniter\View\View->render('auth/login', [], true)
 3 APPPATH\Controllers\Auth.php(12): view('auth/login')
 4 SYSTEMPATH\CodeIgniter.php(933): App\Controllers\Auth->login()
 5 SYSTEMPATH\CodeIgniter.php(509): CodeIgniter\CodeIgniter->runController(Object(App\Controllers\Auth))
 6 SYSTEMPATH\CodeIgniter.php(355): CodeIgniter\CodeIgniter->handleRequest(null, Object(Config\Cache), false)
 7 SYSTEMPATH\Boot.php(325): CodeIgniter\CodeIgniter->run()
 8 SYSTEMPATH\Boot.php(67): CodeIgniter\Boot::runCodeIgniter(Object(CodeIgniter\CodeIgniter))
 9 FCPATH\index.php(56): CodeIgniter\Boot::bootWeb(Object(Config\Paths))
10 SYSTEMPATH\rewrite.php(44): require_once('D:\\Web-project\\health-bridge\\public\\index.php')
CRITICAL - 2024-11-05 09:55:40 --> CodeIgniter\View\Exceptions\ViewException: Invalid file: "auth/login.php"
[Method: GET, Route: login]
in SYSTEMPATH\Exceptions\FrameworkException.php on line 41.
 1 SYSTEMPATH\View\View.php(222): CodeIgniter\Exceptions\FrameworkException::forInvalidFile('auth/login.php')
 2 SYSTEMPATH\Common.php(1171): CodeIgniter\View\View->render('auth/login', [], true)
 3 APPPATH\Controllers\Auth.php(12): view('auth/login')
 4 SYSTEMPATH\CodeIgniter.php(933): App\Controllers\Auth->login()
 5 SYSTEMPATH\CodeIgniter.php(509): CodeIgniter\CodeIgniter->runController(Object(App\Controllers\Auth))
 6 SYSTEMPATH\CodeIgniter.php(355): CodeIgniter\CodeIgniter->handleRequest(null, Object(Config\Cache), false)
 7 SYSTEMPATH\Boot.php(325): CodeIgniter\CodeIgniter->run()
 8 SYSTEMPATH\Boot.php(67): CodeIgniter\Boot::runCodeIgniter(Object(CodeIgniter\CodeIgniter))
 9 FCPATH\index.php(56): CodeIgniter\Boot::bootWeb(Object(Config\Paths))
10 SYSTEMPATH\rewrite.php(44): require_once('D:\\Web-project\\health-bridge\\public\\index.php')
CRITICAL - 2024-11-05 09:56:14 --> CodeIgniter\View\Exceptions\ViewException: Invalid file: "auth/login.php"
[Method: GET, Route: login]
in SYSTEMPATH\Exceptions\FrameworkException.php on line 41.
 1 SYSTEMPATH\View\View.php(222): CodeIgniter\Exceptions\FrameworkException::forInvalidFile('auth/login.php')
 2 SYSTEMPATH\Common.php(1171): CodeIgniter\View\View->render('auth/login', [], true)
 3 APPPATH\Controllers\Auth.php(12): view('auth/login')
 4 SYSTEMPATH\CodeIgniter.php(933): App\Controllers\Auth->login()
 5 SYSTEMPATH\CodeIgniter.php(509): CodeIgniter\CodeIgniter->runController(Object(App\Controllers\Auth))
 6 SYSTEMPATH\CodeIgniter.php(355): CodeIgniter\CodeIgniter->handleRequest(null, Object(Config\Cache), false)
 7 SYSTEMPATH\Boot.php(325): CodeIgniter\CodeIgniter->run()
 8 SYSTEMPATH\Boot.php(67): CodeIgniter\Boot::runCodeIgniter(Object(CodeIgniter\CodeIgniter))
 9 FCPATH\index.php(56): CodeIgniter\Boot::bootWeb(Object(Config\Paths))
10 SYSTEMPATH\rewrite.php(44): require_once('D:\\Web-project\\health-bridge\\public\\index.php')
CRITICAL - 2024-11-05 09:59:00 --> CodeIgniter\View\Exceptions\ViewException: Invalid file: "auth/login.php"
[Method: GET, Route: login]
in SYSTEMPATH\Exceptions\FrameworkException.php on line 41.
 1 SYSTEMPATH\View\View.php(222): CodeIgniter\Exceptions\FrameworkException::forInvalidFile('auth/login.php')
 2 SYSTEMPATH\Common.php(1171): CodeIgniter\View\View->render('auth/login', [], true)
 3 APPPATH\Controllers\Auth.php(12): view('auth/login')
 4 SYSTEMPATH\CodeIgniter.php(933): App\Controllers\Auth->login()
 5 SYSTEMPATH\CodeIgniter.php(509): CodeIgniter\CodeIgniter->runController(Object(App\Controllers\Auth))
 6 SYSTEMPATH\CodeIgniter.php(355): CodeIgniter\CodeIgniter->handleRequest(null, Object(Config\Cache), false)
 7 SYSTEMPATH\Boot.php(325): CodeIgniter\CodeIgniter->run()
 8 SYSTEMPATH\Boot.php(67): CodeIgniter\Boot::runCodeIgniter(Object(CodeIgniter\CodeIgniter))
 9 FCPATH\index.php(56): CodeIgniter\Boot::bootWeb(Object(Config\Paths))
10 SYSTEMPATH\rewrite.php(44): require_once('D:\\Web-project\\health-bridge\\public\\index.php')
CRITICAL - 2024-11-05 10:00:39 --> CodeIgniter\View\Exceptions\ViewException: Invalid file: "auth/login.php"
[Method: GET, Route: login]
in SYSTEMPATH\Exceptions\FrameworkException.php on line 41.
 1 SYSTEMPATH\View\View.php(222): CodeIgniter\Exceptions\FrameworkException::forInvalidFile('auth/login.php')
 2 SYSTEMPATH\Common.php(1171): CodeIgniter\View\View->render('auth/login', [], true)
 3 APPPATH\Controllers\Auth.php(12): view('auth/login')
 4 SYSTEMPATH\CodeIgniter.php(933): App\Controllers\Auth->login()
 5 SYSTEMPATH\CodeIgniter.php(509): CodeIgniter\CodeIgniter->runController(Object(App\Controllers\Auth))
 6 SYSTEMPATH\CodeIgniter.php(355): CodeIgniter\CodeIgniter->handleRequest(null, Object(Config\Cache), false)
 7 SYSTEMPATH\Boot.php(325): CodeIgniter\CodeIgniter->run()
 8 SYSTEMPATH\Boot.php(67): CodeIgniter\Boot::runCodeIgniter(Object(CodeIgniter\CodeIgniter))
 9 FCPATH\index.php(56): CodeIgniter\Boot::bootWeb(Object(Config\Paths))
10 SYSTEMPATH\rewrite.php(44): require_once('D:\\Web-project\\health-bridge\\public\\index.php')
CRITICAL - 2024-11-05 10:03:22 --> CodeIgniter\View\Exceptions\ViewException: Invalid file: "/login.php"
[Method: GET, Route: login]
in SYSTEMPATH\Exceptions\FrameworkException.php on line 41.
 1 SYSTEMPATH\View\View.php(222): CodeIgniter\Exceptions\FrameworkException::forInvalidFile('/login.php')
 2 SYSTEMPATH\Common.php(1171): CodeIgniter\View\View->render('/login', [], true)
 3 APPPATH\Controllers\Auth.php(12): view('/login')
 4 SYSTEMPATH\CodeIgniter.php(933): App\Controllers\Auth->login()
 5 SYSTEMPATH\CodeIgniter.php(509): CodeIgniter\CodeIgniter->runController(Object(App\Controllers\Auth))
 6 SYSTEMPATH\CodeIgniter.php(355): CodeIgniter\CodeIgniter->handleRequest(null, Object(Config\Cache), false)
 7 SYSTEMPATH\Boot.php(325): CodeIgniter\CodeIgniter->run()
 8 SYSTEMPATH\Boot.php(67): CodeIgniter\Boot::runCodeIgniter(Object(CodeIgniter\CodeIgniter))
 9 FCPATH\index.php(56): CodeIgniter\Boot::bootWeb(Object(Config\Paths))
10 SYSTEMPATH\rewrite.php(44): require_once('D:\\Web-project\\health-bridge\\public\\index.php')
CRITICAL - 2024-11-05 10:04:31 --> CodeIgniter\View\Exceptions\ViewException: Invalid file: "auth/login.php"
[Method: GET, Route: login]
in SYSTEMPATH\Exceptions\FrameworkException.php on line 41.
 1 SYSTEMPATH\View\View.php(222): CodeIgniter\Exceptions\FrameworkException::forInvalidFile('auth/login.php')
 2 SYSTEMPATH\Common.php(1171): CodeIgniter\View\View->render('auth/login', [], true)
 3 APPPATH\Controllers\Auth.php(12): view('auth/login')
 4 SYSTEMPATH\CodeIgniter.php(933): App\Controllers\Auth->login()
 5 SYSTEMPATH\CodeIgniter.php(509): CodeIgniter\CodeIgniter->runController(Object(App\Controllers\Auth))
 6 SYSTEMPATH\CodeIgniter.php(355): CodeIgniter\CodeIgniter->handleRequest(null, Object(Config\Cache), false)
 7 SYSTEMPATH\Boot.php(325): CodeIgniter\CodeIgniter->run()
 8 SYSTEMPATH\Boot.php(67): CodeIgniter\Boot::runCodeIgniter(Object(CodeIgniter\CodeIgniter))
 9 FCPATH\index.php(56): CodeIgniter\Boot::bootWeb(Object(Config\Paths))
10 SYSTEMPATH\rewrite.php(44): require_once('D:\\Web-project\\health-bridge\\public\\index.php')
CRITICAL - 2024-11-05 10:04:32 --> CodeIgniter\View\Exceptions\ViewException: Invalid file: "auth/login.php"
[Method: GET, Route: login]
in SYSTEMPATH\Exceptions\FrameworkException.php on line 41.
 1 SYSTEMPATH\View\View.php(222): CodeIgniter\Exceptions\FrameworkException::forInvalidFile('auth/login.php')
 2 SYSTEMPATH\Common.php(1171): CodeIgniter\View\View->render('auth/login', [], true)
 3 APPPATH\Controllers\Auth.php(12): view('auth/login')
 4 SYSTEMPATH\CodeIgniter.php(933): App\Controllers\Auth->login()
 5 SYSTEMPATH\CodeIgniter.php(509): CodeIgniter\CodeIgniter->runController(Object(App\Controllers\Auth))
 6 SYSTEMPATH\CodeIgniter.php(355): CodeIgniter\CodeIgniter->handleRequest(null, Object(Config\Cache), false)
 7 SYSTEMPATH\Boot.php(325): CodeIgniter\CodeIgniter->run()
 8 SYSTEMPATH\Boot.php(67): CodeIgniter\Boot::runCodeIgniter(Object(CodeIgniter\CodeIgniter))
 9 FCPATH\index.php(56): CodeIgniter\Boot::bootWeb(Object(Config\Paths))
10 SYSTEMPATH\rewrite.php(44): require_once('D:\\Web-project\\health-bridge\\public\\index.php')
CRITICAL - 2024-11-05 10:15:13 --> CodeIgniter\View\Exceptions\ViewException: Invalid file: "auth/login.php"
[Method: GET, Route: login]
in SYSTEMPATH\Exceptions\FrameworkException.php on line 41.
 1 SYSTEMPATH\View\View.php(222): CodeIgniter\Exceptions\FrameworkException::forInvalidFile('auth/login.php')
 2 SYSTEMPATH\Common.php(1171): CodeIgniter\View\View->render('auth/login', [], true)
 3 APPPATH\Controllers\Auth.php(12): view('auth/login')
 4 SYSTEMPATH\CodeIgniter.php(933): App\Controllers\Auth->login()
 5 SYSTEMPATH\CodeIgniter.php(509): CodeIgniter\CodeIgniter->runController(Object(App\Controllers\Auth))
 6 SYSTEMPATH\CodeIgniter.php(355): CodeIgniter\CodeIgniter->handleRequest(null, Object(Config\Cache), false)
 7 SYSTEMPATH\Boot.php(325): CodeIgniter\CodeIgniter->run()
 8 SYSTEMPATH\Boot.php(67): CodeIgniter\Boot::runCodeIgniter(Object(CodeIgniter\CodeIgniter))
 9 FCPATH\index.php(56): CodeIgniter\Boot::bootWeb(Object(Config\Paths))
10 SYSTEMPATH\rewrite.php(44): require_once('D:\\Web-project\\health-bridge\\public\\index.php')
CRITICAL - 2024-11-05 10:15:14 --> CodeIgniter\View\Exceptions\ViewException: Invalid file: "auth/login.php"
[Method: GET, Route: login]
in SYSTEMPATH\Exceptions\FrameworkException.php on line 41.
 1 SYSTEMPATH\View\View.php(222): CodeIgniter\Exceptions\FrameworkException::forInvalidFile('auth/login.php')
 2 SYSTEMPATH\Common.php(1171): CodeIgniter\View\View->render('auth/login', [], true)
 3 APPPATH\Controllers\Auth.php(12): view('auth/login')
 4 SYSTEMPATH\CodeIgniter.php(933): App\Controllers\Auth->login()
 5 SYSTEMPATH\CodeIgniter.php(509): CodeIgniter\CodeIgniter->runController(Object(App\Controllers\Auth))
 6 SYSTEMPATH\CodeIgniter.php(355): CodeIgniter\CodeIgniter->handleRequest(null, Object(Config\Cache), false)
 7 SYSTEMPATH\Boot.php(325): CodeIgniter\CodeIgniter->run()
 8 SYSTEMPATH\Boot.php(67): CodeIgniter\Boot::runCodeIgniter(Object(CodeIgniter\CodeIgniter))
 9 FCPATH\index.php(56): CodeIgniter\Boot::bootWeb(Object(Config\Paths))
10 SYSTEMPATH\rewrite.php(44): require_once('D:\\Web-project\\health-bridge\\public\\index.php')
CRITICAL - 2024-11-05 10:15:33 --> CodeIgniter\View\Exceptions\ViewException: Invalid file: "auth/login.php"
[Method: GET, Route: login]
in SYSTEMPATH\Exceptions\FrameworkException.php on line 41.
 1 SYSTEMPATH\View\View.php(222): CodeIgniter\Exceptions\FrameworkException::forInvalidFile('auth/login.php')
 2 SYSTEMPATH\Common.php(1171): CodeIgniter\View\View->render('auth/login', [], true)
 3 APPPATH\Controllers\Auth.php(12): view('auth/login')
 4 SYSTEMPATH\CodeIgniter.php(933): App\Controllers\Auth->login()
 5 SYSTEMPATH\CodeIgniter.php(509): CodeIgniter\CodeIgniter->runController(Object(App\Controllers\Auth))
 6 SYSTEMPATH\CodeIgniter.php(355): CodeIgniter\CodeIgniter->handleRequest(null, Object(Config\Cache), false)
 7 SYSTEMPATH\Boot.php(325): CodeIgniter\CodeIgniter->run()
 8 SYSTEMPATH\Boot.php(67): CodeIgniter\Boot::runCodeIgniter(Object(CodeIgniter\CodeIgniter))
 9 FCPATH\index.php(56): CodeIgniter\Boot::bootWeb(Object(Config\Paths))
10 SYSTEMPATH\rewrite.php(44): require_once('D:\\Web-project\\health-bridge\\public\\index.php')
CRITICAL - 2024-11-05 10:16:52 --> CodeIgniter\View\Exceptions\ViewException: Invalid file: "auth/login.php"
[Method: GET, Route: login]
in SYSTEMPATH\Exceptions\FrameworkException.php on line 41.
 1 SYSTEMPATH\View\View.php(222): CodeIgniter\Exceptions\FrameworkException::forInvalidFile('auth/login.php')
 2 SYSTEMPATH\Common.php(1171): CodeIgniter\View\View->render('auth/login', [], true)
 3 APPPATH\Controllers\Auth.php(12): view('auth/login')
 4 SYSTEMPATH\CodeIgniter.php(933): App\Controllers\Auth->login()
 5 SYSTEMPATH\CodeIgniter.php(509): CodeIgniter\CodeIgniter->runController(Object(App\Controllers\Auth))
 6 SYSTEMPATH\CodeIgniter.php(355): CodeIgniter\CodeIgniter->handleRequest(null, Object(Config\Cache), false)
 7 SYSTEMPATH\Boot.php(325): CodeIgniter\CodeIgniter->run()
 8 SYSTEMPATH\Boot.php(67): CodeIgniter\Boot::runCodeIgniter(Object(CodeIgniter\CodeIgniter))
 9 FCPATH\index.php(56): CodeIgniter\Boot::bootWeb(Object(Config\Paths))
10 SYSTEMPATH\rewrite.php(44): require_once('D:\\Web-project\\health-bridge\\public\\index.php')
CRITICAL - 2024-11-05 10:20:40 --> CodeIgniter\View\Exceptions\ViewException: Invalid file: "auth/login.php"
[Method: GET, Route: login]
in SYSTEMPATH\Exceptions\FrameworkException.php on line 41.
 1 SYSTEMPATH\View\View.php(222): CodeIgniter\Exceptions\FrameworkException::forInvalidFile('auth/login.php')
 2 SYSTEMPATH\Common.php(1171): CodeIgniter\View\View->render('auth/login', [], true)
 3 APPPATH\Controllers\Auth.php(12): view('auth/login')
 4 SYSTEMPATH\CodeIgniter.php(933): App\Controllers\Auth->login()
 5 SYSTEMPATH\CodeIgniter.php(509): CodeIgniter\CodeIgniter->runController(Object(App\Controllers\Auth))
 6 SYSTEMPATH\CodeIgniter.php(355): CodeIgniter\CodeIgniter->handleRequest(null, Object(Config\Cache), false)
 7 SYSTEMPATH\Boot.php(325): CodeIgniter\CodeIgniter->run()
 8 SYSTEMPATH\Boot.php(67): CodeIgniter\Boot::runCodeIgniter(Object(CodeIgniter\CodeIgniter))
 9 FCPATH\index.php(56): CodeIgniter\Boot::bootWeb(Object(Config\Paths))
10 SYSTEMPATH\rewrite.php(44): require_once('D:\\Web-project\\health-bridge\\public\\index.php')
CRITICAL - 2024-11-05 10:29:50 --> CodeIgniter\View\Exceptions\ViewException: Invalid file: "auth/login.php"
[Method: GET, Route: login]
in SYSTEMPATH\Exceptions\FrameworkException.php on line 41.
 1 SYSTEMPATH\View\View.php(222): CodeIgniter\Exceptions\FrameworkException::forInvalidFile('auth/login.php')
 2 SYSTEMPATH\Common.php(1171): CodeIgniter\View\View->render('auth/login', [], true)
 3 APPPATH\Controllers\Auth.php(12): view('auth/login')
 4 SYSTEMPATH\CodeIgniter.php(933): App\Controllers\Auth->login()
 5 SYSTEMPATH\CodeIgniter.php(509): CodeIgniter\CodeIgniter->runController(Object(App\Controllers\Auth))
 6 SYSTEMPATH\CodeIgniter.php(355): CodeIgniter\CodeIgniter->handleRequest(null, Object(Config\Cache), false)
 7 SYSTEMPATH\Boot.php(325): CodeIgniter\CodeIgniter->run()
 8 SYSTEMPATH\Boot.php(67): CodeIgniter\Boot::runCodeIgniter(Object(CodeIgniter\CodeIgniter))
 9 FCPATH\index.php(56): CodeIgniter\Boot::bootWeb(Object(Config\Paths))
10 SYSTEMPATH\rewrite.php(44): require_once('D:\\Web-project\\health-bridge\\public\\index.php')
CRITICAL - 2024-11-05 10:32:04 --> CodeIgniter\View\Exceptions\ViewException: Invalid file: "auth/login.php"
[Method: GET, Route: login]
in SYSTEMPATH\Exceptions\FrameworkException.php on line 41.
 1 SYSTEMPATH\View\View.php(222): CodeIgniter\Exceptions\FrameworkException::forInvalidFile('auth/login.php')
 2 SYSTEMPATH\Common.php(1171): CodeIgniter\View\View->render('auth/login', [], true)
 3 APPPATH\Controllers\Auth.php(12): view('auth/login')
 4 SYSTEMPATH\CodeIgniter.php(933): App\Controllers\Auth->login()
 5 SYSTEMPATH\CodeIgniter.php(509): CodeIgniter\CodeIgniter->runController(Object(App\Controllers\Auth))
 6 SYSTEMPATH\CodeIgniter.php(355): CodeIgniter\CodeIgniter->handleRequest(null, Object(Config\Cache), false)
 7 SYSTEMPATH\Boot.php(325): CodeIgniter\CodeIgniter->run()
 8 SYSTEMPATH\Boot.php(67): CodeIgniter\Boot::runCodeIgniter(Object(CodeIgniter\CodeIgniter))
 9 FCPATH\index.php(56): CodeIgniter\Boot::bootWeb(Object(Config\Paths))
10 SYSTEMPATH\rewrite.php(44): require_once('D:\\Web-project\\health-bridge\\public\\index.php')
ERROR - 2024-11-05 17:30:36 --> mysqli_sql_exception: Can't create table `health_bridge`.`appointments` (errno: 150 "Foreign key constraint is incorrectly formed") in D:\Web-project\health-bridge\system\Database\MySQLi\Connection.php:312
Stack trace:
#0 D:\Web-project\health-bridge\system\Database\MySQLi\Connection.php(312): mysqli->query('CREATE TABLE `a...', 0)
#1 D:\Web-project\health-bridge\system\Database\BaseConnection.php(734): CodeIgniter\Database\MySQLi\Connection->execute('CREATE TABLE `a...')
#2 D:\Web-project\health-bridge\system\Database\BaseConnection.php(648): CodeIgniter\Database\BaseConnection->simpleQuery('CREATE TABLE `a...')
#3 D:\Web-project\health-bridge\system\Database\Forge.php(570): CodeIgniter\Database\BaseConnection->query('CREATE TABLE `a...')
#4 D:\Web-project\health-bridge\app\Database\Migrations\2024-11-05-090408_CreateAppointmentsTable.php(38): CodeIgniter\Database\Forge->createTable('appointments')
#5 D:\Web-project\health-bridge\system\Database\MigrationRunner.php(867): App\Database\Migrations\CreateAppointmentsTable->up()
#6 D:\Web-project\health-bridge\system\Database\MigrationRunner.php(183): CodeIgniter\Database\MigrationRunner->migrate('up', Object(stdClass))
#7 D:\Web-project\health-bridge\system\Commands\Database\Migrate.php(85): CodeIgniter\Database\MigrationRunner->latest(NULL)
#8 D:\Web-project\health-bridge\system\CLI\Commands.php(70): CodeIgniter\Commands\Database\Migrate->run(Array)
#9 D:\Web-project\health-bridge\system\CLI\Console.php(48): CodeIgniter\CLI\Commands->run('migrate', Array)
#10 D:\Web-project\health-bridge\system\Boot.php(351): CodeIgniter\CLI\Console->run()
#11 D:\Web-project\health-bridge\system\Boot.php(104): CodeIgniter\Boot::runCommand(Object(CodeIgniter\CLI\Console))
#12 D:\Web-project\health-bridge\spark(84): CodeIgniter\Boot::bootSpark(Object(Config\Paths))
#13 {main}
ERROR - 2024-11-05 19:54:57 --> mysqli_sql_exception: Table 'health_bridge.users' doesn't exist in D:\Web-project\health-bridge\system\Database\MySQLi\Connection.php:312
Stack trace:
#0 D:\Web-project\health-bridge\system\Database\MySQLi\Connection.php(312): mysqli->query('SELECT 1\nFROM `...', 0)
#1 D:\Web-project\health-bridge\system\Database\BaseConnection.php(734): CodeIgniter\Database\MySQLi\Connection->execute('SELECT 1\nFROM `...')
#2 D:\Web-project\health-bridge\system\Database\BaseConnection.php(648): CodeIgniter\Database\BaseConnection->simpleQuery('SELECT 1\nFROM `...')
#3 D:\Web-project\health-bridge\system\Database\BaseBuilder.php(1644): CodeIgniter\Database\BaseConnection->query('SELECT 1\nFROM `...', Array, false)
#4 D:\Web-project\health-bridge\system\Validation\StrictRules\Rules.php(232): CodeIgniter\Database\BaseBuilder->get()
#5 D:\Web-project\health-bridge\system\Validation\Validation.php(339): CodeIgniter\Validation\StrictRules\Rules->is_unique('omarnasmi@gmail...', 'email', Array, NULL, 'email')
#6 D:\Web-project\health-bridge\system\Validation\Validation.php(204): CodeIgniter\Validation\Validation->processRules('email', 'email', 'omarnasmi@gmail...', Array, Array, 'email')
#7 D:\Web-project\health-bridge\system\Controller.php(137): CodeIgniter\Validation\Validation->run()
#8 D:\Web-project\health-bridge\app\Controllers\Auth.php(32): CodeIgniter\Controller->validate(Array)
#9 D:\Web-project\health-bridge\system\CodeIgniter.php(933): App\Controllers\Auth->store()
#10 D:\Web-project\health-bridge\system\CodeIgniter.php(509): CodeIgniter\CodeIgniter->runController(Object(App\Controllers\Auth))
#11 D:\Web-project\health-bridge\system\CodeIgniter.php(355): CodeIgniter\CodeIgniter->handleRequest(NULL, Object(Config\Cache), false)
#12 D:\Web-project\health-bridge\system\Boot.php(325): CodeIgniter\CodeIgniter->run()
#13 D:\Web-project\health-bridge\system\Boot.php(67): CodeIgniter\Boot::runCodeIgniter(Object(CodeIgniter\CodeIgniter))
#14 D:\Web-project\health-bridge\public\index.php(56): CodeIgniter\Boot::bootWeb(Object(Config\Paths))
#15 D:\Web-project\health-bridge\system\rewrite.php(44): require_once('D:\\Web-project\\...')
#16 {main}
CRITICAL - 2024-11-05 19:54:57 --> CodeIgniter\Database\Exceptions\DatabaseException: Table 'health_bridge.users' doesn't exist
[Method: POST, Route: auth/store]
in SYSTEMPATH\Database\BaseConnection.php on line 688.
 1 SYSTEMPATH\Database\BaseBuilder.php(1644): CodeIgniter\Database\BaseConnection->query('SELECT 1
FROM `users`
WHERE `email` = :email:
 LIMIT 1', [...], false)
 2 SYSTEMPATH\Validation\StrictRules\Rules.php(232): CodeIgniter\Database\BaseBuilder->get()
 3 SYSTEMPATH\Validation\Validation.php(339): CodeIgniter\Validation\StrictRules\Rules->is_unique('omarnasmi@gmail.com', 'email', [...], null, 'email')
 4 SYSTEMPATH\Validation\Validation.php(204): CodeIgniter\Validation\Validation->processRules('email', 'email', 'omarnasmi@gmail.com', [...], [...], 'email')
 5 SYSTEMPATH\Controller.php(137): CodeIgniter\Validation\Validation->run()
 6 APPPATH\Controllers\Auth.php(32): CodeIgniter\Controller->validate([...])
 7 SYSTEMPATH\CodeIgniter.php(933): App\Controllers\Auth->store()
 8 SYSTEMPATH\CodeIgniter.php(509): CodeIgniter\CodeIgniter->runController(Object(App\Controllers\Auth))
 9 SYSTEMPATH\CodeIgniter.php(355): CodeIgniter\CodeIgniter->handleRequest(null, Object(Config\Cache), false)
10 SYSTEMPATH\Boot.php(325): CodeIgniter\CodeIgniter->run()
11 SYSTEMPATH\Boot.php(67): CodeIgniter\Boot::runCodeIgniter(Object(CodeIgniter\CodeIgniter))
12 FCPATH\index.php(56): CodeIgniter\Boot::bootWeb(Object(Config\Paths))
13 SYSTEMPATH\rewrite.php(44): require_once('D:\\Web-project\\health-bridge\\public\\index.php')
CRITICAL - 2024-11-05 19:54:57 --> [Caused by] CodeIgniter\Database\Exceptions\DatabaseException: Table 'health_bridge.users' doesn't exist
in SYSTEMPATH\Database\MySQLi\Connection.php on line 317.
 1 SYSTEMPATH\Database\BaseConnection.php(734): CodeIgniter\Database\MySQLi\Connection->execute('SELECT 1
FROM `users`
WHERE `email` = \'omarnasmi@gmail.com\'
 LIMIT 1')
 2 SYSTEMPATH\Database\BaseConnection.php(648): CodeIgniter\Database\BaseConnection->simpleQuery('SELECT 1
FROM `users`
WHERE `email` = \'omarnasmi@gmail.com\'
 LIMIT 1')
 3 SYSTEMPATH\Database\BaseBuilder.php(1644): CodeIgniter\Database\BaseConnection->query('SELECT 1
FROM `users`
WHERE `email` = :email:
 LIMIT 1', [...], false)
 4 SYSTEMPATH\Validation\StrictRules\Rules.php(232): CodeIgniter\Database\BaseBuilder->get()
 5 SYSTEMPATH\Validation\Validation.php(339): CodeIgniter\Validation\StrictRules\Rules->is_unique('omarnasmi@gmail.com', 'email', [...], null, 'email')
 6 SYSTEMPATH\Validation\Validation.php(204): CodeIgniter\Validation\Validation->processRules('email', 'email', 'omarnasmi@gmail.com', [...], [...], 'email')
 7 SYSTEMPATH\Controller.php(137): CodeIgniter\Validation\Validation->run()
 8 APPPATH\Controllers\Auth.php(32): CodeIgniter\Controller->validate([...])
 9 SYSTEMPATH\CodeIgniter.php(933): App\Controllers\Auth->store()
10 SYSTEMPATH\CodeIgniter.php(509): CodeIgniter\CodeIgniter->runController(Object(App\Controllers\Auth))
11 SYSTEMPATH\CodeIgniter.php(355): CodeIgniter\CodeIgniter->handleRequest(null, Object(Config\Cache), false)
12 SYSTEMPATH\Boot.php(325): CodeIgniter\CodeIgniter->run()
13 SYSTEMPATH\Boot.php(67): CodeIgniter\Boot::runCodeIgniter(Object(CodeIgniter\CodeIgniter))
14 FCPATH\index.php(56): CodeIgniter\Boot::bootWeb(Object(Config\Paths))
15 SYSTEMPATH\rewrite.php(44): require_once('D:\\Web-project\\health-bridge\\public\\index.php')
CRITICAL - 2024-11-05 19:54:57 --> [Caused by] mysqli_sql_exception: Table 'health_bridge.users' doesn't exist
in SYSTEMPATH\Database\MySQLi\Connection.php on line 312.
 1 SYSTEMPATH\Database\MySQLi\Connection.php(312): mysqli->query('SELECT 1
FROM `users`
WHERE `email` = \'omarnasmi@gmail.com\'
 LIMIT 1', 0)
 2 SYSTEMPATH\Database\BaseConnection.php(734): CodeIgniter\Database\MySQLi\Connection->execute('SELECT 1
FROM `users`
WHERE `email` = \'omarnasmi@gmail.com\'
 LIMIT 1')
 3 SYSTEMPATH\Database\BaseConnection.php(648): CodeIgniter\Database\BaseConnection->simpleQuery('SELECT 1
FROM `users`
WHERE `email` = \'omarnasmi@gmail.com\'
 LIMIT 1')
 4 SYSTEMPATH\Database\BaseBuilder.php(1644): CodeIgniter\Database\BaseConnection->query('SELECT 1
FROM `users`
WHERE `email` = :email:
 LIMIT 1', [...], false)
 5 SYSTEMPATH\Validation\StrictRules\Rules.php(232): CodeIgniter\Database\BaseBuilder->get()
 6 SYSTEMPATH\Validation\Validation.php(339): CodeIgniter\Validation\StrictRules\Rules->is_unique('omarnasmi@gmail.com', 'email', [...], null, 'email')
 7 SYSTEMPATH\Validation\Validation.php(204): CodeIgniter\Validation\Validation->processRules('email', 'email', 'omarnasmi@gmail.com', [...], [...], 'email')
 8 SYSTEMPATH\Controller.php(137): CodeIgniter\Validation\Validation->run()
 9 APPPATH\Controllers\Auth.php(32): CodeIgniter\Controller->validate([...])
10 SYSTEMPATH\CodeIgniter.php(933): App\Controllers\Auth->store()
11 SYSTEMPATH\CodeIgniter.php(509): CodeIgniter\CodeIgniter->runController(Object(App\Controllers\Auth))
12 SYSTEMPATH\CodeIgniter.php(355): CodeIgniter\CodeIgniter->handleRequest(null, Object(Config\Cache), false)
13 SYSTEMPATH\Boot.php(325): CodeIgniter\CodeIgniter->run()
14 SYSTEMPATH\Boot.php(67): CodeIgniter\Boot::runCodeIgniter(Object(CodeIgniter\CodeIgniter))
15 FCPATH\index.php(56): CodeIgniter\Boot::bootWeb(Object(Config\Paths))
16 SYSTEMPATH\rewrite.php(44): require_once('D:\\Web-project\\health-bridge\\public\\index.php')
ERROR - 2024-11-05 19:55:21 --> mysqli_sql_exception: Table 'health_bridge.users' doesn't exist in D:\Web-project\health-bridge\system\Database\MySQLi\Connection.php:312
Stack trace:
#0 D:\Web-project\health-bridge\system\Database\MySQLi\Connection.php(312): mysqli->query('SELECT 1\nFROM `...', 0)
#1 D:\Web-project\health-bridge\system\Database\BaseConnection.php(734): CodeIgniter\Database\MySQLi\Connection->execute('SELECT 1\nFROM `...')
#2 D:\Web-project\health-bridge\system\Database\BaseConnection.php(648): CodeIgniter\Database\BaseConnection->simpleQuery('SELECT 1\nFROM `...')
#3 D:\Web-project\health-bridge\system\Database\BaseBuilder.php(1644): CodeIgniter\Database\BaseConnection->query('SELECT 1\nFROM `...', Array, false)
#4 D:\Web-project\health-bridge\system\Validation\StrictRules\Rules.php(232): CodeIgniter\Database\BaseBuilder->get()
#5 D:\Web-project\health-bridge\system\Validation\Validation.php(339): CodeIgniter\Validation\StrictRules\Rules->is_unique('omarnasmi@gmail...', 'email', Array, NULL, 'email')
#6 D:\Web-project\health-bridge\system\Validation\Validation.php(204): CodeIgniter\Validation\Validation->processRules('email', 'email', 'omarnasmi@gmail...', Array, Array, 'email')
#7 D:\Web-project\health-bridge\system\Controller.php(137): CodeIgniter\Validation\Validation->run()
#8 D:\Web-project\health-bridge\app\Controllers\Auth.php(32): CodeIgniter\Controller->validate(Array)
#9 D:\Web-project\health-bridge\system\CodeIgniter.php(933): App\Controllers\Auth->store()
#10 D:\Web-project\health-bridge\system\CodeIgniter.php(509): CodeIgniter\CodeIgniter->runController(Object(App\Controllers\Auth))
#11 D:\Web-project\health-bridge\system\CodeIgniter.php(355): CodeIgniter\CodeIgniter->handleRequest(NULL, Object(Config\Cache), false)
#12 D:\Web-project\health-bridge\system\Boot.php(325): CodeIgniter\CodeIgniter->run()
#13 D:\Web-project\health-bridge\system\Boot.php(67): CodeIgniter\Boot::runCodeIgniter(Object(CodeIgniter\CodeIgniter))
#14 D:\Web-project\health-bridge\public\index.php(56): CodeIgniter\Boot::bootWeb(Object(Config\Paths))
#15 D:\Web-project\health-bridge\system\rewrite.php(44): require_once('D:\\Web-project\\...')
#16 {main}
CRITICAL - 2024-11-05 19:55:21 --> CodeIgniter\Database\Exceptions\DatabaseException: Table 'health_bridge.users' doesn't exist
[Method: POST, Route: auth/store]
in SYSTEMPATH\Database\BaseConnection.php on line 688.
 1 SYSTEMPATH\Database\BaseBuilder.php(1644): CodeIgniter\Database\BaseConnection->query('SELECT 1
FROM `users`
WHERE `email` = :email:
 LIMIT 1', [...], false)
 2 SYSTEMPATH\Validation\StrictRules\Rules.php(232): CodeIgniter\Database\BaseBuilder->get()
 3 SYSTEMPATH\Validation\Validation.php(339): CodeIgniter\Validation\StrictRules\Rules->is_unique('omarnasmi@gmail.com', 'email', [...], null, 'email')
 4 SYSTEMPATH\Validation\Validation.php(204): CodeIgniter\Validation\Validation->processRules('email', 'email', 'omarnasmi@gmail.com', [...], [...], 'email')
 5 SYSTEMPATH\Controller.php(137): CodeIgniter\Validation\Validation->run()
 6 APPPATH\Controllers\Auth.php(32): CodeIgniter\Controller->validate([...])
 7 SYSTEMPATH\CodeIgniter.php(933): App\Controllers\Auth->store()
 8 SYSTEMPATH\CodeIgniter.php(509): CodeIgniter\CodeIgniter->runController(Object(App\Controllers\Auth))
 9 SYSTEMPATH\CodeIgniter.php(355): CodeIgniter\CodeIgniter->handleRequest(null, Object(Config\Cache), false)
10 SYSTEMPATH\Boot.php(325): CodeIgniter\CodeIgniter->run()
11 SYSTEMPATH\Boot.php(67): CodeIgniter\Boot::runCodeIgniter(Object(CodeIgniter\CodeIgniter))
12 FCPATH\index.php(56): CodeIgniter\Boot::bootWeb(Object(Config\Paths))
13 SYSTEMPATH\rewrite.php(44): require_once('D:\\Web-project\\health-bridge\\public\\index.php')
CRITICAL - 2024-11-05 19:55:21 --> [Caused by] CodeIgniter\Database\Exceptions\DatabaseException: Table 'health_bridge.users' doesn't exist
in SYSTEMPATH\Database\MySQLi\Connection.php on line 317.
 1 SYSTEMPATH\Database\BaseConnection.php(734): CodeIgniter\Database\MySQLi\Connection->execute('SELECT 1
FROM `users`
WHERE `email` = \'omarnasmi@gmail.com\'
 LIMIT 1')
 2 SYSTEMPATH\Database\BaseConnection.php(648): CodeIgniter\Database\BaseConnection->simpleQuery('SELECT 1
FROM `users`
WHERE `email` = \'omarnasmi@gmail.com\'
 LIMIT 1')
 3 SYSTEMPATH\Database\BaseBuilder.php(1644): CodeIgniter\Database\BaseConnection->query('SELECT 1
FROM `users`
WHERE `email` = :email:
 LIMIT 1', [...], false)
 4 SYSTEMPATH\Validation\StrictRules\Rules.php(232): CodeIgniter\Database\BaseBuilder->get()
 5 SYSTEMPATH\Validation\Validation.php(339): CodeIgniter\Validation\StrictRules\Rules->is_unique('omarnasmi@gmail.com', 'email', [...], null, 'email')
 6 SYSTEMPATH\Validation\Validation.php(204): CodeIgniter\Validation\Validation->processRules('email', 'email', 'omarnasmi@gmail.com', [...], [...], 'email')
 7 SYSTEMPATH\Controller.php(137): CodeIgniter\Validation\Validation->run()
 8 APPPATH\Controllers\Auth.php(32): CodeIgniter\Controller->validate([...])
 9 SYSTEMPATH\CodeIgniter.php(933): App\Controllers\Auth->store()
10 SYSTEMPATH\CodeIgniter.php(509): CodeIgniter\CodeIgniter->runController(Object(App\Controllers\Auth))
11 SYSTEMPATH\CodeIgniter.php(355): CodeIgniter\CodeIgniter->handleRequest(null, Object(Config\Cache), false)
12 SYSTEMPATH\Boot.php(325): CodeIgniter\CodeIgniter->run()
13 SYSTEMPATH\Boot.php(67): CodeIgniter\Boot::runCodeIgniter(Object(CodeIgniter\CodeIgniter))
14 FCPATH\index.php(56): CodeIgniter\Boot::bootWeb(Object(Config\Paths))
15 SYSTEMPATH\rewrite.php(44): require_once('D:\\Web-project\\health-bridge\\public\\index.php')
CRITICAL - 2024-11-05 19:55:21 --> [Caused by] mysqli_sql_exception: Table 'health_bridge.users' doesn't exist
in SYSTEMPATH\Database\MySQLi\Connection.php on line 312.
 1 SYSTEMPATH\Database\MySQLi\Connection.php(312): mysqli->query('SELECT 1
FROM `users`
WHERE `email` = \'omarnasmi@gmail.com\'
 LIMIT 1', 0)
 2 SYSTEMPATH\Database\BaseConnection.php(734): CodeIgniter\Database\MySQLi\Connection->execute('SELECT 1
FROM `users`
WHERE `email` = \'omarnasmi@gmail.com\'
 LIMIT 1')
 3 SYSTEMPATH\Database\BaseConnection.php(648): CodeIgniter\Database\BaseConnection->simpleQuery('SELECT 1
FROM `users`
WHERE `email` = \'omarnasmi@gmail.com\'
 LIMIT 1')
 4 SYSTEMPATH\Database\BaseBuilder.php(1644): CodeIgniter\Database\BaseConnection->query('SELECT 1
FROM `users`
WHERE `email` = :email:
 LIMIT 1', [...], false)
 5 SYSTEMPATH\Validation\StrictRules\Rules.php(232): CodeIgniter\Database\BaseBuilder->get()
 6 SYSTEMPATH\Validation\Validation.php(339): CodeIgniter\Validation\StrictRules\Rules->is_unique('omarnasmi@gmail.com', 'email', [...], null, 'email')
 7 SYSTEMPATH\Validation\Validation.php(204): CodeIgniter\Validation\Validation->processRules('email', 'email', 'omarnasmi@gmail.com', [...], [...], 'email')
 8 SYSTEMPATH\Controller.php(137): CodeIgniter\Validation\Validation->run()
 9 APPPATH\Controllers\Auth.php(32): CodeIgniter\Controller->validate([...])
10 SYSTEMPATH\CodeIgniter.php(933): App\Controllers\Auth->store()
11 SYSTEMPATH\CodeIgniter.php(509): CodeIgniter\CodeIgniter->runController(Object(App\Controllers\Auth))
12 SYSTEMPATH\CodeIgniter.php(355): CodeIgniter\CodeIgniter->handleRequest(null, Object(Config\Cache), false)
13 SYSTEMPATH\Boot.php(325): CodeIgniter\CodeIgniter->run()
14 SYSTEMPATH\Boot.php(67): CodeIgniter\Boot::runCodeIgniter(Object(CodeIgniter\CodeIgniter))
15 FCPATH\index.php(56): CodeIgniter\Boot::bootWeb(Object(Config\Paths))
16 SYSTEMPATH\rewrite.php(44): require_once('D:\\Web-project\\health-bridge\\public\\index.php')
ERROR - 2024-11-05 20:01:59 --> Error connecting to the database: mysqli_sql_exception: No connection could be made because the target machine actively refused it in D:\Web-project\health-bridge\system\Database\MySQLi\Connection.php:187
Stack trace:
#0 D:\Web-project\health-bridge\system\Database\MySQLi\Connection.php(187): mysqli->real_connect('localhost', 'root', '', 'health_bridge', 3306, '', 0)
#1 D:\Web-project\health-bridge\system\Database\BaseConnection.php(421): CodeIgniter\Database\MySQLi\Connection->connect(false)
#2 D:\Web-project\health-bridge\system\Database\BaseConnection.php(616): CodeIgniter\Database\BaseConnection->initialize()
#3 D:\Web-project\health-bridge\system\Database\BaseConnection.php(1485): CodeIgniter\Database\BaseConnection->query('SHOW TABLES FRO...')
#4 D:\Web-project\health-bridge\system\Database\BaseConnection.php(1505): CodeIgniter\Database\BaseConnection->listTables()
#5 D:\Web-project\health-bridge\system\Database\MigrationRunner.php(759): CodeIgniter\Database\BaseConnection->tableExists('migrations')
#6 D:\Web-project\health-bridge\system\Database\MigrationRunner.php(163): CodeIgniter\Database\MigrationRunner->ensureTable()
#7 D:\Web-project\health-bridge\system\Commands\Database\Migrate.php(85): CodeIgniter\Database\MigrationRunner->latest(NULL)
#8 D:\Web-project\health-bridge\system\CLI\Commands.php(70): CodeIgniter\Commands\Database\Migrate->run(Array)
#9 D:\Web-project\health-bridge\system\CLI\Console.php(48): CodeIgniter\CLI\Commands->run('migrate', Array)
#10 D:\Web-project\health-bridge\system\Boot.php(351): CodeIgniter\CLI\Console->run()
#11 D:\Web-project\health-bridge\system\Boot.php(104): CodeIgniter\Boot::runCommand(Object(CodeIgniter\CLI\Console))
#12 D:\Web-project\health-bridge\spark(84): CodeIgniter\Boot::bootSpark(Object(Config\Paths))
#13 {main}

Next CodeIgniter\Database\Exceptions\DatabaseException: No connection could be made because the target machine actively refused it in D:\Web-project\health-bridge\system\Database\MySQLi\Connection.php:231
Stack trace:
#0 D:\Web-project\health-bridge\system\Database\BaseConnection.php(421): CodeIgniter\Database\MySQLi\Connection->connect(false)
#1 D:\Web-project\health-bridge\system\Database\BaseConnection.php(616): CodeIgniter\Database\BaseConnection->initialize()
#2 D:\Web-project\health-bridge\system\Database\BaseConnection.php(1485): CodeIgniter\Database\BaseConnection->query('SHOW TABLES FRO...')
#3 D:\Web-project\health-bridge\system\Database\BaseConnection.php(1505): CodeIgniter\Database\BaseConnection->listTables()
#4 D:\Web-project\health-bridge\system\Database\MigrationRunner.php(759): CodeIgniter\Database\BaseConnection->tableExists('migrations')
#5 D:\Web-project\health-bridge\system\Database\MigrationRunner.php(163): CodeIgniter\Database\MigrationRunner->ensureTable()
#6 D:\Web-project\health-bridge\system\Commands\Database\Migrate.php(85): CodeIgniter\Database\MigrationRunner->latest(NULL)
#7 D:\Web-project\health-bridge\system\CLI\Commands.php(70): CodeIgniter\Commands\Database\Migrate->run(Array)
#8 D:\Web-project\health-bridge\system\CLI\Console.php(48): CodeIgniter\CLI\Commands->run('migrate', Array)
#9 D:\Web-project\health-bridge\system\Boot.php(351): CodeIgniter\CLI\Console->run()
#10 D:\Web-project\health-bridge\system\Boot.php(104): CodeIgniter\Boot::runCommand(Object(CodeIgniter\CLI\Console))
#11 D:\Web-project\health-bridge\spark(84): CodeIgniter\Boot::bootSpark(Object(Config\Paths))
#12 {main}
