CRITICAL - 2024-11-21 07:33:15 --> CodeIgniter\Validation\Exceptions\ValidationException: "valid_time" is not a valid rule.
[Method: POST, Route: book-appointment]
in SYSTEMPATH\Validation\Validation.php on line 348.
 1 SYSTEMPATH\Validation\Validation.php(348): CodeIgniter\Validation\Exceptions\ValidationException::forRuleNotFound('valid_time')
 2 SYSTEMPATH\Validation\Validation.php(204): CodeIgniter\Validation\Validation->processRules('time_slot', 'time_slot', '10:00', [...], [...], 'time_slot')
 3 SYSTEMPATH\Controller.php(137): CodeIgniter\Validation\Validation->run()
 4 APPPATH\Controllers\AppointmentController.php(55): CodeIgniter\Controller->validate([...])
 5 SYSTEMPATH\CodeIgniter.php(933): App\Controllers\AppointmentController->book()
 6 SYSTEMPATH\CodeIgniter.php(509): CodeIgniter\CodeIgniter->runController(Object(App\Controllers\AppointmentController))
 7 SYSTEMPATH\CodeIgniter.php(355): CodeIgniter\CodeIgniter->handleRequest(null, Object(Config\Cache), false)
 8 SYSTEMPATH\Boot.php(325): CodeIgniter\CodeIgniter->run()
 9 SYSTEMPATH\Boot.php(67): CodeIgniter\Boot::runCodeIgniter(Object(CodeIgniter\CodeIgniter))
10 FCPATH\index.php(56): CodeIgniter\Boot::bootWeb(Object(Config\Paths))
11 SYSTEMPATH\rewrite.php(44): require_once('D:\\Web-project\\health-bridge\\public\\index.php')
ERROR - 2024-11-21 10:28:33 --> Error connecting to the database: mysqli_sql_exception: No connection could be made because the target machine actively refused it in D:\Web-project\health-bridge\system\Database\MySQLi\Connection.php:187
Stack trace:
#0 D:\Web-project\health-bridge\system\Database\MySQLi\Connection.php(187): mysqli->real_connect('localhost', 'root', '', 'health_bridge', 3306, '', 0)
#1 D:\Web-project\health-bridge\system\Database\BaseConnection.php(421): CodeIgniter\Database\MySQLi\Connection->connect(false)
#2 D:\Web-project\health-bridge\system\Database\BaseConnection.php(616): CodeIgniter\Database\BaseConnection->initialize()
#3 D:\Web-project\health-bridge\system\Database\BaseBuilder.php(1644): CodeIgniter\Database\BaseConnection->query('SELECT *\nFROM `...', Array, false)
#4 D:\Web-project\health-bridge\system\Model.php(330): CodeIgniter\Database\BaseBuilder->get()
#5 D:\Web-project\health-bridge\system\BaseModel.php(714): CodeIgniter\Model->doFirst()
#6 D:\Web-project\health-bridge\app\Controllers\Auth.php(90): CodeIgniter\BaseModel->first()
#7 D:\Web-project\health-bridge\system\CodeIgniter.php(933): App\Controllers\Auth->authenticate()
#8 D:\Web-project\health-bridge\system\CodeIgniter.php(509): CodeIgniter\CodeIgniter->runController(Object(App\Controllers\Auth))
#9 D:\Web-project\health-bridge\system\CodeIgniter.php(355): CodeIgniter\CodeIgniter->handleRequest(NULL, Object(Config\Cache), false)
#10 D:\Web-project\health-bridge\system\Boot.php(325): CodeIgniter\CodeIgniter->run()
#11 D:\Web-project\health-bridge\system\Boot.php(67): CodeIgniter\Boot::runCodeIgniter(Object(CodeIgniter\CodeIgniter))
#12 D:\Web-project\health-bridge\public\index.php(56): CodeIgniter\Boot::bootWeb(Object(Config\Paths))
#13 D:\Web-project\health-bridge\system\rewrite.php(44): require_once('D:\\Web-project\\...')
#14 {main}

Next CodeIgniter\Database\Exceptions\DatabaseException: No connection could be made because the target machine actively refused it in D:\Web-project\health-bridge\system\Database\MySQLi\Connection.php:231
Stack trace:
#0 D:\Web-project\health-bridge\system\Database\BaseConnection.php(421): CodeIgniter\Database\MySQLi\Connection->connect(false)
#1 D:\Web-project\health-bridge\system\Database\BaseConnection.php(616): CodeIgniter\Database\BaseConnection->initialize()
#2 D:\Web-project\health-bridge\system\Database\BaseBuilder.php(1644): CodeIgniter\Database\BaseConnection->query('SELECT *\nFROM `...', Array, false)
#3 D:\Web-project\health-bridge\system\Model.php(330): CodeIgniter\Database\BaseBuilder->get()
#4 D:\Web-project\health-bridge\system\BaseModel.php(714): CodeIgniter\Model->doFirst()
#5 D:\Web-project\health-bridge\app\Controllers\Auth.php(90): CodeIgniter\BaseModel->first()
#6 D:\Web-project\health-bridge\system\CodeIgniter.php(933): App\Controllers\Auth->authenticate()
#7 D:\Web-project\health-bridge\system\CodeIgniter.php(509): CodeIgniter\CodeIgniter->runController(Object(App\Controllers\Auth))
#8 D:\Web-project\health-bridge\system\CodeIgniter.php(355): CodeIgniter\CodeIgniter->handleRequest(NULL, Object(Config\Cache), false)
#9 D:\Web-project\health-bridge\system\Boot.php(325): CodeIgniter\CodeIgniter->run()
#10 D:\Web-project\health-bridge\system\Boot.php(67): CodeIgniter\Boot::runCodeIgniter(Object(CodeIgniter\CodeIgniter))
#11 D:\Web-project\health-bridge\public\index.php(56): CodeIgniter\Boot::bootWeb(Object(Config\Paths))
#12 D:\Web-project\health-bridge\system\rewrite.php(44): require_once('D:\\Web-project\\...')
#13 {main}
CRITICAL - 2024-11-21 10:28:33 --> CodeIgniter\Database\Exceptions\DatabaseException: Unable to connect to the database.
Main connection [MySQLi]: No connection could be made because the target machine actively refused it
[Method: POST, Route: authenticate]
in SYSTEMPATH\Database\BaseConnection.php on line 467.
 1 SYSTEMPATH\Database\BaseConnection.php(616): CodeIgniter\Database\BaseConnection->initialize()
 2 SYSTEMPATH\Database\BaseBuilder.php(1644): CodeIgniter\Database\BaseConnection->query('SELECT *
FROM `users`
WHERE `email` = :email:
 LIMIT 1', [...], false)
 3 SYSTEMPATH\Model.php(330): CodeIgniter\Database\BaseBuilder->get()
 4 SYSTEMPATH\BaseModel.php(714): CodeIgniter\Model->doFirst()
 5 APPPATH\Controllers\Auth.php(90): CodeIgniter\BaseModel->first()
 6 SYSTEMPATH\CodeIgniter.php(933): App\Controllers\Auth->authenticate()
 7 SYSTEMPATH\CodeIgniter.php(509): CodeIgniter\CodeIgniter->runController(Object(App\Controllers\Auth))
 8 SYSTEMPATH\CodeIgniter.php(355): CodeIgniter\CodeIgniter->handleRequest(null, Object(Config\Cache), false)
 9 SYSTEMPATH\Boot.php(325): CodeIgniter\CodeIgniter->run()
10 SYSTEMPATH\Boot.php(67): CodeIgniter\Boot::runCodeIgniter(Object(CodeIgniter\CodeIgniter))
11 FCPATH\index.php(56): CodeIgniter\Boot::bootWeb(Object(Config\Paths))
12 SYSTEMPATH\rewrite.php(44): require_once('D:\\Web-project\\health-bridge\\public\\index.php')
ERROR - 2024-11-21 10:28:49 --> Error connecting to the database: mysqli_sql_exception: No connection could be made because the target machine actively refused it in D:\Web-project\health-bridge\system\Database\MySQLi\Connection.php:187
Stack trace:
#0 D:\Web-project\health-bridge\system\Database\MySQLi\Connection.php(187): mysqli->real_connect('localhost', 'root', '', 'health_bridge', 3306, '', 0)
#1 D:\Web-project\health-bridge\system\Database\BaseConnection.php(421): CodeIgniter\Database\MySQLi\Connection->connect(false)
#2 D:\Web-project\health-bridge\system\Database\BaseConnection.php(616): CodeIgniter\Database\BaseConnection->initialize()
#3 D:\Web-project\health-bridge\system\Database\BaseBuilder.php(1644): CodeIgniter\Database\BaseConnection->query('SELECT *\nFROM `...', Array, false)
#4 D:\Web-project\health-bridge\system\Model.php(330): CodeIgniter\Database\BaseBuilder->get()
#5 D:\Web-project\health-bridge\system\BaseModel.php(714): CodeIgniter\Model->doFirst()
#6 D:\Web-project\health-bridge\app\Controllers\Auth.php(90): CodeIgniter\BaseModel->first()
#7 D:\Web-project\health-bridge\system\CodeIgniter.php(933): App\Controllers\Auth->authenticate()
#8 D:\Web-project\health-bridge\system\CodeIgniter.php(509): CodeIgniter\CodeIgniter->runController(Object(App\Controllers\Auth))
#9 D:\Web-project\health-bridge\system\CodeIgniter.php(355): CodeIgniter\CodeIgniter->handleRequest(NULL, Object(Config\Cache), false)
#10 D:\Web-project\health-bridge\system\Boot.php(325): CodeIgniter\CodeIgniter->run()
#11 D:\Web-project\health-bridge\system\Boot.php(67): CodeIgniter\Boot::runCodeIgniter(Object(CodeIgniter\CodeIgniter))
#12 D:\Web-project\health-bridge\public\index.php(56): CodeIgniter\Boot::bootWeb(Object(Config\Paths))
#13 D:\Web-project\health-bridge\system\rewrite.php(44): require_once('D:\\Web-project\\...')
#14 {main}

Next CodeIgniter\Database\Exceptions\DatabaseException: No connection could be made because the target machine actively refused it in D:\Web-project\health-bridge\system\Database\MySQLi\Connection.php:231
Stack trace:
#0 D:\Web-project\health-bridge\system\Database\BaseConnection.php(421): CodeIgniter\Database\MySQLi\Connection->connect(false)
#1 D:\Web-project\health-bridge\system\Database\BaseConnection.php(616): CodeIgniter\Database\BaseConnection->initialize()
#2 D:\Web-project\health-bridge\system\Database\BaseBuilder.php(1644): CodeIgniter\Database\BaseConnection->query('SELECT *\nFROM `...', Array, false)
#3 D:\Web-project\health-bridge\system\Model.php(330): CodeIgniter\Database\BaseBuilder->get()
#4 D:\Web-project\health-bridge\system\BaseModel.php(714): CodeIgniter\Model->doFirst()
#5 D:\Web-project\health-bridge\app\Controllers\Auth.php(90): CodeIgniter\BaseModel->first()
#6 D:\Web-project\health-bridge\system\CodeIgniter.php(933): App\Controllers\Auth->authenticate()
#7 D:\Web-project\health-bridge\system\CodeIgniter.php(509): CodeIgniter\CodeIgniter->runController(Object(App\Controllers\Auth))
#8 D:\Web-project\health-bridge\system\CodeIgniter.php(355): CodeIgniter\CodeIgniter->handleRequest(NULL, Object(Config\Cache), false)
#9 D:\Web-project\health-bridge\system\Boot.php(325): CodeIgniter\CodeIgniter->run()
#10 D:\Web-project\health-bridge\system\Boot.php(67): CodeIgniter\Boot::runCodeIgniter(Object(CodeIgniter\CodeIgniter))
#11 D:\Web-project\health-bridge\public\index.php(56): CodeIgniter\Boot::bootWeb(Object(Config\Paths))
#12 D:\Web-project\health-bridge\system\rewrite.php(44): require_once('D:\\Web-project\\...')
#13 {main}
CRITICAL - 2024-11-21 10:28:49 --> CodeIgniter\Database\Exceptions\DatabaseException: Unable to connect to the database.
Main connection [MySQLi]: No connection could be made because the target machine actively refused it
[Method: POST, Route: authenticate]
in SYSTEMPATH\Database\BaseConnection.php on line 467.
 1 SYSTEMPATH\Database\BaseConnection.php(616): CodeIgniter\Database\BaseConnection->initialize()
 2 SYSTEMPATH\Database\BaseBuilder.php(1644): CodeIgniter\Database\BaseConnection->query('SELECT *
FROM `users`
WHERE `email` = :email:
 LIMIT 1', [...], false)
 3 SYSTEMPATH\Model.php(330): CodeIgniter\Database\BaseBuilder->get()
 4 SYSTEMPATH\BaseModel.php(714): CodeIgniter\Model->doFirst()
 5 APPPATH\Controllers\Auth.php(90): CodeIgniter\BaseModel->first()
 6 SYSTEMPATH\CodeIgniter.php(933): App\Controllers\Auth->authenticate()
 7 SYSTEMPATH\CodeIgniter.php(509): CodeIgniter\CodeIgniter->runController(Object(App\Controllers\Auth))
 8 SYSTEMPATH\CodeIgniter.php(355): CodeIgniter\CodeIgniter->handleRequest(null, Object(Config\Cache), false)
 9 SYSTEMPATH\Boot.php(325): CodeIgniter\CodeIgniter->run()
10 SYSTEMPATH\Boot.php(67): CodeIgniter\Boot::runCodeIgniter(Object(CodeIgniter\CodeIgniter))
11 FCPATH\index.php(56): CodeIgniter\Boot::bootWeb(Object(Config\Paths))
12 SYSTEMPATH\rewrite.php(44): require_once('D:\\Web-project\\health-bridge\\public\\index.php')
CRITICAL - 2024-11-21 10:29:29 --> CodeIgniter\Validation\Exceptions\ValidationException: "valid_time" is not a valid rule.
[Method: POST, Route: book-appointment]
in SYSTEMPATH\Validation\Validation.php on line 348.
 1 SYSTEMPATH\Validation\Validation.php(348): CodeIgniter\Validation\Exceptions\ValidationException::forRuleNotFound('valid_time')
 2 SYSTEMPATH\Validation\Validation.php(204): CodeIgniter\Validation\Validation->processRules('time_slot', 'time_slot', '15:00', [...], [...], 'time_slot')
 3 SYSTEMPATH\Controller.php(137): CodeIgniter\Validation\Validation->run()
 4 APPPATH\Controllers\AppointmentController.php(55): CodeIgniter\Controller->validate([...])
 5 SYSTEMPATH\CodeIgniter.php(933): App\Controllers\AppointmentController->book()
 6 SYSTEMPATH\CodeIgniter.php(509): CodeIgniter\CodeIgniter->runController(Object(App\Controllers\AppointmentController))
 7 SYSTEMPATH\CodeIgniter.php(355): CodeIgniter\CodeIgniter->handleRequest(null, Object(Config\Cache), false)
 8 SYSTEMPATH\Boot.php(325): CodeIgniter\CodeIgniter->run()
 9 SYSTEMPATH\Boot.php(67): CodeIgniter\Boot::runCodeIgniter(Object(CodeIgniter\CodeIgniter))
10 FCPATH\index.php(56): CodeIgniter\Boot::bootWeb(Object(Config\Paths))
11 SYSTEMPATH\rewrite.php(44): require_once('D:\\Web-project\\health-bridge\\public\\index.php')
